----------------------------------------------------------------
        Layer (type)               Output Shape         Param #
================================================================
            Conv3d-1        [-1, 8, 18, 56, 56]           1,952
            Conv3d-2       [-1, 16, 16, 22, 22]          18,832
            Conv3d-3          [-1, 32, 4, 6, 6]          92,192
            Conv3d-4          [-1, 64, 2, 2, 2]         153,664
            Linear-5                   [-1, 16]           8,208
            Linear-6                   [-1, 16]           8,208
            Conv3d-7       [-1, 16, 20, 64, 64]           8,224
            Conv3d-8       [-1, 16, 20, 64, 64]           6,928
            Conv3d-9       [-1, 16, 20, 64, 64]           6,928
           Conv3d-10       [-1, 16, 20, 64, 64]           6,928
           Conv3d-11        [-1, 1, 20, 64, 64]              17
================================================================
Total params: 312,081
Trainable params: 312,081
Non-trainable params: 0
----------------------------------------------------------------
Input size (MB): 0.31
Forward/backward pass size (MB): 45.05
Params size (MB): 1.19
Estimated Total Size (MB): 46.56
----------------------------------------------------------------
Train Epoch: 1 [0/9500 (0%)]	Loss: 3467.728760	GenLoss: 3457.132568
Train Epoch: 1 [1280/9500 (13%)]	Loss: 3416.709961	GenLoss: 3407.572021
Train Epoch: 1 [2560/9500 (27%)]	Loss: 3605.367432	GenLoss: 3597.395264
Train Epoch: 1 [3840/9500 (40%)]	Loss: 3534.483643	GenLoss: 3527.450439
Train Epoch: 1 [5120/9500 (53%)]	Loss: 3553.679932	GenLoss: 3547.867432
Train Epoch: 1 [6400/9500 (67%)]	Loss: 3506.749268	GenLoss: 3501.808594
Train Epoch: 1 [7680/9500 (80%)]	Loss: 3554.670898	GenLoss: 3550.480957
Train Epoch: 1 [8960/9500 (93%)]	Loss: 3392.633789	GenLoss: 3389.090332
====> Epoch: 1 Average loss: 3496.5522
====> Test set loss: 3535.2884
====> Generation loss: 3531.9429
Train Epoch: 2 [0/9500 (0%)]	Loss: 3551.988525	GenLoss: 3548.726074
Train Epoch: 2 [1280/9500 (13%)]	Loss: 3608.030273	GenLoss: 3605.266846
Train Epoch: 2 [2560/9500 (27%)]	Loss: 3592.908936	GenLoss: 3590.555664
Train Epoch: 2 [3840/9500 (40%)]	Loss: 3369.917480	GenLoss: 3368.042969
Train Epoch: 2 [5120/9500 (53%)]	Loss: 3338.050049	GenLoss: 3336.208740
Train Epoch: 2 [6400/9500 (67%)]	Loss: 3435.978516	GenLoss: 3434.622559
Train Epoch: 2 [7680/9500 (80%)]	Loss: 3539.598389	GenLoss: 3538.460938
Train Epoch: 2 [8960/9500 (93%)]	Loss: 3476.867920	GenLoss: 3475.916260
====> Epoch: 2 Average loss: 3492.5690
====> Test set loss: 3532.6454
====> Generation loss: 3531.7549
Train Epoch: 3 [0/9500 (0%)]	Loss: 3440.139648	GenLoss: 3439.270020
Train Epoch: 3 [1280/9500 (13%)]	Loss: 3346.104980	GenLoss: 3345.379639
Train Epoch: 3 [2560/9500 (27%)]	Loss: 3556.157471	GenLoss: 3555.424072
Train Epoch: 3 [3840/9500 (40%)]	Loss: 3459.541504	GenLoss: 3459.076416
Train Epoch: 3 [5120/9500 (53%)]	Loss: 3483.368896	GenLoss: 3482.899170
Train Epoch: 3 [6400/9500 (67%)]	Loss: 3473.490967	GenLoss: 3473.030273
Train Epoch: 3 [7680/9500 (80%)]	Loss: 3594.292480	GenLoss: 3593.899414
Train Epoch: 3 [8960/9500 (93%)]	Loss: 3429.941895	GenLoss: 3429.583740
====> Epoch: 3 Average loss: 3491.4322
====> Test set loss: 3532.0789
====> Generation loss: 3531.7444
Train Epoch: 4 [0/9500 (0%)]	Loss: 3368.268555	GenLoss: 3367.929199
Train Epoch: 4 [1280/9500 (13%)]	Loss: 3609.580811	GenLoss: 3609.201904
Train Epoch: 4 [2560/9500 (27%)]	Loss: 3540.731445	GenLoss: 3540.519287
Train Epoch: 4 [3840/9500 (40%)]	Loss: 3601.151855	GenLoss: 3598.883057
Train Epoch: 4 [5120/9500 (53%)]	Loss: 3605.939697	GenLoss: 3474.849365
Train Epoch: 4 [6400/9500 (67%)]	Loss: nan	GenLoss: nan
Train Epoch: 4 [7680/9500 (80%)]	Loss: nan	GenLoss: nan
Train Epoch: 4 [8960/9500 (93%)]	Loss: nan	GenLoss: nan
====> Epoch: 4 Average loss: nan
====> Test set loss: nan
====> Generation loss: nan
Train Epoch: 5 [0/9500 (0%)]	Loss: nan	GenLoss: nan
Train Epoch: 5 [1280/9500 (13%)]	Loss: nan	GenLoss: nan
Train Epoch: 5 [2560/9500 (27%)]	Loss: nan	GenLoss: nan
Train Epoch: 5 [3840/9500 (40%)]	Loss: nan	GenLoss: nan
Train Epoch: 5 [5120/9500 (53%)]	Loss: nan	GenLoss: nan
Train Epoch: 5 [6400/9500 (67%)]	Loss: nan	GenLoss: nan
Train Epoch: 5 [7680/9500 (80%)]	Loss: nan	GenLoss: nan
Train Epoch: 5 [8960/9500 (93%)]	Loss: nan	GenLoss: nan
====> Epoch: 5 Average loss: nan
====> Test set loss: nan
====> Generation loss: nan
Train Epoch: 6 [0/9500 (0%)]	Loss: nan	GenLoss: nan
Train Epoch: 6 [1280/9500 (13%)]	Loss: nan	GenLoss: nan
Train Epoch: 6 [2560/9500 (27%)]	Loss: nan	GenLoss: nan
Train Epoch: 6 [3840/9500 (40%)]	Loss: nan	GenLoss: nan
Train Epoch: 6 [5120/9500 (53%)]	Loss: nan	GenLoss: nan
Train Epoch: 6 [6400/9500 (67%)]	Loss: nan	GenLoss: nan
Train Epoch: 6 [7680/9500 (80%)]	Loss: nan	GenLoss: nan
Train Epoch: 6 [8960/9500 (93%)]	Loss: nan	GenLoss: nan
====> Epoch: 6 Average loss: nan
====> Test set loss: nan
====> Generation loss: nan
Train Epoch: 7 [0/9500 (0%)]	Loss: nan	GenLoss: nan
Train Epoch: 7 [1280/9500 (13%)]	Loss: nan	GenLoss: nan
Train Epoch: 7 [2560/9500 (27%)]	Loss: nan	GenLoss: nan
Train Epoch: 7 [3840/9500 (40%)]	Loss: nan	GenLoss: nan
Train Epoch: 7 [5120/9500 (53%)]	Loss: nan	GenLoss: nan
Train Epoch: 7 [6400/9500 (67%)]	Loss: nan	GenLoss: nan
Train Epoch: 7 [7680/9500 (80%)]	Loss: nan	GenLoss: nan
Train Epoch: 7 [8960/9500 (93%)]	Loss: nan	GenLoss: nan
====> Epoch: 7 Average loss: nan
====> Test set loss: nan
====> Generation loss: nan
--- 692.8892667293549 seconds ---
