----------------------------------------------------------------
        Layer (type)               Output Shape         Param #
================================================================
            Conv3d-1        [-1, 8, 18, 56, 56]           1,952
            Conv3d-2       [-1, 16, 16, 22, 22]          18,832
            Conv3d-3          [-1, 32, 4, 6, 6]          92,192
            Conv3d-4          [-1, 64, 2, 2, 2]         153,664
            Linear-5                   [-1, 16]           8,208
            Linear-6                   [-1, 16]           8,208
            Conv3d-7       [-1, 16, 20, 64, 64]           8,224
            Conv3d-8       [-1, 16, 20, 64, 64]           6,928
            Conv3d-9       [-1, 16, 20, 64, 64]           6,928
           Conv3d-10       [-1, 16, 20, 64, 64]           6,928
           Conv3d-11        [-1, 1, 20, 64, 64]              17
================================================================
Total params: 312,081
Trainable params: 312,081
Non-trainable params: 0
----------------------------------------------------------------
Input size (MB): 0.31
Forward/backward pass size (MB): 45.05
Params size (MB): 1.19
Estimated Total Size (MB): 46.56
----------------------------------------------------------------
====> Test set loss: 2504.2410
====> Generation loss: 2501.4545
--- 6.205799341201782 seconds ---
----------------------------------------------------------------
        Layer (type)               Output Shape         Param #
================================================================
            Conv3d-1        [-1, 8, 18, 56, 56]           1,952
            Conv3d-2       [-1, 16, 16, 22, 22]          18,832
            Conv3d-3          [-1, 32, 4, 6, 6]          92,192
            Conv3d-4          [-1, 64, 2, 2, 2]         153,664
            Linear-5                   [-1, 16]           8,208
            Linear-6                   [-1, 16]           8,208
            Conv3d-7       [-1, 16, 20, 64, 64]           8,224
            Conv3d-8       [-1, 16, 20, 64, 64]           6,928
            Conv3d-9       [-1, 16, 20, 64, 64]           6,928
           Conv3d-10       [-1, 16, 20, 64, 64]           6,928
           Conv3d-11        [-1, 1, 20, 64, 64]              17
================================================================
Total params: 312,081
Trainable params: 312,081
Non-trainable params: 0
----------------------------------------------------------------
Input size (MB): 0.31
Forward/backward pass size (MB): 45.05
Params size (MB): 1.19
Estimated Total Size (MB): 46.56
----------------------------------------------------------------
====> Test set loss: 2651.7096
====> Generation loss: 2649.6359
--- 5.6654052734375 seconds ---
----------------------------------------------------------------
        Layer (type)               Output Shape         Param #
================================================================
            Conv3d-1        [-1, 8, 18, 56, 56]           1,952
            Conv3d-2       [-1, 16, 16, 22, 22]          18,832
            Conv3d-3          [-1, 32, 4, 6, 6]          92,192
            Conv3d-4          [-1, 64, 2, 2, 2]         153,664
            Linear-5                   [-1, 16]           8,208
            Linear-6                   [-1, 16]           8,208
            Conv3d-7       [-1, 16, 20, 64, 64]           8,224
            Conv3d-8       [-1, 16, 20, 64, 64]           6,928
            Conv3d-9       [-1, 16, 20, 64, 64]           6,928
           Conv3d-10       [-1, 16, 20, 64, 64]           6,928
           Conv3d-11        [-1, 1, 20, 64, 64]              17
================================================================
Total params: 312,081
Trainable params: 312,081
Non-trainable params: 0
----------------------------------------------------------------
Input size (MB): 0.31
Forward/backward pass size (MB): 45.05
Params size (MB): 1.19
Estimated Total Size (MB): 46.56
----------------------------------------------------------------
Train Epoch: 1 [0/9500 (0%)]	Loss: 3477.188437	GenLoss: 3470.442187
Train Epoch: 1 [2000/9500 (21%)]	Loss: 3483.048125	GenLoss: 3477.193125
Train Epoch: 1 [4000/9500 (42%)]	Loss: 3501.924063	GenLoss: 3496.680937
Train Epoch: 1 [6000/9500 (62%)]	Loss: 3414.888437	GenLoss: 3410.530938
Train Epoch: 1 [8000/9500 (83%)]	Loss: 3566.450000	GenLoss: 3562.676562
====> Epoch: 1 Average loss: 3491.4605
====> Test set loss: 3494.6892
====> Generation loss: 3490.2244
Train Epoch: 2 [0/9500 (0%)]	Loss: 3531.573750	GenLoss: 3528.196562
Train Epoch: 2 [2000/9500 (21%)]	Loss: 3412.179375	GenLoss: 3410.172500
Train Epoch: 2 [4000/9500 (42%)]	Loss: 3611.645000	GenLoss: 3609.117813
Train Epoch: 2 [6000/9500 (62%)]	Loss: 3455.622188	GenLoss: 3453.339375
Train Epoch: 2 [8000/9500 (83%)]	Loss: 3504.126563	GenLoss: 3502.178125
====> Epoch: 2 Average loss: 3474.2408
====> Test set loss: 3533.2627
====> Generation loss: 3531.2149
Train Epoch: 3 [0/9500 (0%)]	Loss: 3479.743125	GenLoss: 3478.038437
Train Epoch: 3 [2000/9500 (21%)]	Loss: 3435.733438	GenLoss: 3434.279062
Train Epoch: 3 [4000/9500 (42%)]	Loss: 3414.195938	GenLoss: 3412.947500
Train Epoch: 3 [6000/9500 (62%)]	Loss: 3508.699062	GenLoss: 3507.616875
Train Epoch: 3 [8000/9500 (83%)]	Loss: 4064.550625	GenLoss: 4064.037188
====> Epoch: 3 Average loss: 3501.1768
====> Test set loss: 3533.7915
====> Generation loss: 3532.7779
Train Epoch: 4 [0/9500 (0%)]	Loss: 3432.548438	GenLoss: 3431.615938
Train Epoch: 4 [2000/9500 (21%)]	Loss: 3503.123125	GenLoss: 3502.442500
Train Epoch: 4 [4000/9500 (42%)]	Loss: 3560.184062	GenLoss: 3559.563750
Train Epoch: 4 [6000/9500 (62%)]	Loss: 3494.179688	GenLoss: 3493.491562
Train Epoch: 4 [8000/9500 (83%)]	Loss: 3417.404687	GenLoss: 3416.822187
====> Epoch: 4 Average loss: 3494.6361
====> Test set loss: 3533.7210
====> Generation loss: 3533.1289
Train Epoch: 5 [0/9500 (0%)]	Loss: 3432.466562	GenLoss: 3431.963750
Train Epoch: 5 [2000/9500 (21%)]	Loss: 3531.789688	GenLoss: 3531.347188
Train Epoch: 5 [4000/9500 (42%)]	Loss: 3477.344375	GenLoss: 3476.948125
Train Epoch: 5 [6000/9500 (62%)]	Loss: 3561.452813	GenLoss: 3561.099062
Train Epoch: 5 [8000/9500 (83%)]	Loss: 3454.800313	GenLoss: 3454.482812
====> Epoch: 5 Average loss: 3492.6728
====> Test set loss: 3532.4672
====> Generation loss: 3532.1166
Train Epoch: 6 [0/9500 (0%)]	Loss: 3598.754687	GenLoss: 3598.462187
Train Epoch: 6 [2000/9500 (21%)]	Loss: 3410.811563	GenLoss: 3410.545000
Train Epoch: 6 [4000/9500 (42%)]	Loss: 3467.946250	GenLoss: 3467.704062
Train Epoch: 6 [6000/9500 (62%)]	Loss: 3525.090938	GenLoss: 3524.869375
Train Epoch: 6 [8000/9500 (83%)]	Loss: 3539.960000	GenLoss: 3539.757812
====> Epoch: 6 Average loss: 3491.2448
====> Test set loss: 3529.4334
====> Generation loss: 3529.2042
Train Epoch: 7 [0/9500 (0%)]	Loss: 3505.076562	GenLoss: 3504.886250
Train Epoch: 7 [2000/9500 (21%)]	Loss: 3415.929062	GenLoss: 3414.970938
Train Epoch: 7 [4000/9500 (42%)]	Loss: 3248.658750	GenLoss: 3247.785313
Train Epoch: 7 [6000/9500 (62%)]	Loss: 3259.332500	GenLoss: 3258.573125
Train Epoch: 7 [8000/9500 (83%)]	Loss: 3235.879063	GenLoss: 3235.286875
====> Epoch: 7 Average loss: 3322.1482
====> Test set loss: 3283.1548
====> Generation loss: 3282.5979
Train Epoch: 8 [0/9500 (0%)]	Loss: 3292.018125	GenLoss: 3291.391875
Train Epoch: 8 [2000/9500 (21%)]	Loss: 3133.545625	GenLoss: 3133.148438
Train Epoch: 8 [4000/9500 (42%)]	Loss: 3185.595625	GenLoss: 3185.151875
Train Epoch: 8 [6000/9500 (62%)]	Loss: 3190.947813	GenLoss: 3190.576562
Train Epoch: 8 [8000/9500 (83%)]	Loss: 3145.085938	GenLoss: 3144.677187
====> Epoch: 8 Average loss: 3242.5972
====> Test set loss: 3233.6554
====> Generation loss: 3233.1356
Train Epoch: 9 [0/9500 (0%)]	Loss: 3264.726562	GenLoss: 3264.642813
Train Epoch: 9 [2000/9500 (21%)]	Loss: 3172.301250	GenLoss: 3171.818438
Train Epoch: 9 [4000/9500 (42%)]	Loss: 3243.559688	GenLoss: 3243.144063
Train Epoch: 9 [6000/9500 (62%)]	Loss: 3135.488125	GenLoss: 3134.769688
Train Epoch: 9 [8000/9500 (83%)]	Loss: 3151.940312	GenLoss: 3151.582500
====> Epoch: 9 Average loss: 3168.7942
====> Test set loss: 3164.3599
====> Generation loss: 3163.9462
Train Epoch: 10 [0/9500 (0%)]	Loss: 3129.352812	GenLoss: 3129.077813
Train Epoch: 10 [2000/9500 (21%)]	Loss: 3144.432188	GenLoss: 3144.161250
Train Epoch: 10 [4000/9500 (42%)]	Loss: 3219.208437	GenLoss: 3218.414062
Train Epoch: 10 [6000/9500 (62%)]	Loss: 3132.037813	GenLoss: 3131.608125
Train Epoch: 10 [8000/9500 (83%)]	Loss: 3042.470313	GenLoss: 3042.051562
====> Epoch: 10 Average loss: 3108.9548
====> Test set loss: 3089.6591
====> Generation loss: 3088.5008
Train Epoch: 11 [0/9500 (0%)]	Loss: 2921.989062	GenLoss: 2921.431562
Train Epoch: 11 [2000/9500 (21%)]	Loss: 2971.371875	GenLoss: 2970.679062
Train Epoch: 11 [4000/9500 (42%)]	Loss: 3001.130938	GenLoss: 3000.183125
Train Epoch: 11 [6000/9500 (62%)]	Loss: 2963.832188	GenLoss: 2963.105625
Train Epoch: 11 [8000/9500 (83%)]	Loss: 2964.528438	GenLoss: 2964.108125
====> Epoch: 11 Average loss: 3015.1939
====> Test set loss: 3063.3313
====> Generation loss: 3062.0776
Train Epoch: 12 [0/9500 (0%)]	Loss: 3094.420625	GenLoss: 3094.786875
Train Epoch: 12 [2000/9500 (21%)]	Loss: 2975.464375	GenLoss: 2974.984687
Train Epoch: 12 [4000/9500 (42%)]	Loss: 2941.653438	GenLoss: 2941.241250
Train Epoch: 12 [6000/9500 (62%)]	Loss: 3036.448438	GenLoss: 3036.368125
Train Epoch: 12 [8000/9500 (83%)]	Loss: 3035.800000	GenLoss: 3035.264375
====> Epoch: 12 Average loss: 3003.9001
====> Test set loss: 2985.9673
====> Generation loss: 2985.1269
Train Epoch: 13 [0/9500 (0%)]	Loss: 2909.172187	GenLoss: 2908.692812
Train Epoch: 13 [2000/9500 (21%)]	Loss: 2948.757812	GenLoss: 2948.554062
Train Epoch: 13 [4000/9500 (42%)]	Loss: 2960.669687	GenLoss: 2959.980000
Train Epoch: 13 [6000/9500 (62%)]	Loss: 2882.147188	GenLoss: 2881.275000
Train Epoch: 13 [8000/9500 (83%)]	Loss: 2873.383750	GenLoss: 2872.672812
====> Epoch: 13 Average loss: 2931.9652
====> Test set loss: 2963.3632
====> Generation loss: 2962.0725
Train Epoch: 14 [0/9500 (0%)]	Loss: 2926.228437	GenLoss: 2925.702500
Train Epoch: 14 [2000/9500 (21%)]	Loss: 2970.195312	GenLoss: 2970.501250
Train Epoch: 14 [4000/9500 (42%)]	Loss: 2892.320312	GenLoss: 2891.660625
Train Epoch: 14 [6000/9500 (62%)]	Loss: 2961.764062	GenLoss: 2960.734687
Train Epoch: 14 [8000/9500 (83%)]	Loss: 2900.576562	GenLoss: 2899.491250
====> Epoch: 14 Average loss: 2928.0738
====> Test set loss: 2941.9406
====> Generation loss: 2940.7451
Train Epoch: 15 [0/9500 (0%)]	Loss: 2890.279062	GenLoss: 2889.202500
Train Epoch: 15 [2000/9500 (21%)]	Loss: 2910.554375	GenLoss: 2909.623750
Train Epoch: 15 [4000/9500 (42%)]	Loss: 2937.313437	GenLoss: 2936.982500
Train Epoch: 15 [6000/9500 (62%)]	Loss: 2866.361250	GenLoss: 2865.523125
Train Epoch: 15 [8000/9500 (83%)]	Loss: 2803.997188	GenLoss: 2802.984063
====> Epoch: 15 Average loss: 2901.0227
====> Test set loss: 2912.4617
====> Generation loss: 2911.1932
Train Epoch: 16 [0/9500 (0%)]	Loss: 2871.111563	GenLoss: 2870.044375
Train Epoch: 16 [2000/9500 (21%)]	Loss: 2910.035937	GenLoss: 2909.620313
Train Epoch: 16 [4000/9500 (42%)]	Loss: 2932.091875	GenLoss: 2931.232500
Train Epoch: 16 [6000/9500 (62%)]	Loss: 2916.769375	GenLoss: 2915.428438
Train Epoch: 16 [8000/9500 (83%)]	Loss: 2925.412813	GenLoss: 2924.209375
====> Epoch: 16 Average loss: 2858.8060
====> Test set loss: 2872.4557
====> Generation loss: 2870.9166
Train Epoch: 17 [0/9500 (0%)]	Loss: 2785.221562	GenLoss: 2783.983438
Train Epoch: 17 [2000/9500 (21%)]	Loss: 2839.510313	GenLoss: 2837.991250
Train Epoch: 17 [4000/9500 (42%)]	Loss: 2814.504063	GenLoss: 2812.965312
Train Epoch: 17 [6000/9500 (62%)]	Loss: 2754.537500	GenLoss: 2753.496250
Train Epoch: 17 [8000/9500 (83%)]	Loss: 2772.462812	GenLoss: 2770.928438
====> Epoch: 17 Average loss: 2813.5572
====> Test set loss: 2827.3741
====> Generation loss: 2825.1008
Train Epoch: 18 [0/9500 (0%)]	Loss: 2774.189375	GenLoss: 2773.105312
Train Epoch: 18 [2000/9500 (21%)]	Loss: 2754.870313	GenLoss: 2753.560000
Train Epoch: 18 [4000/9500 (42%)]	Loss: 2789.522812	GenLoss: 2788.092187
Train Epoch: 18 [6000/9500 (62%)]	Loss: 2753.752500	GenLoss: 2752.225625
Train Epoch: 18 [8000/9500 (83%)]	Loss: 2729.516250	GenLoss: 2727.937812
====> Epoch: 18 Average loss: 2769.9728
====> Test set loss: 2783.7218
====> Generation loss: 2781.8929
Train Epoch: 19 [0/9500 (0%)]	Loss: 2759.018437	GenLoss: 2757.659688
Train Epoch: 19 [2000/9500 (21%)]	Loss: 2729.916875	GenLoss: 2729.232812
Train Epoch: 19 [4000/9500 (42%)]	Loss: 2778.258125	GenLoss: 2776.915000
Train Epoch: 19 [6000/9500 (62%)]	Loss: 2696.806562	GenLoss: 2695.613438
Train Epoch: 19 [8000/9500 (83%)]	Loss: 2711.095000	GenLoss: 2709.101875
====> Epoch: 19 Average loss: 2755.2063
====> Test set loss: 2756.9846
====> Generation loss: 2755.5141
Train Epoch: 20 [0/9500 (0%)]	Loss: 2650.061875	GenLoss: 2648.898438
Train Epoch: 20 [2000/9500 (21%)]	Loss: 2667.014062	GenLoss: 2665.616250
Train Epoch: 20 [4000/9500 (42%)]	Loss: 2663.336563	GenLoss: 2662.000937
Train Epoch: 20 [6000/9500 (62%)]	Loss: 2787.170312	GenLoss: 2785.835000
Train Epoch: 20 [8000/9500 (83%)]	Loss: 2710.791875	GenLoss: 2709.513750
====> Epoch: 20 Average loss: 2703.8990
====> Test set loss: 2758.4760
====> Generation loss: 2756.0715
Train Epoch: 21 [0/9500 (0%)]	Loss: 2687.849062	GenLoss: 2685.684375
Train Epoch: 21 [2000/9500 (21%)]	Loss: 2621.618125	GenLoss: 2619.864844
Train Epoch: 21 [4000/9500 (42%)]	Loss: 2680.523750	GenLoss: 2678.686563
Train Epoch: 21 [6000/9500 (62%)]	Loss: 2680.370313	GenLoss: 2678.776875
Train Epoch: 21 [8000/9500 (83%)]	Loss: 2645.701875	GenLoss: 2643.582812
====> Epoch: 21 Average loss: 2674.6671
====> Test set loss: 2711.3297
====> Generation loss: 2709.6332
Train Epoch: 22 [0/9500 (0%)]	Loss: 2642.070000	GenLoss: 2640.804375
Train Epoch: 22 [2000/9500 (21%)]	Loss: 2749.713125	GenLoss: 2748.114062
Train Epoch: 22 [4000/9500 (42%)]	Loss: 2739.965000	GenLoss: 2738.635313
Train Epoch: 22 [6000/9500 (62%)]	Loss: 2612.871875	GenLoss: 2611.320000
Train Epoch: 22 [8000/9500 (83%)]	Loss: 2630.060000	GenLoss: 2628.649375
====> Epoch: 22 Average loss: 2653.4230
====> Test set loss: 2685.5219
====> Generation loss: 2683.4879
Train Epoch: 23 [0/9500 (0%)]	Loss: 2696.525000	GenLoss: 2695.128438
Train Epoch: 23 [2000/9500 (21%)]	Loss: 2674.490625	GenLoss: 2673.322187
Train Epoch: 23 [4000/9500 (42%)]	Loss: 2620.889375	GenLoss: 2619.020937
Train Epoch: 23 [6000/9500 (62%)]	Loss: 2730.898750	GenLoss: 2729.240625
Train Epoch: 23 [8000/9500 (83%)]	Loss: 2612.053125	GenLoss: 2610.531406
====> Epoch: 23 Average loss: 2651.3455
====> Test set loss: 2674.3477
====> Generation loss: 2672.3760
Train Epoch: 24 [0/9500 (0%)]	Loss: 2603.523750	GenLoss: 2602.243750
Train Epoch: 24 [2000/9500 (21%)]	Loss: 2614.350156	GenLoss: 2612.871406
Train Epoch: 24 [4000/9500 (42%)]	Loss: 2611.451562	GenLoss: 2609.737500
Train Epoch: 24 [6000/9500 (62%)]	Loss: 2643.642813	GenLoss: 2641.968125
Train Epoch: 24 [8000/9500 (83%)]	Loss: 2611.387500	GenLoss: 2610.257344
====> Epoch: 24 Average loss: 2635.3984
====> Test set loss: 2658.0367
====> Generation loss: 2656.1062
Train Epoch: 25 [0/9500 (0%)]	Loss: 2666.025625	GenLoss: 2664.617813
Train Epoch: 25 [2000/9500 (21%)]	Loss: 2517.079688	GenLoss: 2515.618594
Train Epoch: 25 [4000/9500 (42%)]	Loss: 2577.705156	GenLoss: 2575.847344
Train Epoch: 25 [6000/9500 (62%)]	Loss: 2596.638125	GenLoss: 2594.955000
Train Epoch: 25 [8000/9500 (83%)]	Loss: 2558.753594	GenLoss: 2556.986406
====> Epoch: 25 Average loss: 2604.5447
====> Test set loss: 2637.7232
====> Generation loss: 2635.9518
Train Epoch: 26 [0/9500 (0%)]	Loss: 2678.072500	GenLoss: 2676.674063
Train Epoch: 26 [2000/9500 (21%)]	Loss: 2635.560312	GenLoss: 2633.756563
Train Epoch: 26 [4000/9500 (42%)]	Loss: 2629.532500	GenLoss: 2628.172187
Train Epoch: 26 [6000/9500 (62%)]	Loss: 2619.274375	GenLoss: 2617.545781
Train Epoch: 26 [8000/9500 (83%)]	Loss: 2628.504063	GenLoss: 2626.851250
====> Epoch: 26 Average loss: 2589.4420
====> Test set loss: 2638.5761
====> Generation loss: 2637.1704
Train Epoch: 27 [0/9500 (0%)]	Loss: 2630.555000	GenLoss: 2629.224375
Train Epoch: 27 [2000/9500 (21%)]	Loss: 2633.239687	GenLoss: 2631.257187
Train Epoch: 27 [4000/9500 (42%)]	Loss: 2600.067969	GenLoss: 2598.222188
Train Epoch: 27 [6000/9500 (62%)]	Loss: 2596.545469	GenLoss: 2594.845781
Train Epoch: 27 [8000/9500 (83%)]	Loss: 2592.782656	GenLoss: 2591.193125
====> Epoch: 27 Average loss: 2598.1979
====> Test set loss: 2636.1693
====> Generation loss: 2634.7553
Train Epoch: 28 [0/9500 (0%)]	Loss: 2710.944687	GenLoss: 2709.803438
Train Epoch: 28 [2000/9500 (21%)]	Loss: 2588.291250	GenLoss: 2586.092969
Train Epoch: 28 [4000/9500 (42%)]	Loss: 2585.447500	GenLoss: 2583.858594
Train Epoch: 28 [6000/9500 (62%)]	Loss: 2511.109063	GenLoss: 2509.256406
Train Epoch: 28 [8000/9500 (83%)]	Loss: 2608.974844	GenLoss: 2607.331875
====> Epoch: 28 Average loss: 2575.1999
====> Test set loss: 2608.8664
====> Generation loss: 2606.8649
Train Epoch: 29 [0/9500 (0%)]	Loss: 2569.082031	GenLoss: 2567.288906
Train Epoch: 29 [2000/9500 (21%)]	Loss: 2608.949844	GenLoss: 2607.230469
Train Epoch: 29 [4000/9500 (42%)]	Loss: 2585.950000	GenLoss: 2584.512031
Train Epoch: 29 [6000/9500 (62%)]	Loss: 2559.815625	GenLoss: 2558.038594
Train Epoch: 29 [8000/9500 (83%)]	Loss: 2547.821094	GenLoss: 2546.540156
====> Epoch: 29 Average loss: 2562.4015
====> Test set loss: 2606.5133
====> Generation loss: 2604.6167
Train Epoch: 30 [0/9500 (0%)]	Loss: 2505.742500	GenLoss: 2504.346719
Train Epoch: 30 [2000/9500 (21%)]	Loss: 2586.191250	GenLoss: 2584.832656
Train Epoch: 30 [4000/9500 (42%)]	Loss: 2569.145000	GenLoss: 2567.794219
Train Epoch: 30 [6000/9500 (62%)]	Loss: 2624.307500	GenLoss: 2622.936250
Train Epoch: 30 [8000/9500 (83%)]	Loss: 2537.481719	GenLoss: 2535.882187
====> Epoch: 30 Average loss: 2560.5916
====> Test set loss: 2624.1514
====> Generation loss: 2622.4564
--- 2503.249439239502 seconds ---
----------------------------------------------------------------
        Layer (type)               Output Shape         Param #
================================================================
            Conv3d-1        [-1, 8, 18, 56, 56]           1,952
            Conv3d-2       [-1, 16, 16, 22, 22]          18,832
            Conv3d-3          [-1, 32, 4, 6, 6]          92,192
            Conv3d-4          [-1, 64, 2, 2, 2]         153,664
            Linear-5                   [-1, 16]           8,208
            Linear-6                   [-1, 16]           8,208
            Conv3d-7       [-1, 16, 20, 64, 64]           8,224
            Conv3d-8       [-1, 16, 20, 64, 64]           6,928
            Conv3d-9       [-1, 16, 20, 64, 64]           6,928
           Conv3d-10       [-1, 16, 20, 64, 64]           6,928
           Conv3d-11        [-1, 1, 20, 64, 64]              17
================================================================
Total params: 312,081
Trainable params: 312,081
Non-trainable params: 0
----------------------------------------------------------------
Input size (MB): 0.31
Forward/backward pass size (MB): 45.05
Params size (MB): 1.19
Estimated Total Size (MB): 46.56
----------------------------------------------------------------
====> Test set loss: 2623.6598
====> Generation loss: 2621.9758
--- 5.617136240005493 seconds ---
(null): can't open file '3Dconv.py': [Errno 2] No such file or directory
(null): can't open file '3Dconv.py': [Errno 2] No such file or directory
(null): can't open file '3Dconv.py': [Errno 2] No such file or directory
