----------------------------------------------------------------
        Layer (type)               Output Shape         Param #
================================================================
            Conv3d-1        [-1, 8, 18, 56, 56]           1,952
            Conv3d-2       [-1, 16, 16, 22, 22]          18,832
            Conv3d-3          [-1, 32, 4, 6, 6]          92,192
            Conv3d-4          [-1, 64, 2, 2, 2]         153,664
            Linear-5                   [-1, 16]           8,208
            Linear-6                   [-1, 16]           8,208
            Conv3d-7       [-1, 16, 20, 64, 64]           8,224
            Conv3d-8       [-1, 16, 20, 64, 64]           6,928
            Conv3d-9       [-1, 16, 20, 64, 64]           6,928
           Conv3d-10       [-1, 16, 20, 64, 64]           6,928
           Conv3d-11        [-1, 1, 20, 64, 64]              17
================================================================
Total params: 312,081
Trainable params: 312,081
Non-trainable params: 0
----------------------------------------------------------------
Input size (MB): 0.31
Forward/backward pass size (MB): 45.05
Params size (MB): 1.19
Estimated Total Size (MB): 46.56
----------------------------------------------------------------
Train Epoch: 1 [0/9500 (0%)]	Loss: 3467.728760	GenLoss: 3457.132568
Train Epoch: 1 [1280/9500 (13%)]	Loss: 3416.709961	GenLoss: 3407.572021
Train Epoch: 1 [2560/9500 (27%)]	Loss: 3605.385742	GenLoss: 3597.413818
Train Epoch: 1 [3840/9500 (40%)]	Loss: 3534.652100	GenLoss: 3527.615234
Train Epoch: 1 [5120/9500 (53%)]	Loss: 3553.591064	GenLoss: 3547.770264
Train Epoch: 1 [6400/9500 (67%)]	Loss: 3506.608398	GenLoss: 3501.666504
Train Epoch: 1 [7680/9500 (80%)]	Loss: 3554.494385	GenLoss: 3550.304688
Train Epoch: 1 [8960/9500 (93%)]	Loss: 3392.356201	GenLoss: 3388.812500
====> Epoch: 1 Average loss: 3496.3834
====> Test set loss: 3534.9930
====> Generation loss: 3531.6525
Train Epoch: 2 [0/9500 (0%)]	Loss: 3551.668701	GenLoss: 3548.406494
Train Epoch: 2 [1280/9500 (13%)]	Loss: 3607.523193	GenLoss: 3604.764160
Train Epoch: 2 [2560/9500 (27%)]	Loss: 3662.330078	GenLoss: 3658.826172
Train Epoch: 2 [3840/9500 (40%)]	Loss: 3367.064697	GenLoss: 3365.009521
Train Epoch: 2 [5120/9500 (53%)]	Loss: 3337.927490	GenLoss: 3336.648193
Train Epoch: 2 [6400/9500 (67%)]	Loss: 3436.285645	GenLoss: 3434.856201
Train Epoch: 2 [7680/9500 (80%)]	Loss: 3538.318115	GenLoss: 3537.122070
Train Epoch: 2 [8960/9500 (93%)]	Loss: 3334.417236	GenLoss: 3334.890137
====> Epoch: 2 Average loss: 3546.2281
====> Test set loss: 3534.1697
====> Generation loss: 3533.2299
Train Epoch: 3 [0/9500 (0%)]	Loss: 3441.663574	GenLoss: 3440.840820
Train Epoch: 3 [1280/9500 (13%)]	Loss: 3352.094482	GenLoss: 3351.289307
Train Epoch: 3 [2560/9500 (27%)]	Loss: 3602.814453	GenLoss: 3602.132568
Train Epoch: 3 [3840/9500 (40%)]	Loss: 3463.414795	GenLoss: 3462.793945
Train Epoch: 3 [5120/9500 (53%)]	Loss: 3482.554932	GenLoss: 3482.006348
Train Epoch: 3 [6400/9500 (67%)]	Loss: 3474.648682	GenLoss: 3474.165527
Train Epoch: 3 [7680/9500 (80%)]	Loss: 3595.830322	GenLoss: 3595.398682
Train Epoch: 3 [8960/9500 (93%)]	Loss: 3431.628906	GenLoss: 3431.245361
====> Epoch: 3 Average loss: 3494.6711
====> Test set loss: 3534.0789
====> Generation loss: 3533.7057
Train Epoch: 4 [0/9500 (0%)]	Loss: 3370.210449	GenLoss: 3369.846191
Train Epoch: 4 [1280/9500 (13%)]	Loss: 3612.516846	GenLoss: 3612.188232
Train Epoch: 4 [2560/9500 (27%)]	Loss: 3529.452637	GenLoss: 3529.155273
Train Epoch: 4 [3840/9500 (40%)]	Loss: 3592.385498	GenLoss: 3592.114014
Train Epoch: 4 [5120/9500 (53%)]	Loss: 3464.457031	GenLoss: 3464.207764
Train Epoch: 4 [6400/9500 (67%)]	Loss: 3433.122559	GenLoss: 3432.891357
Train Epoch: 4 [7680/9500 (80%)]	Loss: 3543.344971	GenLoss: 3543.123047
Train Epoch: 4 [8960/9500 (93%)]	Loss: 3381.604004	GenLoss: 3381.385986
====> Epoch: 4 Average loss: 3492.9233
====> Test set loss: 3529.0887
====> Generation loss: 3528.8840
Train Epoch: 5 [0/9500 (0%)]	Loss: 3437.546875	GenLoss: 3437.328613
Train Epoch: 5 [1280/9500 (13%)]	Loss: 3752.371338	GenLoss: 3747.404297
Train Epoch: 5 [2560/9500 (27%)]	Loss: 3409.623047	GenLoss: 3408.238770
Train Epoch: 5 [3840/9500 (40%)]	Loss: 3572.915527	GenLoss: 3572.884277
Train Epoch: 5 [5120/9500 (53%)]	Loss: 4540.830078	GenLoss: 4812.001465
Train Epoch: 5 [6400/9500 (67%)]	Loss: 3564.281250	GenLoss: 3565.110107
Train Epoch: 5 [7680/9500 (80%)]	Loss: 3416.337158	GenLoss: 3413.861816
Train Epoch: 5 [8960/9500 (93%)]	Loss: 3400.464355	GenLoss: 3400.397461
====> Epoch: 5 Average loss: 3800.9978
====> Test set loss: 3539.7499
====> Generation loss: 3539.2719
Train Epoch: 6 [0/9500 (0%)]	Loss: 3545.177979	GenLoss: 3544.873535
Train Epoch: 6 [1280/9500 (13%)]	Loss: nan	GenLoss: nan
Train Epoch: 6 [2560/9500 (27%)]	Loss: nan	GenLoss: nan
Train Epoch: 6 [3840/9500 (40%)]	Loss: nan	GenLoss: nan
Train Epoch: 6 [5120/9500 (53%)]	Loss: nan	GenLoss: nan
Train Epoch: 6 [6400/9500 (67%)]	Loss: nan	GenLoss: nan
Train Epoch: 6 [7680/9500 (80%)]	Loss: nan	GenLoss: nan
Train Epoch: 6 [8960/9500 (93%)]	Loss: nan	GenLoss: nan
====> Epoch: 6 Average loss: nan
====> Test set loss: nan
====> Generation loss: nan
Train Epoch: 7 [0/9500 (0%)]	Loss: nan	GenLoss: nan
Train Epoch: 7 [1280/9500 (13%)]	Loss: nan	GenLoss: nan
Train Epoch: 7 [2560/9500 (27%)]	Loss: nan	GenLoss: nan
Train Epoch: 7 [3840/9500 (40%)]	Loss: nan	GenLoss: nan
Train Epoch: 7 [5120/9500 (53%)]	Loss: nan	GenLoss: nan
Train Epoch: 7 [6400/9500 (67%)]	Loss: nan	GenLoss: nan
Train Epoch: 7 [7680/9500 (80%)]	Loss: nan	GenLoss: nan
Train Epoch: 7 [8960/9500 (93%)]	Loss: nan	GenLoss: nan
====> Epoch: 7 Average loss: nan
====> Test set loss: nan
====> Generation loss: nan
Train Epoch: 8 [0/9500 (0%)]	Loss: nan	GenLoss: nan
Train Epoch: 8 [1280/9500 (13%)]	Loss: nan	GenLoss: nan
Train Epoch: 8 [2560/9500 (27%)]	Loss: nan	GenLoss: nan
Train Epoch: 8 [3840/9500 (40%)]	Loss: nan	GenLoss: nan
Train Epoch: 8 [5120/9500 (53%)]	Loss: nan	GenLoss: nan
Train Epoch: 8 [6400/9500 (67%)]	Loss: nan	GenLoss: nan
Train Epoch: 8 [7680/9500 (80%)]	Loss: nan	GenLoss: nan
Train Epoch: 8 [8960/9500 (93%)]	Loss: nan	GenLoss: nan
====> Epoch: 8 Average loss: nan
====> Test set loss: nan
====> Generation loss: nan
Train Epoch: 9 [0/9500 (0%)]	Loss: nan	GenLoss: nan
Train Epoch: 9 [1280/9500 (13%)]	Loss: nan	GenLoss: nan
Train Epoch: 9 [2560/9500 (27%)]	Loss: nan	GenLoss: nan
Train Epoch: 9 [3840/9500 (40%)]	Loss: nan	GenLoss: nan
Train Epoch: 9 [5120/9500 (53%)]	Loss: nan	GenLoss: nan
Train Epoch: 9 [6400/9500 (67%)]	Loss: nan	GenLoss: nan
Train Epoch: 9 [7680/9500 (80%)]	Loss: nan	GenLoss: nan
Train Epoch: 9 [8960/9500 (93%)]	Loss: nan	GenLoss: nan
====> Epoch: 9 Average loss: nan
====> Test set loss: nan
====> Generation loss: nan
Train Epoch: 10 [0/9500 (0%)]	Loss: nan	GenLoss: nan
Train Epoch: 10 [1280/9500 (13%)]	Loss: nan	GenLoss: nan
Train Epoch: 10 [2560/9500 (27%)]	Loss: nan	GenLoss: nan
Train Epoch: 10 [3840/9500 (40%)]	Loss: nan	GenLoss: nan
Train Epoch: 10 [5120/9500 (53%)]	Loss: nan	GenLoss: nan
Train Epoch: 10 [6400/9500 (67%)]	Loss: nan	GenLoss: nan
Train Epoch: 10 [7680/9500 (80%)]	Loss: nan	GenLoss: nan
Train Epoch: 10 [8960/9500 (93%)]	Loss: nan	GenLoss: nan
====> Epoch: 10 Average loss: nan
====> Test set loss: nan
====> Generation loss: nan
Train Epoch: 11 [0/9500 (0%)]	Loss: nan	GenLoss: nan
Train Epoch: 11 [1280/9500 (13%)]	Loss: nan	GenLoss: nan
Train Epoch: 11 [2560/9500 (27%)]	Loss: nan	GenLoss: nan
Train Epoch: 11 [3840/9500 (40%)]	Loss: nan	GenLoss: nan
Train Epoch: 11 [5120/9500 (53%)]	Loss: nan	GenLoss: nan
Train Epoch: 11 [6400/9500 (67%)]	Loss: nan	GenLoss: nan
Train Epoch: 11 [7680/9500 (80%)]	Loss: nan	GenLoss: nan
Train Epoch: 11 [8960/9500 (93%)]	Loss: nan	GenLoss: nan
====> Epoch: 11 Average loss: nan
====> Test set loss: nan
====> Generation loss: nan
Train Epoch: 12 [0/9500 (0%)]	Loss: nan	GenLoss: nan
Train Epoch: 12 [1280/9500 (13%)]	Loss: nan	GenLoss: nan
Train Epoch: 12 [2560/9500 (27%)]	Loss: nan	GenLoss: nan
Train Epoch: 12 [3840/9500 (40%)]	Loss: nan	GenLoss: nan
Train Epoch: 12 [5120/9500 (53%)]	Loss: nan	GenLoss: nan
Train Epoch: 12 [6400/9500 (67%)]	Loss: nan	GenLoss: nan
Train Epoch: 12 [7680/9500 (80%)]	Loss: nan	GenLoss: nan
Train Epoch: 12 [8960/9500 (93%)]	Loss: nan	GenLoss: nan
====> Epoch: 12 Average loss: nan
====> Test set loss: nan
====> Generation loss: nan
Train Epoch: 13 [0/9500 (0%)]	Loss: nan	GenLoss: nan
Train Epoch: 13 [1280/9500 (13%)]	Loss: nan	GenLoss: nan
Train Epoch: 13 [2560/9500 (27%)]	Loss: nan	GenLoss: nan
Train Epoch: 13 [3840/9500 (40%)]	Loss: nan	GenLoss: nan
Train Epoch: 13 [5120/9500 (53%)]	Loss: nan	GenLoss: nan
Train Epoch: 13 [6400/9500 (67%)]	Loss: nan	GenLoss: nan
Train Epoch: 13 [7680/9500 (80%)]	Loss: nan	GenLoss: nan
Train Epoch: 13 [8960/9500 (93%)]	Loss: nan	GenLoss: nan
====> Epoch: 13 Average loss: nan
====> Test set loss: nan
====> Generation loss: nan
Train Epoch: 14 [0/9500 (0%)]	Loss: nan	GenLoss: nan
Train Epoch: 14 [1280/9500 (13%)]	Loss: nan	GenLoss: nan
Train Epoch: 14 [2560/9500 (27%)]	Loss: nan	GenLoss: nan
Train Epoch: 14 [3840/9500 (40%)]	Loss: nan	GenLoss: nan
Train Epoch: 14 [5120/9500 (53%)]	Loss: nan	GenLoss: nan
Train Epoch: 14 [6400/9500 (67%)]	Loss: nan	GenLoss: nan
Train Epoch: 14 [7680/9500 (80%)]	Loss: nan	GenLoss: nan
Train Epoch: 14 [8960/9500 (93%)]	Loss: nan	GenLoss: nan
====> Epoch: 14 Average loss: nan
====> Test set loss: nan
====> Generation loss: nan
Train Epoch: 15 [0/9500 (0%)]	Loss: nan	GenLoss: nan
Train Epoch: 15 [1280/9500 (13%)]	Loss: nan	GenLoss: nan
Train Epoch: 15 [2560/9500 (27%)]	Loss: nan	GenLoss: nan
Train Epoch: 15 [3840/9500 (40%)]	Loss: nan	GenLoss: nan
Train Epoch: 15 [5120/9500 (53%)]	Loss: nan	GenLoss: nan
Train Epoch: 15 [6400/9500 (67%)]	Loss: nan	GenLoss: nan
Train Epoch: 15 [7680/9500 (80%)]	Loss: nan	GenLoss: nan
Train Epoch: 15 [8960/9500 (93%)]	Loss: nan	GenLoss: nan
====> Epoch: 15 Average loss: nan
====> Test set loss: nan
====> Generation loss: nan
Train Epoch: 16 [0/9500 (0%)]	Loss: nan	GenLoss: nan
Train Epoch: 16 [1280/9500 (13%)]	Loss: nan	GenLoss: nan
Train Epoch: 16 [2560/9500 (27%)]	Loss: nan	GenLoss: nan
Train Epoch: 16 [3840/9500 (40%)]	Loss: nan	GenLoss: nan
Train Epoch: 16 [5120/9500 (53%)]	Loss: nan	GenLoss: nan
Train Epoch: 16 [6400/9500 (67%)]	Loss: nan	GenLoss: nan
Train Epoch: 16 [7680/9500 (80%)]	Loss: nan	GenLoss: nan
Train Epoch: 16 [8960/9500 (93%)]	Loss: nan	GenLoss: nan
====> Epoch: 16 Average loss: nan
====> Test set loss: nan
====> Generation loss: nan
Train Epoch: 17 [0/9500 (0%)]	Loss: nan	GenLoss: nan
Train Epoch: 17 [1280/9500 (13%)]	Loss: nan	GenLoss: nan
Train Epoch: 17 [2560/9500 (27%)]	Loss: nan	GenLoss: nan
Train Epoch: 17 [3840/9500 (40%)]	Loss: nan	GenLoss: nan
Train Epoch: 17 [5120/9500 (53%)]	Loss: nan	GenLoss: nan
Train Epoch: 17 [6400/9500 (67%)]	Loss: nan	GenLoss: nan
Train Epoch: 17 [7680/9500 (80%)]	Loss: nan	GenLoss: nan
Train Epoch: 17 [8960/9500 (93%)]	Loss: nan	GenLoss: nan
====> Epoch: 17 Average loss: nan
====> Test set loss: nan
====> Generation loss: nan
Train Epoch: 18 [0/9500 (0%)]	Loss: nan	GenLoss: nan
Train Epoch: 18 [1280/9500 (13%)]	Loss: nan	GenLoss: nan
Train Epoch: 18 [2560/9500 (27%)]	Loss: nan	GenLoss: nan
Train Epoch: 18 [3840/9500 (40%)]	Loss: nan	GenLoss: nan
Train Epoch: 18 [5120/9500 (53%)]	Loss: nan	GenLoss: nan
Train Epoch: 18 [6400/9500 (67%)]	Loss: nan	GenLoss: nan
Train Epoch: 18 [7680/9500 (80%)]	Loss: nan	GenLoss: nan
Train Epoch: 18 [8960/9500 (93%)]	Loss: nan	GenLoss: nan
====> Epoch: 18 Average loss: nan
====> Test set loss: nan
====> Generation loss: nan
Train Epoch: 19 [0/9500 (0%)]	Loss: nan	GenLoss: nan
Train Epoch: 19 [1280/9500 (13%)]	Loss: nan	GenLoss: nan
Train Epoch: 19 [2560/9500 (27%)]	Loss: nan	GenLoss: nan
Train Epoch: 19 [3840/9500 (40%)]	Loss: nan	GenLoss: nan
Train Epoch: 19 [5120/9500 (53%)]	Loss: nan	GenLoss: nan
Train Epoch: 19 [6400/9500 (67%)]	Loss: nan	GenLoss: nan
Train Epoch: 19 [7680/9500 (80%)]	Loss: nan	GenLoss: nan
Train Epoch: 19 [8960/9500 (93%)]	Loss: nan	GenLoss: nan
====> Epoch: 19 Average loss: nan
====> Test set loss: nan
====> Generation loss: nan
Train Epoch: 20 [0/9500 (0%)]	Loss: nan	GenLoss: nan
Train Epoch: 20 [1280/9500 (13%)]	Loss: nan	GenLoss: nan
Train Epoch: 20 [2560/9500 (27%)]	Loss: nan	GenLoss: nan
Train Epoch: 20 [3840/9500 (40%)]	Loss: nan	GenLoss: nan
Train Epoch: 20 [5120/9500 (53%)]	Loss: nan	GenLoss: nan
Train Epoch: 20 [6400/9500 (67%)]	Loss: nan	GenLoss: nan
Train Epoch: 20 [7680/9500 (80%)]	Loss: nan	GenLoss: nan
Train Epoch: 20 [8960/9500 (93%)]	Loss: nan	GenLoss: nan
====> Epoch: 20 Average loss: nan
====> Test set loss: nan
====> Generation loss: nan
Train Epoch: 21 [0/9500 (0%)]	Loss: nan	GenLoss: nan
Train Epoch: 21 [1280/9500 (13%)]	Loss: nan	GenLoss: nan
Train Epoch: 21 [2560/9500 (27%)]	Loss: nan	GenLoss: nan
Train Epoch: 21 [3840/9500 (40%)]	Loss: nan	GenLoss: nan
Train Epoch: 21 [5120/9500 (53%)]	Loss: nan	GenLoss: nan
Train Epoch: 21 [6400/9500 (67%)]	Loss: nan	GenLoss: nan
Train Epoch: 21 [7680/9500 (80%)]	Loss: nan	GenLoss: nan
Train Epoch: 21 [8960/9500 (93%)]	Loss: nan	GenLoss: nan
====> Epoch: 21 Average loss: nan
====> Test set loss: nan
====> Generation loss: nan
Train Epoch: 22 [0/9500 (0%)]	Loss: nan	GenLoss: nan
Train Epoch: 22 [1280/9500 (13%)]	Loss: nan	GenLoss: nan
Train Epoch: 22 [2560/9500 (27%)]	Loss: nan	GenLoss: nan
Train Epoch: 22 [3840/9500 (40%)]	Loss: nan	GenLoss: nan
Train Epoch: 22 [5120/9500 (53%)]	Loss: nan	GenLoss: nan
Train Epoch: 22 [6400/9500 (67%)]	Loss: nan	GenLoss: nan
Train Epoch: 22 [7680/9500 (80%)]	Loss: nan	GenLoss: nan
Train Epoch: 22 [8960/9500 (93%)]	Loss: nan	GenLoss: nan
====> Epoch: 22 Average loss: nan
====> Test set loss: nan
====> Generation loss: nan
Train Epoch: 23 [0/9500 (0%)]	Loss: nan	GenLoss: nan
Train Epoch: 23 [1280/9500 (13%)]	Loss: nan	GenLoss: nan
Train Epoch: 23 [2560/9500 (27%)]	Loss: nan	GenLoss: nan
Train Epoch: 23 [3840/9500 (40%)]	Loss: nan	GenLoss: nan
Train Epoch: 23 [5120/9500 (53%)]	Loss: nan	GenLoss: nan
Train Epoch: 23 [6400/9500 (67%)]	Loss: nan	GenLoss: nan
Train Epoch: 23 [7680/9500 (80%)]	Loss: nan	GenLoss: nan
Train Epoch: 23 [8960/9500 (93%)]	Loss: nan	GenLoss: nan
====> Epoch: 23 Average loss: nan
====> Test set loss: nan
====> Generation loss: nan
Train Epoch: 24 [0/9500 (0%)]	Loss: nan	GenLoss: nan
Train Epoch: 24 [1280/9500 (13%)]	Loss: nan	GenLoss: nan
Train Epoch: 24 [2560/9500 (27%)]	Loss: nan	GenLoss: nan
Train Epoch: 24 [3840/9500 (40%)]	Loss: nan	GenLoss: nan
Train Epoch: 24 [5120/9500 (53%)]	Loss: nan	GenLoss: nan
Train Epoch: 24 [6400/9500 (67%)]	Loss: nan	GenLoss: nan
Train Epoch: 24 [7680/9500 (80%)]	Loss: nan	GenLoss: nan
Train Epoch: 24 [8960/9500 (93%)]	Loss: nan	GenLoss: nan
====> Epoch: 24 Average loss: nan
====> Test set loss: nan
====> Generation loss: nan
Train Epoch: 25 [0/9500 (0%)]	Loss: nan	GenLoss: nan
Train Epoch: 25 [1280/9500 (13%)]	Loss: nan	GenLoss: nan
Train Epoch: 25 [2560/9500 (27%)]	Loss: nan	GenLoss: nan
Train Epoch: 25 [3840/9500 (40%)]	Loss: nan	GenLoss: nan
Train Epoch: 25 [5120/9500 (53%)]	Loss: nan	GenLoss: nan
Train Epoch: 25 [6400/9500 (67%)]	Loss: nan	GenLoss: nan
Train Epoch: 25 [7680/9500 (80%)]	Loss: nan	GenLoss: nan
Train Epoch: 25 [8960/9500 (93%)]	Loss: nan	GenLoss: nan
====> Epoch: 25 Average loss: nan
====> Test set loss: nan
====> Generation loss: nan
Train Epoch: 26 [0/9500 (0%)]	Loss: nan	GenLoss: nan
Train Epoch: 26 [1280/9500 (13%)]	Loss: nan	GenLoss: nan
Train Epoch: 26 [2560/9500 (27%)]	Loss: nan	GenLoss: nan
Train Epoch: 26 [3840/9500 (40%)]	Loss: nan	GenLoss: nan
Train Epoch: 26 [5120/9500 (53%)]	Loss: nan	GenLoss: nan
Train Epoch: 26 [6400/9500 (67%)]	Loss: nan	GenLoss: nan
Train Epoch: 26 [7680/9500 (80%)]	Loss: nan	GenLoss: nan
Train Epoch: 26 [8960/9500 (93%)]	Loss: nan	GenLoss: nan
====> Epoch: 26 Average loss: nan
====> Test set loss: nan
====> Generation loss: nan
Train Epoch: 27 [0/9500 (0%)]	Loss: nan	GenLoss: nan
Train Epoch: 27 [1280/9500 (13%)]	Loss: nan	GenLoss: nan
Train Epoch: 27 [2560/9500 (27%)]	Loss: nan	GenLoss: nan
Train Epoch: 27 [3840/9500 (40%)]	Loss: nan	GenLoss: nan
Train Epoch: 27 [5120/9500 (53%)]	Loss: nan	GenLoss: nan
Train Epoch: 27 [6400/9500 (67%)]	Loss: nan	GenLoss: nan
Train Epoch: 27 [7680/9500 (80%)]	Loss: nan	GenLoss: nan
Train Epoch: 27 [8960/9500 (93%)]	Loss: nan	GenLoss: nan
====> Epoch: 27 Average loss: nan
====> Test set loss: nan
====> Generation loss: nan
Train Epoch: 28 [0/9500 (0%)]	Loss: nan	GenLoss: nan
Train Epoch: 28 [1280/9500 (13%)]	Loss: nan	GenLoss: nan
Train Epoch: 28 [2560/9500 (27%)]	Loss: nan	GenLoss: nan
Train Epoch: 28 [3840/9500 (40%)]	Loss: nan	GenLoss: nan
Train Epoch: 28 [5120/9500 (53%)]	Loss: nan	GenLoss: nan
Train Epoch: 28 [6400/9500 (67%)]	Loss: nan	GenLoss: nan
Train Epoch: 28 [7680/9500 (80%)]	Loss: nan	GenLoss: nan
Train Epoch: 28 [8960/9500 (93%)]	Loss: nan	GenLoss: nan
====> Epoch: 28 Average loss: nan
====> Test set loss: nan
====> Generation loss: nan
Train Epoch: 29 [0/9500 (0%)]	Loss: nan	GenLoss: nan
Train Epoch: 29 [1280/9500 (13%)]	Loss: nan	GenLoss: nan
Train Epoch: 29 [2560/9500 (27%)]	Loss: nan	GenLoss: nan
Train Epoch: 29 [3840/9500 (40%)]	Loss: nan	GenLoss: nan
Train Epoch: 29 [5120/9500 (53%)]	Loss: nan	GenLoss: nan
Train Epoch: 29 [6400/9500 (67%)]	Loss: nan	GenLoss: nan
Train Epoch: 29 [7680/9500 (80%)]	Loss: nan	GenLoss: nan
Train Epoch: 29 [8960/9500 (93%)]	Loss: nan	GenLoss: nan
====> Epoch: 29 Average loss: nan
====> Test set loss: nan
====> Generation loss: nan
Train Epoch: 30 [0/9500 (0%)]	Loss: nan	GenLoss: nan
Train Epoch: 30 [1280/9500 (13%)]	Loss: nan	GenLoss: nan
Train Epoch: 30 [2560/9500 (27%)]	Loss: nan	GenLoss: nan
Train Epoch: 30 [3840/9500 (40%)]	Loss: nan	GenLoss: nan
Train Epoch: 30 [5120/9500 (53%)]	Loss: nan	GenLoss: nan
Train Epoch: 30 [6400/9500 (67%)]	Loss: nan	GenLoss: nan
Train Epoch: 30 [7680/9500 (80%)]	Loss: nan	GenLoss: nan
Train Epoch: 30 [8960/9500 (93%)]	Loss: nan	GenLoss: nan
====> Epoch: 30 Average loss: nan
====> Test set loss: nan
====> Generation loss: nan
--- 2965.75643992424 seconds ---
Traceback (most recent call last):
  File "3DConv.py", line 358, in <module>
    test(epoch, args.epochs, startTime)
  File "3DConv.py", line 339, in test
    Z_embedded = TSNE(n_components=2, verbose=1).fit_transform(zTensor.cpu())        
  File "/opt/anaconda3/lib/python3.7/site-packages/sklearn/manifold/t_sne.py", line 894, in fit_transform
    embedding = self._fit(X)
  File "/opt/anaconda3/lib/python3.7/site-packages/sklearn/manifold/t_sne.py", line 693, in _fit
    dtype=[np.float32, np.float64])
  File "/opt/anaconda3/lib/python3.7/site-packages/sklearn/utils/validation.py", line 573, in check_array
    allow_nan=force_all_finite == 'allow-nan')
  File "/opt/anaconda3/lib/python3.7/site-packages/sklearn/utils/validation.py", line 56, in _assert_all_finite
    raise ValueError(msg_err.format(type_err, X.dtype))
ValueError: Input contains NaN, infinity or a value too large for dtype('float32').
