----------------------------------------------------------------
        Layer (type)               Output Shape         Param #
================================================================
            Conv3d-1        [-1, 8, 18, 56, 56]           1,952
            Conv3d-2       [-1, 16, 16, 22, 22]          18,832
            Conv3d-3          [-1, 32, 4, 6, 6]          92,192
            Conv3d-4          [-1, 64, 2, 2, 2]         153,664
            Linear-5                   [-1, 16]           8,208
            Linear-6                   [-1, 16]           8,208
            Conv3d-7       [-1, 16, 20, 64, 64]           8,224
            Conv3d-8       [-1, 16, 20, 64, 64]           6,928
            Conv3d-9       [-1, 16, 20, 64, 64]           6,928
           Conv3d-10       [-1, 16, 20, 64, 64]           6,928
           Conv3d-11        [-1, 1, 20, 64, 64]              17
================================================================
Total params: 312,081
Trainable params: 312,081
Non-trainable params: 0
----------------------------------------------------------------
Input size (MB): 0.31
Forward/backward pass size (MB): 45.05
Params size (MB): 1.19
Estimated Total Size (MB): 46.56
----------------------------------------------------------------
====> Test set loss: 2482.6327
====> Generation loss: 2480.4297
--- 6.711459398269653 seconds ---
Train Epoch: 1 [0/9500 (0%)]	Loss: 2346.140869	GenLoss: 2344.285156
Train Epoch: 1 [640/9500 (7%)]	Loss: 2534.655518	GenLoss: 2532.409912
Train Epoch: 1 [1280/9500 (13%)]	Loss: 2285.862549	GenLoss: 2282.812744
Train Epoch: 1 [1920/9500 (20%)]	Loss: 2301.837158	GenLoss: 2299.566895
Train Epoch: 1 [2560/9500 (27%)]	Loss: 2366.140869	GenLoss: 2363.224609
Train Epoch: 1 [3200/9500 (34%)]	Loss: 2417.339355	GenLoss: 2414.765381
Train Epoch: 1 [3840/9500 (40%)]	Loss: 2280.376709	GenLoss: 2277.861084
Train Epoch: 1 [4480/9500 (47%)]	Loss: 2342.124756	GenLoss: 2338.878174
Train Epoch: 1 [5120/9500 (54%)]	Loss: 2452.283203	GenLoss: 2449.360840
Train Epoch: 1 [5760/9500 (60%)]	Loss: 2379.247314	GenLoss: 2377.285645
Train Epoch: 1 [6400/9500 (67%)]	Loss: 2301.500000	GenLoss: 2299.379395
Train Epoch: 1 [7040/9500 (74%)]	Loss: 2481.704834	GenLoss: 2479.864258
Train Epoch: 1 [7680/9500 (81%)]	Loss: 2288.200928	GenLoss: 2286.071533
Train Epoch: 1 [8320/9500 (87%)]	Loss: 2345.494629	GenLoss: 2343.049072
Train Epoch: 1 [8960/9500 (94%)]	Loss: 2384.890625	GenLoss: 2382.816650
====> Epoch: 1 Average loss: 2362.1444
====> Test set loss: 2494.3102
====> Generation loss: 2492.3504
Train Epoch: 2 [0/9500 (0%)]	Loss: 2481.484619	GenLoss: 2479.743164
Train Epoch: 2 [640/9500 (7%)]	Loss: 2457.535645	GenLoss: 2454.361816
Train Epoch: 2 [1280/9500 (13%)]	Loss: 2306.581299	GenLoss: 2301.226074
Train Epoch: 2 [1920/9500 (20%)]	Loss: 2260.817871	GenLoss: 2257.485352
Train Epoch: 2 [2560/9500 (27%)]	Loss: 2325.913574	GenLoss: 2323.435303
Train Epoch: 2 [3200/9500 (34%)]	Loss: 2435.631592	GenLoss: 2433.401123
Train Epoch: 2 [3840/9500 (40%)]	Loss: 2311.900879	GenLoss: 2310.249023
Train Epoch: 2 [4480/9500 (47%)]	Loss: 2327.927002	GenLoss: 2325.416016
Train Epoch: 2 [5120/9500 (54%)]	Loss: 2293.716553	GenLoss: 2290.787842
Train Epoch: 2 [5760/9500 (60%)]	Loss: 2401.266602	GenLoss: 2398.157959
Train Epoch: 2 [6400/9500 (67%)]	Loss: 2348.392090	GenLoss: 2345.010742
Train Epoch: 2 [7040/9500 (74%)]	Loss: 2315.457031	GenLoss: 2312.623779
Train Epoch: 2 [7680/9500 (81%)]	Loss: 2288.312012	GenLoss: 2285.854980
Train Epoch: 2 [8320/9500 (87%)]	Loss: 2176.864258	GenLoss: 2174.593750
Train Epoch: 2 [8960/9500 (94%)]	Loss: 2302.527588	GenLoss: 2300.134521
====> Epoch: 2 Average loss: 2360.4245
====> Test set loss: 2489.2039
====> Generation loss: 2485.7802
Train Epoch: 3 [0/9500 (0%)]	Loss: 2205.587891	GenLoss: 2202.814941
Train Epoch: 3 [640/9500 (7%)]	Loss: 2382.349365	GenLoss: 2380.328857
Train Epoch: 3 [1280/9500 (13%)]	Loss: 2336.531006	GenLoss: 2333.983643
Train Epoch: 3 [1920/9500 (20%)]	Loss: 2394.992920	GenLoss: 2389.147705
Train Epoch: 3 [2560/9500 (27%)]	Loss: 2290.286865	GenLoss: 2287.706299
Train Epoch: 3 [3200/9500 (34%)]	Loss: 2421.507324	GenLoss: 2419.370605
Train Epoch: 3 [3840/9500 (40%)]	Loss: 2450.453369	GenLoss: 2447.838623
Train Epoch: 3 [4480/9500 (47%)]	Loss: 2397.603271	GenLoss: 2395.538330
Train Epoch: 3 [5120/9500 (54%)]	Loss: 2257.106445	GenLoss: 2254.628418
Train Epoch: 3 [5760/9500 (60%)]	Loss: 2425.285400	GenLoss: 2421.873291
Train Epoch: 3 [6400/9500 (67%)]	Loss: 2402.646973	GenLoss: 2400.706299
Train Epoch: 3 [7040/9500 (74%)]	Loss: 2380.706543	GenLoss: 2377.842041
Train Epoch: 3 [7680/9500 (81%)]	Loss: 2340.112061	GenLoss: 2337.144531
Train Epoch: 3 [8320/9500 (87%)]	Loss: 2330.819824	GenLoss: 2328.367676
Train Epoch: 3 [8960/9500 (94%)]	Loss: 2274.854004	GenLoss: 2273.040039
====> Epoch: 3 Average loss: 2358.5860
====> Test set loss: 2482.5871
====> Generation loss: 2481.1564
Train Epoch: 4 [0/9500 (0%)]	Loss: 2308.404785	GenLoss: 2306.145996
Train Epoch: 4 [640/9500 (7%)]	Loss: 2287.532471	GenLoss: 2284.828125
Train Epoch: 4 [1280/9500 (13%)]	Loss: 2322.116211	GenLoss: 2319.711914
Train Epoch: 4 [1920/9500 (20%)]	Loss: 2417.239258	GenLoss: 2414.326416
Train Epoch: 4 [2560/9500 (27%)]	Loss: 2393.033203	GenLoss: 2390.561768
Train Epoch: 4 [3200/9500 (34%)]	Loss: 2412.437500	GenLoss: 2408.440430
Train Epoch: 4 [3840/9500 (40%)]	Loss: 2277.431152	GenLoss: 2275.471436
Train Epoch: 4 [4480/9500 (47%)]	Loss: 2489.852783	GenLoss: 2487.700684
Train Epoch: 4 [5120/9500 (54%)]	Loss: 2387.323486	GenLoss: 2385.078857
Train Epoch: 4 [5760/9500 (60%)]	Loss: 2402.993164	GenLoss: 2400.750732
Train Epoch: 4 [6400/9500 (67%)]	Loss: 2365.413574	GenLoss: 2362.721924
Train Epoch: 4 [7040/9500 (74%)]	Loss: 2402.844482	GenLoss: 2401.042969
Train Epoch: 4 [7680/9500 (81%)]	Loss: 2324.964844	GenLoss: 2322.697021
Train Epoch: 4 [8320/9500 (87%)]	Loss: 2315.063965	GenLoss: 2311.816895
Train Epoch: 4 [8960/9500 (94%)]	Loss: 2314.361816	GenLoss: 2312.026367
====> Epoch: 4 Average loss: 2354.1786
====> Test set loss: 2478.1128
====> Generation loss: 2475.5686
Train Epoch: 5 [0/9500 (0%)]	Loss: 2450.970947	GenLoss: 2449.098877
Train Epoch: 5 [640/9500 (7%)]	Loss: 2398.959229	GenLoss: 2396.437012
Train Epoch: 5 [1280/9500 (13%)]	Loss: 2381.043701	GenLoss: 2379.049316
Train Epoch: 5 [1920/9500 (20%)]	Loss: 2367.945068	GenLoss: 2366.040527
Train Epoch: 5 [2560/9500 (27%)]	Loss: 2375.691162	GenLoss: 2370.878906
Train Epoch: 5 [3200/9500 (34%)]	Loss: 2365.867188	GenLoss: 2364.509521
Train Epoch: 5 [3840/9500 (40%)]	Loss: 2317.694580	GenLoss: 2315.415771
Train Epoch: 5 [4480/9500 (47%)]	Loss: 2315.122070	GenLoss: 2313.298340
Train Epoch: 5 [5120/9500 (54%)]	Loss: 2470.796631	GenLoss: 2466.069092
Train Epoch: 5 [5760/9500 (60%)]	Loss: 2355.035400	GenLoss: 2352.546143
Train Epoch: 5 [6400/9500 (67%)]	Loss: 2411.131592	GenLoss: 2409.117188
Train Epoch: 5 [7040/9500 (74%)]	Loss: 2365.061768	GenLoss: 2362.263916
Train Epoch: 5 [7680/9500 (81%)]	Loss: 2279.476318	GenLoss: 2277.262939
Train Epoch: 5 [8320/9500 (87%)]	Loss: 2451.319092	GenLoss: 2449.315918
Train Epoch: 5 [8960/9500 (94%)]	Loss: 2272.765381	GenLoss: 2270.969727
====> Epoch: 5 Average loss: 2357.7172
====> Test set loss: 2480.4038
====> Generation loss: 2478.6001
Train Epoch: 6 [0/9500 (0%)]	Loss: 2439.594727	GenLoss: 2436.444824
Train Epoch: 6 [640/9500 (7%)]	Loss: 2246.699951	GenLoss: 2244.756592
Train Epoch: 6 [1280/9500 (13%)]	Loss: 2356.708496	GenLoss: 2353.677979
Train Epoch: 6 [1920/9500 (20%)]	Loss: 2346.623047	GenLoss: 2343.506348
Train Epoch: 6 [2560/9500 (27%)]	Loss: 2351.702637	GenLoss: 2349.548828
Train Epoch: 6 [3200/9500 (34%)]	Loss: 2321.354492	GenLoss: 2319.565186
Train Epoch: 6 [3840/9500 (40%)]	Loss: 2440.372803	GenLoss: 2438.078613
Train Epoch: 6 [4480/9500 (47%)]	Loss: 2445.843994	GenLoss: 2444.138672
Train Epoch: 6 [5120/9500 (54%)]	Loss: 2360.720947	GenLoss: 2358.503662
Train Epoch: 6 [5760/9500 (60%)]	Loss: 2294.301025	GenLoss: 2291.295898
Train Epoch: 6 [6400/9500 (67%)]	Loss: 2309.461670	GenLoss: 2306.052734
Train Epoch: 6 [7040/9500 (74%)]	Loss: 2281.275391	GenLoss: 2279.093994
Train Epoch: 6 [7680/9500 (81%)]	Loss: 2363.402832	GenLoss: 2360.901611
Train Epoch: 6 [8320/9500 (87%)]	Loss: 2452.022949	GenLoss: 2449.211182
Train Epoch: 6 [8960/9500 (94%)]	Loss: 2310.639648	GenLoss: 2308.144531
====> Epoch: 6 Average loss: 2357.1624
====> Test set loss: 2479.5256
====> Generation loss: 2477.4699
Train Epoch: 7 [0/9500 (0%)]	Loss: 2337.888428	GenLoss: 2336.216064
Train Epoch: 7 [640/9500 (7%)]	Loss: 2343.648438	GenLoss: 2341.403809
Train Epoch: 7 [1280/9500 (13%)]	Loss: 2296.222900	GenLoss: 2292.946533
Train Epoch: 7 [1920/9500 (20%)]	Loss: 2407.608643	GenLoss: 2405.253662
Train Epoch: 7 [2560/9500 (27%)]	Loss: 2335.990967	GenLoss: 2333.777100
Train Epoch: 7 [3200/9500 (34%)]	Loss: 2323.491455	GenLoss: 2320.431152
Train Epoch: 7 [3840/9500 (40%)]	Loss: 2386.405518	GenLoss: 2383.961426
Train Epoch: 7 [4480/9500 (47%)]	Loss: 2405.717285	GenLoss: 2403.415283
Train Epoch: 7 [5120/9500 (54%)]	Loss: 2325.624268	GenLoss: 2323.631104
Train Epoch: 7 [5760/9500 (60%)]	Loss: 2413.960205	GenLoss: 2411.993164
Train Epoch: 7 [6400/9500 (67%)]	Loss: 2319.230469	GenLoss: 2317.416748
Train Epoch: 7 [7040/9500 (74%)]	Loss: 2442.378174	GenLoss: 2439.890137
Train Epoch: 7 [7680/9500 (81%)]	Loss: 2319.493408	GenLoss: 2317.748535
Train Epoch: 7 [8320/9500 (87%)]	Loss: 2396.609131	GenLoss: 2395.292725
Train Epoch: 7 [8960/9500 (94%)]	Loss: 2383.183594	GenLoss: 2381.438477
====> Epoch: 7 Average loss: 2356.5511
====> Test set loss: 2504.1259
====> Generation loss: 2500.5239
Train Epoch: 8 [0/9500 (0%)]	Loss: 2315.081787	GenLoss: 2312.166260
Train Epoch: 8 [640/9500 (7%)]	Loss: 2322.603271	GenLoss: 2320.486572
Train Epoch: 8 [1280/9500 (13%)]	Loss: 2386.349121	GenLoss: 2383.891602
Train Epoch: 8 [1920/9500 (20%)]	Loss: 2306.531006	GenLoss: 2304.762451
Train Epoch: 8 [2560/9500 (27%)]	Loss: 2371.916992	GenLoss: 2369.552246
Train Epoch: 8 [3200/9500 (34%)]	Loss: 2346.623291	GenLoss: 2344.621826
Train Epoch: 8 [3840/9500 (40%)]	Loss: 2325.656494	GenLoss: 2323.663574
Train Epoch: 8 [4480/9500 (47%)]	Loss: 2456.350342	GenLoss: 2453.961182
Train Epoch: 8 [5120/9500 (54%)]	Loss: 2294.671631	GenLoss: 2293.161865
Train Epoch: 8 [5760/9500 (60%)]	Loss: 2367.950195	GenLoss: 2365.386719
Train Epoch: 8 [6400/9500 (67%)]	Loss: 2397.754150	GenLoss: 2395.286133
Train Epoch: 8 [7040/9500 (74%)]	Loss: 2309.595947	GenLoss: 2307.454834
Train Epoch: 8 [7680/9500 (81%)]	Loss: 2390.724854	GenLoss: 2386.941895
Train Epoch: 8 [8320/9500 (87%)]	Loss: 2326.533691	GenLoss: 2324.266602
Train Epoch: 8 [8960/9500 (94%)]	Loss: 2361.480713	GenLoss: 2359.531982
====> Epoch: 8 Average loss: 2353.7648
====> Test set loss: 2488.7209
====> Generation loss: 2484.9669
Train Epoch: 9 [0/9500 (0%)]	Loss: 2327.626709	GenLoss: 2325.156006
Train Epoch: 9 [640/9500 (7%)]	Loss: 2396.637939	GenLoss: 2392.690918
Train Epoch: 9 [1280/9500 (13%)]	Loss: 2385.359619	GenLoss: 2381.244629
Train Epoch: 9 [1920/9500 (20%)]	Loss: 2324.505127	GenLoss: 2321.283203
Train Epoch: 9 [2560/9500 (27%)]	Loss: 2283.777344	GenLoss: 2281.312256
Train Epoch: 9 [3200/9500 (34%)]	Loss: 2296.152832	GenLoss: 2293.625000
Train Epoch: 9 [3840/9500 (40%)]	Loss: 2419.744385	GenLoss: 2416.997803
Train Epoch: 9 [4480/9500 (47%)]	Loss: 2352.608398	GenLoss: 2350.640869
Train Epoch: 9 [5120/9500 (54%)]	Loss: 2306.171631	GenLoss: 2303.569824
Train Epoch: 9 [5760/9500 (60%)]	Loss: 2418.742188	GenLoss: 2415.809082
Train Epoch: 9 [6400/9500 (67%)]	Loss: 2320.084473	GenLoss: 2317.840820
Train Epoch: 9 [7040/9500 (74%)]	Loss: 2455.750977	GenLoss: 2453.641357
Train Epoch: 9 [7680/9500 (81%)]	Loss: 2314.923096	GenLoss: 2312.409180
Train Epoch: 9 [8320/9500 (87%)]	Loss: 2380.752197	GenLoss: 2379.195801
Train Epoch: 9 [8960/9500 (94%)]	Loss: 2484.137939	GenLoss: 2481.986816
====> Epoch: 9 Average loss: 2350.7232
====> Test set loss: 2482.0623
====> Generation loss: 2480.2610
Train Epoch: 10 [0/9500 (0%)]	Loss: 2457.218506	GenLoss: 2454.676270
Train Epoch: 10 [640/9500 (7%)]	Loss: 2290.494873	GenLoss: 2286.932617
Train Epoch: 10 [1280/9500 (13%)]	Loss: 2417.567871	GenLoss: 2415.065674
Train Epoch: 10 [1920/9500 (20%)]	Loss: 2312.156738	GenLoss: 2309.399658
Train Epoch: 10 [2560/9500 (27%)]	Loss: 2320.994873	GenLoss: 2318.093994
Train Epoch: 10 [3200/9500 (34%)]	Loss: 2414.179443	GenLoss: 2412.054443
Train Epoch: 10 [3840/9500 (40%)]	Loss: 2375.215088	GenLoss: 2373.261230
Train Epoch: 10 [4480/9500 (47%)]	Loss: 2325.943359	GenLoss: 2323.309814
Train Epoch: 10 [5120/9500 (54%)]	Loss: 2292.847656	GenLoss: 2290.653809
Train Epoch: 10 [5760/9500 (60%)]	Loss: 2377.299072	GenLoss: 2375.094727
Train Epoch: 10 [6400/9500 (67%)]	Loss: 2342.459229	GenLoss: 2340.950684
Train Epoch: 10 [7040/9500 (74%)]	Loss: 2307.276611	GenLoss: 2304.397461
Train Epoch: 10 [7680/9500 (81%)]	Loss: 2447.188232	GenLoss: 2444.729980
Train Epoch: 10 [8320/9500 (87%)]	Loss: 2343.719238	GenLoss: 2341.586426
Train Epoch: 10 [8960/9500 (94%)]	Loss: 2278.468750	GenLoss: 2277.106689
====> Epoch: 10 Average loss: 2352.0068
====> Test set loss: 2499.5239
====> Generation loss: 2496.9104
Train Epoch: 11 [0/9500 (0%)]	Loss: 2329.293945	GenLoss: 2326.800293
Train Epoch: 11 [640/9500 (7%)]	Loss: 2366.797119	GenLoss: 2363.922852
Train Epoch: 11 [1280/9500 (13%)]	Loss: 2458.236572	GenLoss: 2455.852051
Train Epoch: 11 [1920/9500 (20%)]	Loss: 2323.221924	GenLoss: 2321.440430
Train Epoch: 11 [2560/9500 (27%)]	Loss: 2272.466309	GenLoss: 2270.168701
Train Epoch: 11 [3200/9500 (34%)]	Loss: 2346.204102	GenLoss: 2344.198975
Train Epoch: 11 [3840/9500 (40%)]	Loss: 2328.806396	GenLoss: 2326.406006
Train Epoch: 11 [4480/9500 (47%)]	Loss: 2292.003662	GenLoss: 2290.120361
Train Epoch: 11 [5120/9500 (54%)]	Loss: 2360.398682	GenLoss: 2357.512207
Train Epoch: 11 [5760/9500 (60%)]	Loss: 2346.006836	GenLoss: 2344.377441
Train Epoch: 11 [6400/9500 (67%)]	Loss: 2409.508301	GenLoss: 2405.907715
Train Epoch: 11 [7040/9500 (74%)]	Loss: 2323.857666	GenLoss: 2321.485840
Train Epoch: 11 [7680/9500 (81%)]	Loss: 2298.890137	GenLoss: 2297.096924
Train Epoch: 11 [8320/9500 (87%)]	Loss: 2342.328369	GenLoss: 2340.528809
Train Epoch: 11 [8960/9500 (94%)]	Loss: 2340.392334	GenLoss: 2338.802002
====> Epoch: 11 Average loss: 2347.5141
====> Test set loss: 2483.0561
====> Generation loss: 2480.1531
Train Epoch: 12 [0/9500 (0%)]	Loss: 2445.963867	GenLoss: 2444.318848
Train Epoch: 12 [640/9500 (7%)]	Loss: 2341.473633	GenLoss: 2339.565674
Train Epoch: 12 [1280/9500 (13%)]	Loss: 2364.702637	GenLoss: 2361.730713
Train Epoch: 12 [1920/9500 (20%)]	Loss: 2428.618164	GenLoss: 2426.065918
Train Epoch: 12 [2560/9500 (27%)]	Loss: 2286.418945	GenLoss: 2283.123779
Train Epoch: 12 [3200/9500 (34%)]	Loss: 2357.369385	GenLoss: 2356.077148
Train Epoch: 12 [3840/9500 (40%)]	Loss: 2342.453613	GenLoss: 2340.232178
Train Epoch: 12 [4480/9500 (47%)]	Loss: 2374.083984	GenLoss: 2371.722900
Train Epoch: 12 [5120/9500 (54%)]	Loss: 2398.047852	GenLoss: 2395.816895
Train Epoch: 12 [5760/9500 (60%)]	Loss: 2350.108154	GenLoss: 2347.821289
Train Epoch: 12 [6400/9500 (67%)]	Loss: 2495.324463	GenLoss: 2493.676025
Train Epoch: 12 [7040/9500 (74%)]	Loss: 2201.423584	GenLoss: 2199.088867
Train Epoch: 12 [7680/9500 (81%)]	Loss: 2327.394531	GenLoss: 2325.353516
Train Epoch: 12 [8320/9500 (87%)]	Loss: 2328.004395	GenLoss: 2325.253662
Train Epoch: 12 [8960/9500 (94%)]	Loss: 2308.620117	GenLoss: 2307.066895
====> Epoch: 12 Average loss: 2347.5482
====> Test set loss: 2472.8999
====> Generation loss: 2470.9194
Train Epoch: 13 [0/9500 (0%)]	Loss: 2318.218262	GenLoss: 2315.756104
Train Epoch: 13 [640/9500 (7%)]	Loss: 2339.617188	GenLoss: 2337.505615
Train Epoch: 13 [1280/9500 (13%)]	Loss: 2287.314697	GenLoss: 2284.593750
Train Epoch: 13 [1920/9500 (20%)]	Loss: 2370.258545	GenLoss: 2369.031494
Train Epoch: 13 [2560/9500 (27%)]	Loss: 2489.837158	GenLoss: 2486.580566
Train Epoch: 13 [3200/9500 (34%)]	Loss: 2359.695312	GenLoss: 2358.207520
Train Epoch: 13 [3840/9500 (40%)]	Loss: 2379.126465	GenLoss: 2376.215088
Train Epoch: 13 [4480/9500 (47%)]	Loss: 2358.307861	GenLoss: 2354.609863
Train Epoch: 13 [5120/9500 (54%)]	Loss: 2292.995361	GenLoss: 2291.442871
Train Epoch: 13 [5760/9500 (60%)]	Loss: 2305.894043	GenLoss: 2304.112793
Train Epoch: 13 [6400/9500 (67%)]	Loss: 2334.146729	GenLoss: 2329.688721
Train Epoch: 13 [7040/9500 (74%)]	Loss: 2324.108154	GenLoss: 2322.563721
Train Epoch: 13 [7680/9500 (81%)]	Loss: 2313.956543	GenLoss: 2311.044189
Train Epoch: 13 [8320/9500 (87%)]	Loss: 2375.656494	GenLoss: 2374.213135
Train Epoch: 13 [8960/9500 (94%)]	Loss: 2388.636963	GenLoss: 2386.050293
====> Epoch: 13 Average loss: 2344.7206
====> Test set loss: 2478.5083
====> Generation loss: 2476.8863
Train Epoch: 14 [0/9500 (0%)]	Loss: 2168.452881	GenLoss: 2166.708008
Train Epoch: 14 [640/9500 (7%)]	Loss: 2316.283936	GenLoss: 2313.582031
Train Epoch: 14 [1280/9500 (13%)]	Loss: 2395.597656	GenLoss: 2393.613770
Train Epoch: 14 [1920/9500 (20%)]	Loss: 2441.744385	GenLoss: 2439.215088
Train Epoch: 14 [2560/9500 (27%)]	Loss: 2377.025635	GenLoss: 2375.418701
Train Epoch: 14 [3200/9500 (34%)]	Loss: 2338.109619	GenLoss: 2336.987305
Train Epoch: 14 [3840/9500 (40%)]	Loss: 2376.541260	GenLoss: 2374.991455
Train Epoch: 14 [4480/9500 (47%)]	Loss: 2405.345459	GenLoss: 2402.190674
Train Epoch: 14 [5120/9500 (54%)]	Loss: 2254.855713	GenLoss: 2251.612793
Train Epoch: 14 [5760/9500 (60%)]	Loss: 2366.135986	GenLoss: 2363.998535
Train Epoch: 14 [6400/9500 (67%)]	Loss: 2346.621338	GenLoss: 2345.047607
Train Epoch: 14 [7040/9500 (74%)]	Loss: 2382.488525	GenLoss: 2379.591064
Train Epoch: 14 [7680/9500 (81%)]	Loss: 2314.042969	GenLoss: 2311.872314
Train Epoch: 14 [8320/9500 (87%)]	Loss: 2380.641602	GenLoss: 2378.363525
Train Epoch: 14 [8960/9500 (94%)]	Loss: 2343.832031	GenLoss: 2342.268555
====> Epoch: 14 Average loss: 2341.1040
====> Test set loss: 2494.2280
====> Generation loss: 2491.3603
Train Epoch: 15 [0/9500 (0%)]	Loss: 2427.906250	GenLoss: 2425.355957
Train Epoch: 15 [640/9500 (7%)]	Loss: 2315.108154	GenLoss: 2313.530273
Train Epoch: 15 [1280/9500 (13%)]	Loss: 2423.887939	GenLoss: 2422.373535
Train Epoch: 15 [1920/9500 (20%)]	Loss: 2332.458496	GenLoss: 2329.824219
Train Epoch: 15 [2560/9500 (27%)]	Loss: 2341.634766	GenLoss: 2338.469482
Train Epoch: 15 [3200/9500 (34%)]	Loss: 2334.241699	GenLoss: 2332.456543
Train Epoch: 15 [3840/9500 (40%)]	Loss: 2238.898682	GenLoss: 2235.162354
Train Epoch: 15 [4480/9500 (47%)]	Loss: 2455.226318	GenLoss: 2453.758545
Train Epoch: 15 [5120/9500 (54%)]	Loss: 2268.209473	GenLoss: 2266.656250
Train Epoch: 15 [5760/9500 (60%)]	Loss: 2341.467529	GenLoss: 2339.151855
Train Epoch: 15 [6400/9500 (67%)]	Loss: 2307.462158	GenLoss: 2305.490723
Train Epoch: 15 [7040/9500 (74%)]	Loss: 2328.336182	GenLoss: 2324.875000
Train Epoch: 15 [7680/9500 (81%)]	Loss: 2511.829834	GenLoss: 2510.219238
Train Epoch: 15 [8320/9500 (87%)]	Loss: 2344.505127	GenLoss: 2341.983887
Train Epoch: 15 [8960/9500 (94%)]	Loss: 2350.927979	GenLoss: 2348.223877
====> Epoch: 15 Average loss: 2342.4598
====> Test set loss: 2490.8369
====> Generation loss: 2488.2277
Train Epoch: 16 [0/9500 (0%)]	Loss: 2323.980957	GenLoss: 2320.704590
Train Epoch: 16 [640/9500 (7%)]	Loss: 2348.245605	GenLoss: 2345.249023
Train Epoch: 16 [1280/9500 (13%)]	Loss: 2384.963379	GenLoss: 2383.242676
Train Epoch: 16 [1920/9500 (20%)]	Loss: 2346.933105	GenLoss: 2345.150879
Train Epoch: 16 [2560/9500 (27%)]	Loss: 2416.539307	GenLoss: 2412.667725
Train Epoch: 16 [3200/9500 (34%)]	Loss: 2247.363525	GenLoss: 2244.883301
Train Epoch: 16 [3840/9500 (40%)]	Loss: 2255.047363	GenLoss: 2253.221680
Train Epoch: 16 [4480/9500 (47%)]	Loss: 2340.534912	GenLoss: 2338.119141
Train Epoch: 16 [5120/9500 (54%)]	Loss: 2357.011719	GenLoss: 2355.134521
Train Epoch: 16 [5760/9500 (60%)]	Loss: 2315.076172	GenLoss: 2312.819336
Train Epoch: 16 [6400/9500 (67%)]	Loss: 2336.638184	GenLoss: 2334.199463
Train Epoch: 16 [7040/9500 (74%)]	Loss: 2273.195312	GenLoss: 2270.795898
Train Epoch: 16 [7680/9500 (81%)]	Loss: 2405.967285	GenLoss: 2403.596680
Train Epoch: 16 [8320/9500 (87%)]	Loss: 2447.477539	GenLoss: 2444.291504
Train Epoch: 16 [8960/9500 (94%)]	Loss: 2263.435303	GenLoss: 2262.119141
====> Epoch: 16 Average loss: 2343.2579
====> Test set loss: 2504.2367
====> Generation loss: 2501.8965
Train Epoch: 17 [0/9500 (0%)]	Loss: 2304.408447	GenLoss: 2301.929199
Train Epoch: 17 [640/9500 (7%)]	Loss: 2498.119629	GenLoss: 2493.886230
Train Epoch: 17 [1280/9500 (13%)]	Loss: 2408.777100	GenLoss: 2405.986816
Train Epoch: 17 [1920/9500 (20%)]	Loss: 2290.218750	GenLoss: 2288.435791
Train Epoch: 17 [2560/9500 (27%)]	Loss: 2332.888184	GenLoss: 2330.600098
Train Epoch: 17 [3200/9500 (34%)]	Loss: 2297.515381	GenLoss: 2295.455566
Train Epoch: 17 [3840/9500 (40%)]	Loss: 2229.191650	GenLoss: 2227.011963
Train Epoch: 17 [4480/9500 (47%)]	Loss: 2279.255615	GenLoss: 2276.684326
Train Epoch: 17 [5120/9500 (54%)]	Loss: 2313.771240	GenLoss: 2312.207031
Train Epoch: 17 [5760/9500 (60%)]	Loss: 2425.339111	GenLoss: 2423.454102
Train Epoch: 17 [6400/9500 (67%)]	Loss: 2455.120117	GenLoss: 2452.692139
Train Epoch: 17 [7040/9500 (74%)]	Loss: 2296.267822	GenLoss: 2294.902344
Train Epoch: 17 [7680/9500 (81%)]	Loss: 2459.417969	GenLoss: 2456.856689
Train Epoch: 17 [8320/9500 (87%)]	Loss: 2380.566650	GenLoss: 2378.446777
Train Epoch: 17 [8960/9500 (94%)]	Loss: 2337.346924	GenLoss: 2334.825684
====> Epoch: 17 Average loss: 2343.5266
====> Test set loss: 2503.2051
====> Generation loss: 2500.5304
Train Epoch: 18 [0/9500 (0%)]	Loss: 2436.510986	GenLoss: 2434.338867
Train Epoch: 18 [640/9500 (7%)]	Loss: 2282.759521	GenLoss: 2280.404297
Train Epoch: 18 [1280/9500 (13%)]	Loss: 2288.585205	GenLoss: 2285.406738
Train Epoch: 18 [1920/9500 (20%)]	Loss: 2303.643799	GenLoss: 2299.843750
Train Epoch: 18 [2560/9500 (27%)]	Loss: 2312.601562	GenLoss: 2309.187988
Train Epoch: 18 [3200/9500 (34%)]	Loss: 2432.468994	GenLoss: 2429.831055
Train Epoch: 18 [3840/9500 (40%)]	Loss: 2276.611816	GenLoss: 2274.919922
Train Epoch: 18 [4480/9500 (47%)]	Loss: 2346.797852	GenLoss: 2344.294189
Train Epoch: 18 [5120/9500 (54%)]	Loss: 2370.662598	GenLoss: 2368.675781
Train Epoch: 18 [5760/9500 (60%)]	Loss: 2328.852783	GenLoss: 2325.952148
Train Epoch: 18 [6400/9500 (67%)]	Loss: 2348.693604	GenLoss: 2346.261719
Train Epoch: 18 [7040/9500 (74%)]	Loss: 2294.781250	GenLoss: 2292.139648
Train Epoch: 18 [7680/9500 (81%)]	Loss: 2417.904541	GenLoss: 2415.090576
Train Epoch: 18 [8320/9500 (87%)]	Loss: 2246.035889	GenLoss: 2243.346680
Train Epoch: 18 [8960/9500 (94%)]	Loss: 2311.500732	GenLoss: 2309.081787
====> Epoch: 18 Average loss: 2338.7696
====> Test set loss: 2491.8555
====> Generation loss: 2490.0275
Train Epoch: 19 [0/9500 (0%)]	Loss: 2408.207520	GenLoss: 2406.575439
Train Epoch: 19 [640/9500 (7%)]	Loss: 2300.328613	GenLoss: 2298.431396
Train Epoch: 19 [1280/9500 (13%)]	Loss: 2375.185791	GenLoss: 2373.436035
Train Epoch: 19 [1920/9500 (20%)]	Loss: 2400.766846	GenLoss: 2398.623291
Train Epoch: 19 [2560/9500 (27%)]	Loss: 2287.918457	GenLoss: 2286.380371
Train Epoch: 19 [3200/9500 (34%)]	Loss: 2328.580322	GenLoss: 2326.657715
Train Epoch: 19 [3840/9500 (40%)]	Loss: 2305.944580	GenLoss: 2303.648682
Train Epoch: 19 [4480/9500 (47%)]	Loss: 2346.708740	GenLoss: 2345.107422
Train Epoch: 19 [5120/9500 (54%)]	Loss: 2370.986328	GenLoss: 2369.378906
Train Epoch: 19 [5760/9500 (60%)]	Loss: 2468.722168	GenLoss: 2466.915039
Train Epoch: 19 [6400/9500 (67%)]	Loss: 2324.224854	GenLoss: 2322.888184
Train Epoch: 19 [7040/9500 (74%)]	Loss: 2344.261475	GenLoss: 2342.420654
Train Epoch: 19 [7680/9500 (81%)]	Loss: 2202.518799	GenLoss: 2200.966309
Train Epoch: 19 [8320/9500 (87%)]	Loss: 2372.870850	GenLoss: 2371.080566
Train Epoch: 19 [8960/9500 (94%)]	Loss: 2357.801270	GenLoss: 2355.799805
====> Epoch: 19 Average loss: 2340.2820
====> Test set loss: 2474.1215
====> Generation loss: 2472.8302
Train Epoch: 20 [0/9500 (0%)]	Loss: 2314.776611	GenLoss: 2312.248047
Train Epoch: 20 [640/9500 (7%)]	Loss: 2321.287842	GenLoss: 2319.334473
Train Epoch: 20 [1280/9500 (13%)]	Loss: 2240.950928	GenLoss: 2239.177490
Train Epoch: 20 [1920/9500 (20%)]	Loss: 2425.367188	GenLoss: 2423.721436
Train Epoch: 20 [2560/9500 (27%)]	Loss: 2293.869873	GenLoss: 2291.786133
Train Epoch: 20 [3200/9500 (34%)]	Loss: 2291.788086	GenLoss: 2288.666748
Train Epoch: 20 [3840/9500 (40%)]	Loss: 2343.759521	GenLoss: 2340.595215
Train Epoch: 20 [4480/9500 (47%)]	Loss: 2300.927246	GenLoss: 2299.522705
Train Epoch: 20 [5120/9500 (54%)]	Loss: 2419.207520	GenLoss: 2417.072266
Train Epoch: 20 [5760/9500 (60%)]	Loss: 2260.871338	GenLoss: 2258.272461
Train Epoch: 20 [6400/9500 (67%)]	Loss: 2382.321045	GenLoss: 2379.082031
Train Epoch: 20 [7040/9500 (74%)]	Loss: 2228.416016	GenLoss: 2225.280762
Train Epoch: 20 [7680/9500 (81%)]	Loss: 2363.558594	GenLoss: 2361.633789
Train Epoch: 20 [8320/9500 (87%)]	Loss: 2337.186035	GenLoss: 2334.957031
Train Epoch: 20 [8960/9500 (94%)]	Loss: 2427.718994	GenLoss: 2425.290771
====> Epoch: 20 Average loss: 2337.4398
====> Test set loss: 2489.7919
====> Generation loss: 2486.9456
Train Epoch: 21 [0/9500 (0%)]	Loss: 2330.168457	GenLoss: 2328.713379
Train Epoch: 21 [640/9500 (7%)]	Loss: 2468.062256	GenLoss: 2465.858154
Train Epoch: 21 [1280/9500 (13%)]	Loss: 2376.350586	GenLoss: 2375.012695
Train Epoch: 21 [1920/9500 (20%)]	Loss: 2323.456787	GenLoss: 2321.782471
Train Epoch: 21 [2560/9500 (27%)]	Loss: 2346.136963	GenLoss: 2343.269775
Train Epoch: 21 [3200/9500 (34%)]	Loss: 2337.759277	GenLoss: 2336.463135
Train Epoch: 21 [3840/9500 (40%)]	Loss: 2344.541748	GenLoss: 2341.445068
Train Epoch: 21 [4480/9500 (47%)]	Loss: 2389.379639	GenLoss: 2386.708984
Train Epoch: 21 [5120/9500 (54%)]	Loss: 2301.056641	GenLoss: 2299.272461
Train Epoch: 21 [5760/9500 (60%)]	Loss: 2256.340332	GenLoss: 2252.724854
Train Epoch: 21 [6400/9500 (67%)]	Loss: 2434.824463	GenLoss: 2432.712891
Train Epoch: 21 [7040/9500 (74%)]	Loss: 2296.679688	GenLoss: 2294.907959
Train Epoch: 21 [7680/9500 (81%)]	Loss: 2274.058594	GenLoss: 2272.439941
Train Epoch: 21 [8320/9500 (87%)]	Loss: 2389.905029	GenLoss: 2388.173340
Train Epoch: 21 [8960/9500 (94%)]	Loss: 2235.930176	GenLoss: 2232.783936
====> Epoch: 21 Average loss: 2335.4224
====> Test set loss: 2484.4947
====> Generation loss: 2482.1840
Train Epoch: 22 [0/9500 (0%)]	Loss: 2399.318115	GenLoss: 2397.165283
Train Epoch: 22 [640/9500 (7%)]	Loss: 2311.238525	GenLoss: 2308.816895
Train Epoch: 22 [1280/9500 (13%)]	Loss: 2290.219238	GenLoss: 2288.426514
Train Epoch: 22 [1920/9500 (20%)]	Loss: 2529.068604	GenLoss: 2527.460938
Train Epoch: 22 [2560/9500 (27%)]	Loss: 2313.768555	GenLoss: 2312.108887
Train Epoch: 22 [3200/9500 (34%)]	Loss: 2300.605957	GenLoss: 2299.216553
Train Epoch: 22 [3840/9500 (40%)]	Loss: 2288.341553	GenLoss: 2286.190674
Train Epoch: 22 [4480/9500 (47%)]	Loss: 2326.871094	GenLoss: 2324.415283
Train Epoch: 22 [5120/9500 (54%)]	Loss: 2400.814697	GenLoss: 2398.482178
Train Epoch: 22 [5760/9500 (60%)]	Loss: 2423.719238	GenLoss: 2420.911133
Train Epoch: 22 [6400/9500 (67%)]	Loss: 2258.154053	GenLoss: 2256.513672
Train Epoch: 22 [7040/9500 (74%)]	Loss: 2307.580322	GenLoss: 2304.609619
Train Epoch: 22 [7680/9500 (81%)]	Loss: 2302.523682	GenLoss: 2300.261963
Train Epoch: 22 [8320/9500 (87%)]	Loss: 2273.452637	GenLoss: 2271.206299
Train Epoch: 22 [8960/9500 (94%)]	Loss: 2421.413086	GenLoss: 2418.496338
====> Epoch: 22 Average loss: 2332.9905
====> Test set loss: 2486.3356
====> Generation loss: 2483.4919
Train Epoch: 23 [0/9500 (0%)]	Loss: 2281.089355	GenLoss: 2279.427734
Train Epoch: 23 [640/9500 (7%)]	Loss: 2436.108398	GenLoss: 2433.913330
Train Epoch: 23 [1280/9500 (13%)]	Loss: 2352.025391	GenLoss: 2350.442627
Train Epoch: 23 [1920/9500 (20%)]	Loss: 2376.730469	GenLoss: 2373.795410
Train Epoch: 23 [2560/9500 (27%)]	Loss: 2287.410645	GenLoss: 2284.254150
Train Epoch: 23 [3200/9500 (34%)]	Loss: 2420.050049	GenLoss: 2417.666748
Train Epoch: 23 [3840/9500 (40%)]	Loss: 2216.311523	GenLoss: 2214.453369
Train Epoch: 23 [4480/9500 (47%)]	Loss: 2238.592041	GenLoss: 2236.782959
Train Epoch: 23 [5120/9500 (54%)]	Loss: 2243.318359	GenLoss: 2240.994873
Train Epoch: 23 [5760/9500 (60%)]	Loss: 2271.863281	GenLoss: 2270.390625
Train Epoch: 23 [6400/9500 (67%)]	Loss: 2299.891602	GenLoss: 2297.766113
Train Epoch: 23 [7040/9500 (74%)]	Loss: 2417.192627	GenLoss: 2415.165527
Train Epoch: 23 [7680/9500 (81%)]	Loss: 2391.818359	GenLoss: 2390.125000
Train Epoch: 23 [8320/9500 (87%)]	Loss: 2283.384766	GenLoss: 2280.869629
Train Epoch: 23 [8960/9500 (94%)]	Loss: 2321.991211	GenLoss: 2319.972900
====> Epoch: 23 Average loss: 2334.6698
====> Test set loss: 2478.7157
====> Generation loss: 2474.9247
Train Epoch: 24 [0/9500 (0%)]	Loss: 2291.407715	GenLoss: 2290.056885
Train Epoch: 24 [640/9500 (7%)]	Loss: 2253.333008	GenLoss: 2251.168945
Train Epoch: 24 [1280/9500 (13%)]	Loss: 2360.235840	GenLoss: 2357.210693
Train Epoch: 24 [1920/9500 (20%)]	Loss: 2316.773438	GenLoss: 2315.366699
Train Epoch: 24 [2560/9500 (27%)]	Loss: 2289.307129	GenLoss: 2285.967041
Train Epoch: 24 [3200/9500 (34%)]	Loss: 2373.826172	GenLoss: 2372.100830
Train Epoch: 24 [3840/9500 (40%)]	Loss: 2344.421875	GenLoss: 2342.963135
Train Epoch: 24 [4480/9500 (47%)]	Loss: 2341.783447	GenLoss: 2339.342041
Train Epoch: 24 [5120/9500 (54%)]	Loss: 2384.660889	GenLoss: 2382.622559
Train Epoch: 24 [5760/9500 (60%)]	Loss: 2308.407227	GenLoss: 2306.247803
Train Epoch: 24 [6400/9500 (67%)]	Loss: 2354.265869	GenLoss: 2352.517578
Train Epoch: 24 [7040/9500 (74%)]	Loss: 2348.178955	GenLoss: 2346.136719
Train Epoch: 24 [7680/9500 (81%)]	Loss: 2375.155029	GenLoss: 2373.352051
Train Epoch: 24 [8320/9500 (87%)]	Loss: 2379.325684	GenLoss: 2376.896729
Train Epoch: 24 [8960/9500 (94%)]	Loss: 2289.875732	GenLoss: 2288.322266
====> Epoch: 24 Average loss: 2330.3445
====> Test set loss: 2472.4157
====> Generation loss: 2470.8107
Train Epoch: 25 [0/9500 (0%)]	Loss: 2341.152344	GenLoss: 2337.928955
Train Epoch: 25 [640/9500 (7%)]	Loss: 2360.311768	GenLoss: 2358.615723
Train Epoch: 25 [1280/9500 (13%)]	Loss: 2266.299072	GenLoss: 2264.525391
Train Epoch: 25 [1920/9500 (20%)]	Loss: 2322.140869	GenLoss: 2319.747803
Train Epoch: 25 [2560/9500 (27%)]	Loss: 2338.030518	GenLoss: 2336.896973
Train Epoch: 25 [3200/9500 (34%)]	Loss: 2272.133057	GenLoss: 2269.006348
Train Epoch: 25 [3840/9500 (40%)]	Loss: 2414.215576	GenLoss: 2412.261719
Train Epoch: 25 [4480/9500 (47%)]	Loss: 2402.294922	GenLoss: 2398.542480
Train Epoch: 25 [5120/9500 (54%)]	Loss: 2278.432373	GenLoss: 2276.125977
Train Epoch: 25 [5760/9500 (60%)]	Loss: 2297.076904	GenLoss: 2295.202637
Train Epoch: 25 [6400/9500 (67%)]	Loss: 2224.726807	GenLoss: 2223.199463
Train Epoch: 25 [7040/9500 (74%)]	Loss: 2344.517090	GenLoss: 2342.342773
Train Epoch: 25 [7680/9500 (81%)]	Loss: 2349.048584	GenLoss: 2347.139160
Train Epoch: 25 [8320/9500 (87%)]	Loss: 2303.711182	GenLoss: 2301.522217
Train Epoch: 25 [8960/9500 (94%)]	Loss: 2395.824707	GenLoss: 2393.759521
====> Epoch: 25 Average loss: 2331.3070
====> Test set loss: 2484.7907
====> Generation loss: 2482.3985
Train Epoch: 26 [0/9500 (0%)]	Loss: 2314.782715	GenLoss: 2312.358398
Train Epoch: 26 [640/9500 (7%)]	Loss: 2423.026611	GenLoss: 2421.789795
Train Epoch: 26 [1280/9500 (13%)]	Loss: 2323.195557	GenLoss: 2321.152100
Train Epoch: 26 [1920/9500 (20%)]	Loss: 2336.383301	GenLoss: 2334.753906
Train Epoch: 26 [2560/9500 (27%)]	Loss: 2271.736328	GenLoss: 2270.522705
Train Epoch: 26 [3200/9500 (34%)]	Loss: 2396.763916	GenLoss: 2392.619141
Train Epoch: 26 [3840/9500 (40%)]	Loss: 2400.646484	GenLoss: 2396.406738
Train Epoch: 26 [4480/9500 (47%)]	Loss: 2253.704102	GenLoss: 2249.788818
Train Epoch: 26 [5120/9500 (54%)]	Loss: 2230.476318	GenLoss: 2228.835449
Train Epoch: 26 [5760/9500 (60%)]	Loss: 2242.209717	GenLoss: 2240.129395
Train Epoch: 26 [6400/9500 (67%)]	Loss: 2367.247314	GenLoss: 2364.798584
Train Epoch: 26 [7040/9500 (74%)]	Loss: 2345.753662	GenLoss: 2342.871338
Train Epoch: 26 [7680/9500 (81%)]	Loss: 2391.396729	GenLoss: 2389.770996
Train Epoch: 26 [8320/9500 (87%)]	Loss: 2289.443359	GenLoss: 2287.146973
Train Epoch: 26 [8960/9500 (94%)]	Loss: 2366.552246	GenLoss: 2365.048584
====> Epoch: 26 Average loss: 2337.3714
====> Test set loss: 2488.4787
====> Generation loss: 2486.2425
Train Epoch: 27 [0/9500 (0%)]	Loss: 2359.181641	GenLoss: 2358.204346
Train Epoch: 27 [640/9500 (7%)]	Loss: 2323.653076	GenLoss: 2322.312500
Train Epoch: 27 [1280/9500 (13%)]	Loss: 2356.719482	GenLoss: 2354.447510
Train Epoch: 27 [1920/9500 (20%)]	Loss: 2443.411865	GenLoss: 2441.347168
Train Epoch: 27 [2560/9500 (27%)]	Loss: 2457.352539	GenLoss: 2454.560303
Train Epoch: 27 [3200/9500 (34%)]	Loss: 2367.900879	GenLoss: 2366.147461
Train Epoch: 27 [3840/9500 (40%)]	Loss: 2297.608398	GenLoss: 2296.068115
Train Epoch: 27 [4480/9500 (47%)]	Loss: 2301.128662	GenLoss: 2298.279053
Train Epoch: 27 [5120/9500 (54%)]	Loss: 2486.836426	GenLoss: 2484.739502
Train Epoch: 27 [5760/9500 (60%)]	Loss: 2313.984131	GenLoss: 2311.943848
Train Epoch: 27 [6400/9500 (67%)]	Loss: 2381.510742	GenLoss: 2379.690674
Train Epoch: 27 [7040/9500 (74%)]	Loss: 2387.633301	GenLoss: 2385.836426
Train Epoch: 27 [7680/9500 (81%)]	Loss: 2297.434326	GenLoss: 2295.722412
Train Epoch: 27 [8320/9500 (87%)]	Loss: 2259.267578	GenLoss: 2256.738281
Train Epoch: 27 [8960/9500 (94%)]	Loss: 2334.913086	GenLoss: 2333.601074
====> Epoch: 27 Average loss: 2330.3864
====> Test set loss: 2476.2439
====> Generation loss: 2474.3019
Train Epoch: 28 [0/9500 (0%)]	Loss: 2244.056396	GenLoss: 2241.570068
Train Epoch: 28 [640/9500 (7%)]	Loss: 2217.088623	GenLoss: 2215.174316
Train Epoch: 28 [1280/9500 (13%)]	Loss: 2373.944580	GenLoss: 2371.435791
Train Epoch: 28 [1920/9500 (20%)]	Loss: 2382.253174	GenLoss: 2380.306641
Train Epoch: 28 [2560/9500 (27%)]	Loss: 2406.026855	GenLoss: 2402.265625
Train Epoch: 28 [3200/9500 (34%)]	Loss: 2353.194824	GenLoss: 2350.462158
Train Epoch: 28 [3840/9500 (40%)]	Loss: 2476.436768	GenLoss: 2474.399414
Train Epoch: 28 [4480/9500 (47%)]	Loss: 2279.031494	GenLoss: 2277.253662
Train Epoch: 28 [5120/9500 (54%)]	Loss: 2466.536621	GenLoss: 2464.094727
Train Epoch: 28 [5760/9500 (60%)]	Loss: 2205.889160	GenLoss: 2203.545654
Train Epoch: 28 [6400/9500 (67%)]	Loss: 2288.666992	GenLoss: 2286.262939
Train Epoch: 28 [7040/9500 (74%)]	Loss: 2177.001953	GenLoss: 2174.553955
Train Epoch: 28 [7680/9500 (81%)]	Loss: 2307.073975	GenLoss: 2304.823486
Train Epoch: 28 [8320/9500 (87%)]	Loss: 2351.107666	GenLoss: 2349.738525
Train Epoch: 28 [8960/9500 (94%)]	Loss: 2231.623535	GenLoss: 2229.964355
====> Epoch: 28 Average loss: 2328.1243
====> Test set loss: 2485.6602
====> Generation loss: 2483.4334
Train Epoch: 29 [0/9500 (0%)]	Loss: 2406.379150	GenLoss: 2404.773926
Train Epoch: 29 [640/9500 (7%)]	Loss: 2334.744141	GenLoss: 2332.681641
Train Epoch: 29 [1280/9500 (13%)]	Loss: 2265.578613	GenLoss: 2263.928467
Train Epoch: 29 [1920/9500 (20%)]	Loss: 2177.696045	GenLoss: 2175.857666
Train Epoch: 29 [2560/9500 (27%)]	Loss: 2384.705322	GenLoss: 2383.324219
Train Epoch: 29 [3200/9500 (34%)]	Loss: 2274.646729	GenLoss: 2271.295410
Train Epoch: 29 [3840/9500 (40%)]	Loss: 2399.772217	GenLoss: 2395.892578
Train Epoch: 29 [4480/9500 (47%)]	Loss: 2301.680176	GenLoss: 2300.066162
Train Epoch: 29 [5120/9500 (54%)]	Loss: 2288.546143	GenLoss: 2287.143555
Train Epoch: 29 [5760/9500 (60%)]	Loss: 2293.120117	GenLoss: 2291.555176
Train Epoch: 29 [6400/9500 (67%)]	Loss: 2394.244629	GenLoss: 2392.290283
Train Epoch: 29 [7040/9500 (74%)]	Loss: 2341.343018	GenLoss: 2339.406982
Train Epoch: 29 [7680/9500 (81%)]	Loss: 2520.234375	GenLoss: 2518.390381
Train Epoch: 29 [8320/9500 (87%)]	Loss: 2304.352539	GenLoss: 2302.523926
Train Epoch: 29 [8960/9500 (94%)]	Loss: 2408.084473	GenLoss: 2406.079102
====> Epoch: 29 Average loss: 2327.9780
====> Test set loss: 2499.5580
====> Generation loss: 2497.3440
Train Epoch: 30 [0/9500 (0%)]	Loss: 2327.420654	GenLoss: 2324.178711
Train Epoch: 30 [640/9500 (7%)]	Loss: 2269.455078	GenLoss: 2268.048828
Train Epoch: 30 [1280/9500 (13%)]	Loss: 2247.040283	GenLoss: 2244.886230
Train Epoch: 30 [1920/9500 (20%)]	Loss: 2372.566650	GenLoss: 2371.079346
Train Epoch: 30 [2560/9500 (27%)]	Loss: 2267.194336	GenLoss: 2264.823242
Train Epoch: 30 [3200/9500 (34%)]	Loss: 2293.891846	GenLoss: 2290.980713
Train Epoch: 30 [3840/9500 (40%)]	Loss: 2367.339844	GenLoss: 2365.730469
Train Epoch: 30 [4480/9500 (47%)]	Loss: 2466.191650	GenLoss: 2464.483643
Train Epoch: 30 [5120/9500 (54%)]	Loss: 2423.512695	GenLoss: 2421.830811
Train Epoch: 30 [5760/9500 (60%)]	Loss: 2334.405518	GenLoss: 2333.156494
Train Epoch: 30 [6400/9500 (67%)]	Loss: 2314.105957	GenLoss: 2311.629883
Train Epoch: 30 [7040/9500 (74%)]	Loss: 2377.705078	GenLoss: 2375.304932
Train Epoch: 30 [7680/9500 (81%)]	Loss: 2402.911133	GenLoss: 2401.278320
Train Epoch: 30 [8320/9500 (87%)]	Loss: 2371.793457	GenLoss: 2370.203613
Train Epoch: 30 [8960/9500 (94%)]	Loss: 2281.191406	GenLoss: 2278.655762
====> Epoch: 30 Average loss: 2333.0349
====> Test set loss: 2482.6177
====> Generation loss: 2480.8537
--- 3950.8482954502106 seconds ---
----------------------------------------------------------------
        Layer (type)               Output Shape         Param #
================================================================
            Conv3d-1        [-1, 8, 18, 56, 56]           1,952
            Conv3d-2       [-1, 16, 16, 22, 22]          18,832
            Conv3d-3          [-1, 32, 4, 6, 6]          92,192
            Conv3d-4          [-1, 64, 2, 2, 2]         153,664
            Linear-5                   [-1, 16]           8,208
            Linear-6                   [-1, 16]           8,208
            Conv3d-7       [-1, 16, 20, 64, 64]           8,224
            Conv3d-8       [-1, 16, 20, 64, 64]           6,928
            Conv3d-9       [-1, 16, 20, 64, 64]           6,928
           Conv3d-10       [-1, 16, 20, 64, 64]           6,928
           Conv3d-11        [-1, 1, 20, 64, 64]              17
================================================================
Total params: 312,081
Trainable params: 312,081
Non-trainable params: 0
----------------------------------------------------------------
Input size (MB): 0.31
Forward/backward pass size (MB): 45.05
Params size (MB): 1.19
Estimated Total Size (MB): 46.56
----------------------------------------------------------------
====> Test set loss: 2546.4620
====> Generation loss: 2543.9727
--- 6.393248081207275 seconds ---
Train Epoch: 1 [0/9500 (0%)]	Loss: 2428.032959	GenLoss: 2425.833740
Train Epoch: 1 [1280/9500 (13%)]	Loss: 2367.139648	GenLoss: 2364.626221
Train Epoch: 1 [2560/9500 (27%)]	Loss: 2494.648193	GenLoss: 2491.555908
Train Epoch: 1 [3840/9500 (40%)]	Loss: 2415.432617	GenLoss: 2413.001221
Train Epoch: 1 [5120/9500 (53%)]	Loss: 2574.124023	GenLoss: 2571.444336
Train Epoch: 1 [6400/9500 (67%)]	Loss: 2404.635010	GenLoss: 2402.446289
Train Epoch: 1 [7680/9500 (80%)]	Loss: 2462.514404	GenLoss: 2459.888672
Train Epoch: 1 [8960/9500 (93%)]	Loss: 2384.245361	GenLoss: 2381.674561
====> Epoch: 1 Average loss: 2453.2734
====> Test set loss: 2551.9925
====> Generation loss: 2550.0082
Train Epoch: 2 [0/9500 (0%)]	Loss: 2509.046875	GenLoss: 2505.946289
Train Epoch: 2 [1280/9500 (13%)]	Loss: 2434.605469	GenLoss: 2432.520508
Train Epoch: 2 [2560/9500 (27%)]	Loss: 2426.928955	GenLoss: 2424.541504
Train Epoch: 2 [3840/9500 (40%)]	Loss: 2446.822998	GenLoss: 2444.361816
Train Epoch: 2 [5120/9500 (53%)]	Loss: 2394.533447	GenLoss: 2392.072021
Train Epoch: 2 [6400/9500 (67%)]	Loss: 2456.566162	GenLoss: 2454.261719
Train Epoch: 2 [7680/9500 (80%)]	Loss: 2344.437988	GenLoss: 2342.680664
Train Epoch: 2 [8960/9500 (93%)]	Loss: 2439.778809	GenLoss: 2437.034912
====> Epoch: 2 Average loss: 2452.5206
====> Test set loss: 2538.7908
====> Generation loss: 2537.0836
Train Epoch: 3 [0/9500 (0%)]	Loss: 2366.196777	GenLoss: 2364.292969
Train Epoch: 3 [1280/9500 (13%)]	Loss: 2479.196289	GenLoss: 2476.981934
Train Epoch: 3 [2560/9500 (27%)]	Loss: 2424.804199	GenLoss: 2422.350830
Train Epoch: 3 [3840/9500 (40%)]	Loss: 2541.654297	GenLoss: 2539.917480
Train Epoch: 3 [5120/9500 (53%)]	Loss: 2385.941650	GenLoss: 2383.969482
Train Epoch: 3 [6400/9500 (67%)]	Loss: 2489.235352	GenLoss: 2486.274414
Train Epoch: 3 [7680/9500 (80%)]	Loss: 2489.289551	GenLoss: 2486.955566
Train Epoch: 3 [8960/9500 (93%)]	Loss: 2450.611328	GenLoss: 2447.527832
====> Epoch: 3 Average loss: 2451.4903
====> Test set loss: 2544.3425
====> Generation loss: 2541.7582
Train Epoch: 4 [0/9500 (0%)]	Loss: 2469.344971	GenLoss: 2467.441162
Train Epoch: 4 [1280/9500 (13%)]	Loss: 2441.791260	GenLoss: 2439.124023
Train Epoch: 4 [2560/9500 (27%)]	Loss: 2492.329102	GenLoss: 2489.586670
Train Epoch: 4 [3840/9500 (40%)]	Loss: 2379.655518	GenLoss: 2376.826660
Train Epoch: 4 [5120/9500 (53%)]	Loss: 2495.290771	GenLoss: 2492.442139
Train Epoch: 4 [6400/9500 (67%)]	Loss: 2445.095703	GenLoss: 2442.933594
Train Epoch: 4 [7680/9500 (80%)]	Loss: 2425.297607	GenLoss: 2423.206055
Train Epoch: 4 [8960/9500 (93%)]	Loss: 2408.337891	GenLoss: 2405.979248
====> Epoch: 4 Average loss: 2443.5707
====> Test set loss: 2541.4903
====> Generation loss: 2539.0861
Train Epoch: 5 [0/9500 (0%)]	Loss: 2443.499756	GenLoss: 2441.280029
Train Epoch: 5 [1280/9500 (13%)]	Loss: 2422.711182	GenLoss: 2420.382080
Train Epoch: 5 [2560/9500 (27%)]	Loss: 2469.071289	GenLoss: 2466.648193
Train Epoch: 5 [3840/9500 (40%)]	Loss: 2425.975830	GenLoss: 2423.126709
Train Epoch: 5 [5120/9500 (53%)]	Loss: 2480.341064	GenLoss: 2478.358643
Train Epoch: 5 [6400/9500 (67%)]	Loss: 2503.380371	GenLoss: 2501.199707
Train Epoch: 5 [7680/9500 (80%)]	Loss: 2451.085449	GenLoss: 2448.600830
Train Epoch: 5 [8960/9500 (93%)]	Loss: 2365.296875	GenLoss: 2363.220215
====> Epoch: 5 Average loss: 2438.3644
====> Test set loss: 2547.1536
====> Generation loss: 2545.3523
Train Epoch: 6 [0/9500 (0%)]	Loss: 2532.347656	GenLoss: 2530.363770
Train Epoch: 6 [1280/9500 (13%)]	Loss: 2431.739990	GenLoss: 2429.285400
Train Epoch: 6 [2560/9500 (27%)]	Loss: 2586.480957	GenLoss: 2584.318848
Train Epoch: 6 [3840/9500 (40%)]	Loss: 2537.916504	GenLoss: 2535.663818
Train Epoch: 6 [5120/9500 (53%)]	Loss: 2391.047363	GenLoss: 2387.454834
Train Epoch: 6 [6400/9500 (67%)]	Loss: 2404.123779	GenLoss: 2401.696777
Train Epoch: 6 [7680/9500 (80%)]	Loss: 2436.686279	GenLoss: 2434.888428
Train Epoch: 6 [8960/9500 (93%)]	Loss: 2384.758545	GenLoss: 2382.643311
====> Epoch: 6 Average loss: 2449.3207
====> Test set loss: 2540.1757
====> Generation loss: 2538.2345
Train Epoch: 7 [0/9500 (0%)]	Loss: 2449.043945	GenLoss: 2446.607666
Train Epoch: 7 [1280/9500 (13%)]	Loss: 2359.924316	GenLoss: 2357.881592
Train Epoch: 7 [2560/9500 (27%)]	Loss: 2390.646484	GenLoss: 2388.173340
Train Epoch: 7 [3840/9500 (40%)]	Loss: 2487.300537	GenLoss: 2484.788574
Train Epoch: 7 [5120/9500 (53%)]	Loss: 2475.172363	GenLoss: 2473.205566
Train Epoch: 7 [6400/9500 (67%)]	Loss: 2397.909180	GenLoss: 2395.560547
Train Epoch: 7 [7680/9500 (80%)]	Loss: 2429.433350	GenLoss: 2427.179688
Train Epoch: 7 [8960/9500 (93%)]	Loss: 2525.771484	GenLoss: 2523.284180
====> Epoch: 7 Average loss: 2438.9045
====> Test set loss: 2543.6629
====> Generation loss: 2541.3447
Train Epoch: 8 [0/9500 (0%)]	Loss: 2427.056152	GenLoss: 2424.322510
Train Epoch: 8 [1280/9500 (13%)]	Loss: 2428.459473	GenLoss: 2425.931152
Train Epoch: 8 [2560/9500 (27%)]	Loss: 2469.375732	GenLoss: 2466.689697
Train Epoch: 8 [3840/9500 (40%)]	Loss: 2413.207275	GenLoss: 2410.911133
Train Epoch: 8 [5120/9500 (53%)]	Loss: 2383.720703	GenLoss: 2381.557129
Train Epoch: 8 [6400/9500 (67%)]	Loss: 2394.073486	GenLoss: 2392.092773
Train Epoch: 8 [7680/9500 (80%)]	Loss: 2499.343506	GenLoss: 2496.666504
Train Epoch: 8 [8960/9500 (93%)]	Loss: 2449.388184	GenLoss: 2447.140381
====> Epoch: 8 Average loss: 2432.3045
====> Test set loss: 2549.6728
====> Generation loss: 2547.4466
Train Epoch: 9 [0/9500 (0%)]	Loss: 2454.813477	GenLoss: 2452.628906
Train Epoch: 9 [1280/9500 (13%)]	Loss: 2446.450684	GenLoss: 2444.504395
Train Epoch: 9 [2560/9500 (27%)]	Loss: 2419.907715	GenLoss: 2416.738281
Train Epoch: 9 [3840/9500 (40%)]	Loss: 2424.553223	GenLoss: 2422.540527
Train Epoch: 9 [5120/9500 (53%)]	Loss: 2382.572998	GenLoss: 2380.348877
Train Epoch: 9 [6400/9500 (67%)]	Loss: 2448.156006	GenLoss: 2446.060547
Train Epoch: 9 [7680/9500 (80%)]	Loss: 2350.048096	GenLoss: 2348.060547
Train Epoch: 9 [8960/9500 (93%)]	Loss: 2481.518799	GenLoss: 2479.469727
====> Epoch: 9 Average loss: 2432.2705
====> Test set loss: 2540.8769
====> Generation loss: 2538.6082
Train Epoch: 10 [0/9500 (0%)]	Loss: 2530.518555	GenLoss: 2528.896484
Train Epoch: 10 [1280/9500 (13%)]	Loss: 2503.736328	GenLoss: 2501.876953
Train Epoch: 10 [2560/9500 (27%)]	Loss: 2401.230957	GenLoss: 2399.262695
Train Epoch: 10 [3840/9500 (40%)]	Loss: 2406.822510	GenLoss: 2404.805420
Train Epoch: 10 [5120/9500 (53%)]	Loss: 2361.719971	GenLoss: 2358.427490
Train Epoch: 10 [6400/9500 (67%)]	Loss: 2471.643066	GenLoss: 2468.347412
Train Epoch: 10 [7680/9500 (80%)]	Loss: 2560.112549	GenLoss: 2557.601562
Train Epoch: 10 [8960/9500 (93%)]	Loss: 2364.871338	GenLoss: 2362.227295
====> Epoch: 10 Average loss: 2433.4140
====> Test set loss: 2583.7645
====> Generation loss: 2581.1490
Train Epoch: 11 [0/9500 (0%)]	Loss: 2443.494629	GenLoss: 2440.992676
Train Epoch: 11 [1280/9500 (13%)]	Loss: 2543.749756	GenLoss: 2541.522949
Train Epoch: 11 [2560/9500 (27%)]	Loss: 2373.079590	GenLoss: 2370.474609
Train Epoch: 11 [3840/9500 (40%)]	Loss: 2394.829102	GenLoss: 2391.592529
Train Epoch: 11 [5120/9500 (53%)]	Loss: 2370.377686	GenLoss: 2367.723389
Train Epoch: 11 [6400/9500 (67%)]	Loss: 2468.316406	GenLoss: 2466.435547
Train Epoch: 11 [7680/9500 (80%)]	Loss: 2373.788330	GenLoss: 2371.480713
Train Epoch: 11 [8960/9500 (93%)]	Loss: 2459.588867	GenLoss: 2456.926758
====> Epoch: 11 Average loss: 2432.1113
====> Test set loss: 2557.2067
====> Generation loss: 2553.6220
Train Epoch: 12 [0/9500 (0%)]	Loss: 2522.766357	GenLoss: 2520.078857
Train Epoch: 12 [1280/9500 (13%)]	Loss: 2379.497070	GenLoss: 2377.422119
Train Epoch: 12 [2560/9500 (27%)]	Loss: 2413.226562	GenLoss: 2410.722168
Train Epoch: 12 [3840/9500 (40%)]	Loss: 2390.917236	GenLoss: 2389.011230
Train Epoch: 12 [5120/9500 (53%)]	Loss: 2498.515625	GenLoss: 2496.340088
Train Epoch: 12 [6400/9500 (67%)]	Loss: 2556.729980	GenLoss: 2554.732178
Train Epoch: 12 [7680/9500 (80%)]	Loss: 2333.925293	GenLoss: 2332.107178
Train Epoch: 12 [8960/9500 (93%)]	Loss: 2394.273438	GenLoss: 2391.772461
====> Epoch: 12 Average loss: 2431.5199
====> Test set loss: 2529.1377
====> Generation loss: 2527.3509
Train Epoch: 13 [0/9500 (0%)]	Loss: 2395.082031	GenLoss: 2392.973633
Train Epoch: 13 [1280/9500 (13%)]	Loss: 2461.798096	GenLoss: 2459.468994
Train Epoch: 13 [2560/9500 (27%)]	Loss: 2496.326416	GenLoss: 2494.221191
Train Epoch: 13 [3840/9500 (40%)]	Loss: 2426.761719	GenLoss: 2424.641602
Train Epoch: 13 [5120/9500 (53%)]	Loss: 2348.256592	GenLoss: 2346.234863
Train Epoch: 13 [6400/9500 (67%)]	Loss: 2377.632568	GenLoss: 2374.874756
Train Epoch: 13 [7680/9500 (80%)]	Loss: 2461.116455	GenLoss: 2458.757812
Train Epoch: 13 [8960/9500 (93%)]	Loss: 2442.816895	GenLoss: 2441.204590
====> Epoch: 13 Average loss: 2424.3358
====> Test set loss: 2537.7111
====> Generation loss: 2535.1996
Train Epoch: 14 [0/9500 (0%)]	Loss: 2336.493652	GenLoss: 2334.022705
Train Epoch: 14 [1280/9500 (13%)]	Loss: 2520.930908	GenLoss: 2518.428955
Train Epoch: 14 [2560/9500 (27%)]	Loss: 2438.310059	GenLoss: 2435.432617
Train Epoch: 14 [3840/9500 (40%)]	Loss: 2410.007812	GenLoss: 2407.520264
Train Epoch: 14 [5120/9500 (53%)]	Loss: 2439.881592	GenLoss: 2437.988281
Train Epoch: 14 [6400/9500 (67%)]	Loss: 2351.514404	GenLoss: 2349.367920
Train Epoch: 14 [7680/9500 (80%)]	Loss: 2438.020996	GenLoss: 2435.471191
Train Epoch: 14 [8960/9500 (93%)]	Loss: 2415.762695	GenLoss: 2413.549072
====> Epoch: 14 Average loss: 2424.3191
====> Test set loss: 2540.4127
====> Generation loss: 2538.4273
Train Epoch: 15 [0/9500 (0%)]	Loss: 2466.926025	GenLoss: 2464.647949
Train Epoch: 15 [1280/9500 (13%)]	Loss: 2523.683105	GenLoss: 2521.240479
Train Epoch: 15 [2560/9500 (27%)]	Loss: 2417.836670	GenLoss: 2415.224121
Train Epoch: 15 [3840/9500 (40%)]	Loss: 2383.983887	GenLoss: 2381.553711
Train Epoch: 15 [5120/9500 (53%)]	Loss: 2378.506592	GenLoss: 2376.278320
Train Epoch: 15 [6400/9500 (67%)]	Loss: 2362.148438	GenLoss: 2359.752930
Train Epoch: 15 [7680/9500 (80%)]	Loss: 2449.277588	GenLoss: 2446.903320
Train Epoch: 15 [8960/9500 (93%)]	Loss: 2447.438477	GenLoss: 2445.334717
====> Epoch: 15 Average loss: 2423.9711
====> Test set loss: 2546.6224
====> Generation loss: 2544.3191
Train Epoch: 16 [0/9500 (0%)]	Loss: 2383.873047	GenLoss: 2381.886963
Train Epoch: 16 [1280/9500 (13%)]	Loss: 2388.344238	GenLoss: 2385.871094
Train Epoch: 16 [2560/9500 (27%)]	Loss: 2440.761475	GenLoss: 2438.354736
Train Epoch: 16 [3840/9500 (40%)]	Loss: 2343.020264	GenLoss: 2340.743896
Train Epoch: 16 [5120/9500 (53%)]	Loss: 2466.945557	GenLoss: 2465.287598
Train Epoch: 16 [6400/9500 (67%)]	Loss: 2430.556152	GenLoss: 2428.117920
Train Epoch: 16 [7680/9500 (80%)]	Loss: 2483.893799	GenLoss: 2481.497803
Train Epoch: 16 [8960/9500 (93%)]	Loss: 2370.828857	GenLoss: 2368.331787
====> Epoch: 16 Average loss: 2418.3752
====> Test set loss: 2548.1852
====> Generation loss: 2545.8482
Train Epoch: 17 [0/9500 (0%)]	Loss: 2402.786377	GenLoss: 2399.819824
Train Epoch: 17 [1280/9500 (13%)]	Loss: 2481.961670	GenLoss: 2479.173584
Train Epoch: 17 [2560/9500 (27%)]	Loss: 2382.409668	GenLoss: 2380.182861
Train Epoch: 17 [3840/9500 (40%)]	Loss: 2304.777832	GenLoss: 2302.891846
Train Epoch: 17 [5120/9500 (53%)]	Loss: 2361.173828	GenLoss: 2359.021973
Train Epoch: 17 [6400/9500 (67%)]	Loss: 2434.295410	GenLoss: 2432.052490
Train Epoch: 17 [7680/9500 (80%)]	Loss: 2531.391357	GenLoss: 2528.549072
Train Epoch: 17 [8960/9500 (93%)]	Loss: 2436.370605	GenLoss: 2434.031250
====> Epoch: 17 Average loss: 2414.2923
====> Test set loss: 2567.6115
====> Generation loss: 2565.2342
Train Epoch: 18 [0/9500 (0%)]	Loss: 2527.337402	GenLoss: 2524.836426
Train Epoch: 18 [1280/9500 (13%)]	Loss: 2394.681885	GenLoss: 2392.312500
Train Epoch: 18 [2560/9500 (27%)]	Loss: 2388.402344	GenLoss: 2386.354248
Train Epoch: 18 [3840/9500 (40%)]	Loss: 2401.108643	GenLoss: 2398.480469
Train Epoch: 18 [5120/9500 (53%)]	Loss: 2475.416748	GenLoss: 2472.605469
Train Epoch: 18 [6400/9500 (67%)]	Loss: 2465.864014	GenLoss: 2463.838867
Train Epoch: 18 [7680/9500 (80%)]	Loss: 2429.399170	GenLoss: 2426.474854
Train Epoch: 18 [8960/9500 (93%)]	Loss: 2380.119629	GenLoss: 2378.005127
====> Epoch: 18 Average loss: 2422.7327
====> Test set loss: 2577.5158
====> Generation loss: 2575.6033
Train Epoch: 19 [0/9500 (0%)]	Loss: 2509.493408	GenLoss: 2507.576660
Train Epoch: 19 [1280/9500 (13%)]	Loss: 2430.320801	GenLoss: 2428.165527
Train Epoch: 19 [2560/9500 (27%)]	Loss: 2428.579346	GenLoss: 2425.930664
Train Epoch: 19 [3840/9500 (40%)]	Loss: 2439.376709	GenLoss: 2436.198975
Train Epoch: 19 [5120/9500 (53%)]	Loss: 2395.574219	GenLoss: 2393.347168
Train Epoch: 19 [6400/9500 (67%)]	Loss: 2369.507568	GenLoss: 2367.490723
Train Epoch: 19 [7680/9500 (80%)]	Loss: 2332.922852	GenLoss: 2330.408936
Train Epoch: 19 [8960/9500 (93%)]	Loss: 2444.438965	GenLoss: 2442.198975
====> Epoch: 19 Average loss: 2424.4815
====> Test set loss: 2546.6584
====> Generation loss: 2545.0136
Train Epoch: 20 [0/9500 (0%)]	Loss: 2469.418213	GenLoss: 2466.905273
Train Epoch: 20 [1280/9500 (13%)]	Loss: 2363.803467	GenLoss: 2361.475586
Train Epoch: 20 [2560/9500 (27%)]	Loss: 2377.336914	GenLoss: 2374.711670
Train Epoch: 20 [3840/9500 (40%)]	Loss: 2420.211670	GenLoss: 2418.466309
Train Epoch: 20 [5120/9500 (53%)]	Loss: 2494.016113	GenLoss: 2491.880615
Train Epoch: 20 [6400/9500 (67%)]	Loss: 2445.714600	GenLoss: 2443.175293
Train Epoch: 20 [7680/9500 (80%)]	Loss: 2457.064453	GenLoss: 2454.453125
Train Epoch: 20 [8960/9500 (93%)]	Loss: 2445.262451	GenLoss: 2442.678711
====> Epoch: 20 Average loss: 2416.8667
====> Test set loss: 2538.6442
====> Generation loss: 2536.4635
Train Epoch: 21 [0/9500 (0%)]	Loss: 2449.047607	GenLoss: 2446.949707
Train Epoch: 21 [1280/9500 (13%)]	Loss: 2344.968018	GenLoss: 2341.951172
Train Epoch: 21 [2560/9500 (27%)]	Loss: 2415.967529	GenLoss: 2413.846436
Train Epoch: 21 [3840/9500 (40%)]	Loss: 2427.687744	GenLoss: 2425.033447
Train Epoch: 21 [5120/9500 (53%)]	Loss: 2378.485107	GenLoss: 2376.094482
Train Epoch: 21 [6400/9500 (67%)]	Loss: 2475.295166	GenLoss: 2473.343750
Train Epoch: 21 [7680/9500 (80%)]	Loss: 2321.490723	GenLoss: 2319.499756
Train Epoch: 21 [8960/9500 (93%)]	Loss: 2400.345215	GenLoss: 2398.173340
====> Epoch: 21 Average loss: 2406.2792
====> Test set loss: 2555.8748
====> Generation loss: 2553.3156
Train Epoch: 22 [0/9500 (0%)]	Loss: 2472.054932	GenLoss: 2469.574707
Train Epoch: 22 [1280/9500 (13%)]	Loss: 2343.336914	GenLoss: 2340.763916
Train Epoch: 22 [2560/9500 (27%)]	Loss: 2355.073730	GenLoss: 2352.641357
Train Epoch: 22 [3840/9500 (40%)]	Loss: 2381.347168	GenLoss: 2379.031250
Train Epoch: 22 [5120/9500 (53%)]	Loss: 2463.747559	GenLoss: 2461.435791
Train Epoch: 22 [6400/9500 (67%)]	Loss: 2450.926758	GenLoss: 2449.346680
Train Epoch: 22 [7680/9500 (80%)]	Loss: 2362.201416	GenLoss: 2359.881836
Train Epoch: 22 [8960/9500 (93%)]	Loss: 2416.202637	GenLoss: 2414.244385
====> Epoch: 22 Average loss: 2411.3442
====> Test set loss: 2557.9478
====> Generation loss: 2555.4368
Train Epoch: 23 [0/9500 (0%)]	Loss: 2433.899658	GenLoss: 2432.074951
Train Epoch: 23 [1280/9500 (13%)]	Loss: 2371.909424	GenLoss: 2369.787109
Train Epoch: 23 [2560/9500 (27%)]	Loss: 2375.599854	GenLoss: 2373.327637
Train Epoch: 23 [3840/9500 (40%)]	Loss: 2291.167480	GenLoss: 2289.293945
Train Epoch: 23 [5120/9500 (53%)]	Loss: 2390.661377	GenLoss: 2388.264404
Train Epoch: 23 [6400/9500 (67%)]	Loss: 2402.141846	GenLoss: 2400.109131
Train Epoch: 23 [7680/9500 (80%)]	Loss: 2486.004150	GenLoss: 2483.838135
Train Epoch: 23 [8960/9500 (93%)]	Loss: 2393.762939	GenLoss: 2391.291992
====> Epoch: 23 Average loss: 2408.8949
====> Test set loss: 2556.7818
====> Generation loss: 2554.6573
Train Epoch: 24 [0/9500 (0%)]	Loss: 2423.834229	GenLoss: 2421.355225
Train Epoch: 24 [1280/9500 (13%)]	Loss: 2463.014404	GenLoss: 2460.672119
Train Epoch: 24 [2560/9500 (27%)]	Loss: 2352.935547	GenLoss: 2350.231689
Train Epoch: 24 [3840/9500 (40%)]	Loss: 2427.428711	GenLoss: 2424.906250
Train Epoch: 24 [5120/9500 (53%)]	Loss: 2425.707520	GenLoss: 2423.359863
Train Epoch: 24 [6400/9500 (67%)]	Loss: 2373.635254	GenLoss: 2371.324463
Train Epoch: 24 [7680/9500 (80%)]	Loss: 2452.848633	GenLoss: 2450.725830
Train Epoch: 24 [8960/9500 (93%)]	Loss: 2375.672119	GenLoss: 2373.381592
====> Epoch: 24 Average loss: 2410.1616
====> Test set loss: 2595.1338
====> Generation loss: 2592.1038
Train Epoch: 25 [0/9500 (0%)]	Loss: 2495.064453	GenLoss: 2492.537598
Train Epoch: 25 [1280/9500 (13%)]	Loss: 2378.516357	GenLoss: 2375.884033
Train Epoch: 25 [2560/9500 (27%)]	Loss: 2378.023193	GenLoss: 2375.909424
Train Epoch: 25 [3840/9500 (40%)]	Loss: 2396.282227	GenLoss: 2394.386963
Train Epoch: 25 [5120/9500 (53%)]	Loss: 2444.942871	GenLoss: 2442.655273
Train Epoch: 25 [6400/9500 (67%)]	Loss: 2284.550781	GenLoss: 2282.195312
Train Epoch: 25 [7680/9500 (80%)]	Loss: 2403.634033	GenLoss: 2401.567139
Train Epoch: 25 [8960/9500 (93%)]	Loss: 2426.888672	GenLoss: 2424.392334
====> Epoch: 25 Average loss: 2411.1275
====> Test set loss: 2535.7951
====> Generation loss: 2532.8826
Train Epoch: 26 [0/9500 (0%)]	Loss: 2326.636963	GenLoss: 2323.745850
Train Epoch: 26 [1280/9500 (13%)]	Loss: 2384.108887	GenLoss: 2381.521484
Train Epoch: 26 [2560/9500 (27%)]	Loss: 2358.694824	GenLoss: 2356.890137
Train Epoch: 26 [3840/9500 (40%)]	Loss: 2462.318359	GenLoss: 2459.712158
Train Epoch: 26 [5120/9500 (53%)]	Loss: 2357.223633	GenLoss: 2355.043945
Train Epoch: 26 [6400/9500 (67%)]	Loss: 2372.855469	GenLoss: 2370.343018
Train Epoch: 26 [7680/9500 (80%)]	Loss: 2392.539551	GenLoss: 2390.222168
Train Epoch: 26 [8960/9500 (93%)]	Loss: 2399.891357	GenLoss: 2397.908936
====> Epoch: 26 Average loss: 2397.0566
====> Test set loss: 2546.5884
====> Generation loss: 2543.7624
Train Epoch: 27 [0/9500 (0%)]	Loss: 2397.851562	GenLoss: 2395.106689
Train Epoch: 27 [1280/9500 (13%)]	Loss: 2412.879639	GenLoss: 2410.491455
Train Epoch: 27 [2560/9500 (27%)]	Loss: 2422.428223	GenLoss: 2420.276855
Train Epoch: 27 [3840/9500 (40%)]	Loss: 2377.099854	GenLoss: 2373.961670
Train Epoch: 27 [5120/9500 (53%)]	Loss: 2539.012695	GenLoss: 2536.475830
Train Epoch: 27 [6400/9500 (67%)]	Loss: 2449.906494	GenLoss: 2447.340576
Train Epoch: 27 [7680/9500 (80%)]	Loss: 2394.454346	GenLoss: 2392.336426
Train Epoch: 27 [8960/9500 (93%)]	Loss: 2348.163330	GenLoss: 2346.217529
====> Epoch: 27 Average loss: 2398.3429
====> Test set loss: 2547.8317
====> Generation loss: 2544.9719
Train Epoch: 28 [0/9500 (0%)]	Loss: 2318.702393	GenLoss: 2315.447754
Train Epoch: 28 [1280/9500 (13%)]	Loss: 2417.474365	GenLoss: 2415.420654
Train Epoch: 28 [2560/9500 (27%)]	Loss: 2380.055176	GenLoss: 2378.079834
Train Epoch: 28 [3840/9500 (40%)]	Loss: 2405.112305	GenLoss: 2403.075195
Train Epoch: 28 [5120/9500 (53%)]	Loss: 2465.564941	GenLoss: 2464.030029
Train Epoch: 28 [6400/9500 (67%)]	Loss: 2310.151855	GenLoss: 2307.729736
Train Epoch: 28 [7680/9500 (80%)]	Loss: 2383.796875	GenLoss: 2381.351562
Train Epoch: 28 [8960/9500 (93%)]	Loss: 2342.445801	GenLoss: 2339.928955
====> Epoch: 28 Average loss: 2397.6675
====> Test set loss: 2559.7276
====> Generation loss: 2557.2466
Train Epoch: 29 [0/9500 (0%)]	Loss: 2469.702881	GenLoss: 2467.752686
Train Epoch: 29 [1280/9500 (13%)]	Loss: 2342.605225	GenLoss: 2340.552979
Train Epoch: 29 [2560/9500 (27%)]	Loss: 2426.983643	GenLoss: 2424.658447
Train Epoch: 29 [3840/9500 (40%)]	Loss: 2381.498535	GenLoss: 2379.275391
Train Epoch: 29 [5120/9500 (53%)]	Loss: 2434.126709	GenLoss: 2431.552246
Train Epoch: 29 [6400/9500 (67%)]	Loss: 2463.969482	GenLoss: 2461.444092
Train Epoch: 29 [7680/9500 (80%)]	Loss: 2480.087158	GenLoss: 2477.988525
Train Epoch: 29 [8960/9500 (93%)]	Loss: 2417.828125	GenLoss: 2415.318115
====> Epoch: 29 Average loss: 2405.7050
====> Test set loss: 2550.4229
====> Generation loss: 2548.4989
Train Epoch: 30 [0/9500 (0%)]	Loss: 2425.405029	GenLoss: 2423.458984
Train Epoch: 30 [1280/9500 (13%)]	Loss: 2324.973877	GenLoss: 2322.832275
Train Epoch: 30 [2560/9500 (27%)]	Loss: 2321.664307	GenLoss: 2318.423828
Train Epoch: 30 [3840/9500 (40%)]	Loss: 2409.885010	GenLoss: 2407.259521
Train Epoch: 30 [5120/9500 (53%)]	Loss: 2401.309814	GenLoss: 2398.550049
Train Epoch: 30 [6400/9500 (67%)]	Loss: 2397.913574	GenLoss: 2395.189453
Train Epoch: 30 [7680/9500 (80%)]	Loss: 2388.020264	GenLoss: 2385.552490
Train Epoch: 30 [8960/9500 (93%)]	Loss: 2379.011963	GenLoss: 2376.984375
====> Epoch: 30 Average loss: 2399.6712
====> Test set loss: 2547.0918
====> Generation loss: 2544.5185
--- 2972.9885272979736 seconds ---
----------------------------------------------------------------
        Layer (type)               Output Shape         Param #
================================================================
            Conv3d-1        [-1, 8, 18, 56, 56]           1,952
            Conv3d-2       [-1, 16, 16, 22, 22]          18,832
            Conv3d-3          [-1, 32, 4, 6, 6]          92,192
            Conv3d-4          [-1, 64, 2, 2, 2]         153,664
            Linear-5                   [-1, 16]           8,208
            Linear-6                   [-1, 16]           8,208
            Conv3d-7       [-1, 16, 20, 64, 64]           8,224
            Conv3d-8       [-1, 16, 20, 64, 64]           6,928
            Conv3d-9       [-1, 16, 20, 64, 64]           6,928
           Conv3d-10       [-1, 16, 20, 64, 64]           6,928
           Conv3d-11        [-1, 1, 20, 64, 64]              17
================================================================
Total params: 312,081
Trainable params: 312,081
Non-trainable params: 0
----------------------------------------------------------------
Input size (MB): 0.31
Forward/backward pass size (MB): 45.05
Params size (MB): 1.19
Estimated Total Size (MB): 46.56
----------------------------------------------------------------
====> Test set loss: 2515.2824
====> Generation loss: 2512.9220
--- 6.556674003601074 seconds ---
Train Epoch: 1 [0/9500 (0%)]	Loss: 2438.421719	GenLoss: 2436.314375
Train Epoch: 1 [2000/9500 (21%)]	Loss: 2435.209375	GenLoss: 2433.522812
Train Epoch: 1 [4000/9500 (42%)]	Loss: 2452.718125	GenLoss: 2450.755469
Train Epoch: 1 [6000/9500 (62%)]	Loss: 2385.562500	GenLoss: 2383.712187
Train Epoch: 1 [8000/9500 (83%)]	Loss: 2341.909062	GenLoss: 2340.074687
====> Epoch: 1 Average loss: 2447.3027
====> Test set loss: 2510.3959
====> Generation loss: 2508.2083
Train Epoch: 2 [0/9500 (0%)]	Loss: 2491.833437	GenLoss: 2490.089219
Train Epoch: 2 [2000/9500 (21%)]	Loss: 2401.969687	GenLoss: 2399.942969
Train Epoch: 2 [4000/9500 (42%)]	Loss: 2461.568906	GenLoss: 2459.726562
Train Epoch: 2 [6000/9500 (62%)]	Loss: 2461.748906	GenLoss: 2459.993437
Train Epoch: 2 [8000/9500 (83%)]	Loss: 2451.044844	GenLoss: 2449.376406
====> Epoch: 2 Average loss: 2447.2644
====> Test set loss: 2510.0070
====> Generation loss: 2507.7685
Train Epoch: 3 [0/9500 (0%)]	Loss: 2396.915000	GenLoss: 2395.103906
Train Epoch: 3 [2000/9500 (21%)]	Loss: 2472.485938	GenLoss: 2470.681406
Train Epoch: 3 [4000/9500 (42%)]	Loss: 2488.803594	GenLoss: 2486.870156
Train Epoch: 3 [6000/9500 (62%)]	Loss: 2446.056719	GenLoss: 2444.261094
Train Epoch: 3 [8000/9500 (83%)]	Loss: 2422.594219	GenLoss: 2420.283281
====> Epoch: 3 Average loss: 2441.7477
====> Test set loss: 2502.5007
====> Generation loss: 2499.6102
Train Epoch: 4 [0/9500 (0%)]	Loss: 2441.719687	GenLoss: 2439.709688
Train Epoch: 4 [2000/9500 (21%)]	Loss: 2431.821094	GenLoss: 2430.086719
Train Epoch: 4 [4000/9500 (42%)]	Loss: 2405.033438	GenLoss: 2402.912969
Train Epoch: 4 [6000/9500 (62%)]	Loss: 2479.618594	GenLoss: 2477.450000
Train Epoch: 4 [8000/9500 (83%)]	Loss: 2398.543437	GenLoss: 2396.849219
====> Epoch: 4 Average loss: 2439.0862
====> Test set loss: 2504.0923
====> Generation loss: 2502.1337
Train Epoch: 5 [0/9500 (0%)]	Loss: 2420.557813	GenLoss: 2418.837656
Train Epoch: 5 [2000/9500 (21%)]	Loss: 2478.487656	GenLoss: 2476.539844
Train Epoch: 5 [4000/9500 (42%)]	Loss: 2487.569844	GenLoss: 2485.972813
Train Epoch: 5 [6000/9500 (62%)]	Loss: 2436.330156	GenLoss: 2434.467344
Train Epoch: 5 [8000/9500 (83%)]	Loss: 2449.354219	GenLoss: 2447.508750
====> Epoch: 5 Average loss: 2441.3971
====> Test set loss: 2514.7249
====> Generation loss: 2512.9678
Train Epoch: 6 [0/9500 (0%)]	Loss: 2525.043594	GenLoss: 2523.501250
Train Epoch: 6 [2000/9500 (21%)]	Loss: 2395.387187	GenLoss: 2393.409062
Train Epoch: 6 [4000/9500 (42%)]	Loss: 2494.881406	GenLoss: 2492.373906
Train Epoch: 6 [6000/9500 (62%)]	Loss: 2416.214063	GenLoss: 2414.213750
Train Epoch: 6 [8000/9500 (83%)]	Loss: 2483.340781	GenLoss: 2481.327656
====> Epoch: 6 Average loss: 2434.9393
====> Test set loss: 2506.8153
====> Generation loss: 2504.4093
Train Epoch: 7 [0/9500 (0%)]	Loss: 2448.026250	GenLoss: 2446.252812
Train Epoch: 7 [2000/9500 (21%)]	Loss: 2475.444531	GenLoss: 2473.053438
Train Epoch: 7 [4000/9500 (42%)]	Loss: 2459.017500	GenLoss: 2457.195625
Train Epoch: 7 [6000/9500 (62%)]	Loss: 2508.372344	GenLoss: 2506.539531
Train Epoch: 7 [8000/9500 (83%)]	Loss: 2437.372031	GenLoss: 2435.384219
====> Epoch: 7 Average loss: 2439.4970
====> Test set loss: 2507.0444
====> Generation loss: 2504.5586
Train Epoch: 8 [0/9500 (0%)]	Loss: 2479.306250	GenLoss: 2476.724375
Train Epoch: 8 [2000/9500 (21%)]	Loss: 2469.934531	GenLoss: 2468.577500
Train Epoch: 8 [4000/9500 (42%)]	Loss: 2484.388750	GenLoss: 2482.874219
Train Epoch: 8 [6000/9500 (62%)]	Loss: 2474.013281	GenLoss: 2472.064844
Train Epoch: 8 [8000/9500 (83%)]	Loss: 2425.542031	GenLoss: 2423.268125
====> Epoch: 8 Average loss: 2446.8656
====> Test set loss: 2503.5728
====> Generation loss: 2501.4658
Train Epoch: 9 [0/9500 (0%)]	Loss: 2455.021563	GenLoss: 2452.896250
Train Epoch: 9 [2000/9500 (21%)]	Loss: 2435.369531	GenLoss: 2433.599531
Train Epoch: 9 [4000/9500 (42%)]	Loss: 2400.776875	GenLoss: 2398.876719
Train Epoch: 9 [6000/9500 (62%)]	Loss: 2441.569844	GenLoss: 2439.598281
Train Epoch: 9 [8000/9500 (83%)]	Loss: 2457.024375	GenLoss: 2455.152500
====> Epoch: 9 Average loss: 2429.8263
====> Test set loss: 2512.7330
====> Generation loss: 2510.1093
Train Epoch: 10 [0/9500 (0%)]	Loss: 2509.040000	GenLoss: 2507.027031
Train Epoch: 10 [2000/9500 (21%)]	Loss: 2435.454531	GenLoss: 2433.692031
Train Epoch: 10 [4000/9500 (42%)]	Loss: 2385.008594	GenLoss: 2382.462344
Train Epoch: 10 [6000/9500 (62%)]	Loss: 2483.797500	GenLoss: 2481.859063
Train Epoch: 10 [8000/9500 (83%)]	Loss: 2452.760000	GenLoss: 2451.109063
====> Epoch: 10 Average loss: 2428.7932
====> Test set loss: 2508.3592
====> Generation loss: 2506.0348
Train Epoch: 11 [0/9500 (0%)]	Loss: 2466.494688	GenLoss: 2464.597500
Train Epoch: 11 [2000/9500 (21%)]	Loss: 2416.367813	GenLoss: 2414.311875
Train Epoch: 11 [4000/9500 (42%)]	Loss: 2540.894375	GenLoss: 2538.867969
Train Epoch: 11 [6000/9500 (62%)]	Loss: 2386.460938	GenLoss: 2384.757187
Train Epoch: 11 [8000/9500 (83%)]	Loss: 2400.783750	GenLoss: 2399.086719
====> Epoch: 11 Average loss: 2428.8188
====> Test set loss: 2493.4862
====> Generation loss: 2491.3818
Train Epoch: 12 [0/9500 (0%)]	Loss: 2438.409844	GenLoss: 2436.580469
Train Epoch: 12 [2000/9500 (21%)]	Loss: 2400.770937	GenLoss: 2398.957812
Train Epoch: 12 [4000/9500 (42%)]	Loss: 2469.339687	GenLoss: 2468.030313
Train Epoch: 12 [6000/9500 (62%)]	Loss: 2455.298125	GenLoss: 2453.848437
Train Epoch: 12 [8000/9500 (83%)]	Loss: 2420.264844	GenLoss: 2418.659531
====> Epoch: 12 Average loss: 2443.6819
====> Test set loss: 2502.5622
====> Generation loss: 2499.6562
Train Epoch: 13 [0/9500 (0%)]	Loss: 2403.677813	GenLoss: 2400.777500
Train Epoch: 13 [2000/9500 (21%)]	Loss: 2442.306250	GenLoss: 2440.150938
Train Epoch: 13 [4000/9500 (42%)]	Loss: 2396.362031	GenLoss: 2394.607500
Train Epoch: 13 [6000/9500 (62%)]	Loss: 2400.767656	GenLoss: 2398.581250
Train Epoch: 13 [8000/9500 (83%)]	Loss: 2465.120000	GenLoss: 2463.116562
====> Epoch: 13 Average loss: 2419.8910
====> Test set loss: 2496.6479
====> Generation loss: 2494.6218
Train Epoch: 14 [0/9500 (0%)]	Loss: 2356.772500	GenLoss: 2354.543750
Train Epoch: 14 [2000/9500 (21%)]	Loss: 2456.427344	GenLoss: 2454.497656
Train Epoch: 14 [4000/9500 (42%)]	Loss: 2413.602656	GenLoss: 2411.355000
Train Epoch: 14 [6000/9500 (62%)]	Loss: 2371.739219	GenLoss: 2369.745156
Train Epoch: 14 [8000/9500 (83%)]	Loss: 2416.188125	GenLoss: 2414.275781
====> Epoch: 14 Average loss: 2422.8837
====> Test set loss: 2501.2786
====> Generation loss: 2499.4124
Train Epoch: 15 [0/9500 (0%)]	Loss: 2392.169375	GenLoss: 2390.072500
Train Epoch: 15 [2000/9500 (21%)]	Loss: 2563.257969	GenLoss: 2561.482031
Train Epoch: 15 [4000/9500 (42%)]	Loss: 2388.686563	GenLoss: 2386.591719
Train Epoch: 15 [6000/9500 (62%)]	Loss: 2362.806094	GenLoss: 2360.585000
Train Epoch: 15 [8000/9500 (83%)]	Loss: 2444.336406	GenLoss: 2442.547656
====> Epoch: 15 Average loss: 2421.1302
====> Test set loss: 2506.0849
====> Generation loss: 2503.5862
Train Epoch: 16 [0/9500 (0%)]	Loss: 2437.025000	GenLoss: 2434.636406
Train Epoch: 16 [2000/9500 (21%)]	Loss: 2438.295781	GenLoss: 2436.514219
Train Epoch: 16 [4000/9500 (42%)]	Loss: 2365.464063	GenLoss: 2363.154219
Train Epoch: 16 [6000/9500 (62%)]	Loss: 2424.219531	GenLoss: 2422.295156
Train Epoch: 16 [8000/9500 (83%)]	Loss: 2330.891719	GenLoss: 2328.951406
====> Epoch: 16 Average loss: 2417.5298
====> Test set loss: 2496.1632
====> Generation loss: 2494.2207
Train Epoch: 17 [0/9500 (0%)]	Loss: 2347.016719	GenLoss: 2345.401719
Train Epoch: 17 [2000/9500 (21%)]	Loss: 2469.675000	GenLoss: 2467.836719
Train Epoch: 17 [4000/9500 (42%)]	Loss: 2403.623750	GenLoss: 2401.444063
Train Epoch: 17 [6000/9500 (62%)]	Loss: 2422.815000	GenLoss: 2421.249375
Train Epoch: 17 [8000/9500 (83%)]	Loss: 2364.019531	GenLoss: 2361.908594
====> Epoch: 17 Average loss: 2418.2041
====> Test set loss: 2501.2072
====> Generation loss: 2498.3648
Train Epoch: 18 [0/9500 (0%)]	Loss: 2490.224375	GenLoss: 2488.020625
Train Epoch: 18 [2000/9500 (21%)]	Loss: 2450.552344	GenLoss: 2448.577188
Train Epoch: 18 [4000/9500 (42%)]	Loss: 2369.172031	GenLoss: 2367.354688
Train Epoch: 18 [6000/9500 (62%)]	Loss: 2414.979375	GenLoss: 2413.073281
Train Epoch: 18 [8000/9500 (83%)]	Loss: 2437.683906	GenLoss: 2435.642969
====> Epoch: 18 Average loss: 2413.5678
====> Test set loss: 2503.8061
====> Generation loss: 2501.4620
Train Epoch: 19 [0/9500 (0%)]	Loss: 2423.906094	GenLoss: 2422.105000
Train Epoch: 19 [2000/9500 (21%)]	Loss: 2532.743906	GenLoss: 2530.719375
Train Epoch: 19 [4000/9500 (42%)]	Loss: 2386.779531	GenLoss: 2384.734687
Train Epoch: 19 [6000/9500 (62%)]	Loss: 2371.257187	GenLoss: 2369.132344
Train Epoch: 19 [8000/9500 (83%)]	Loss: 2397.023906	GenLoss: 2395.344375
====> Epoch: 19 Average loss: 2413.5914
====> Test set loss: 2496.3920
====> Generation loss: 2494.2089
Train Epoch: 20 [0/9500 (0%)]	Loss: 2413.368281	GenLoss: 2411.384219
Train Epoch: 20 [2000/9500 (21%)]	Loss: 2363.429219	GenLoss: 2361.466094
Train Epoch: 20 [4000/9500 (42%)]	Loss: 2432.063594	GenLoss: 2430.325469
Train Epoch: 20 [6000/9500 (62%)]	Loss: 2408.973594	GenLoss: 2407.055156
Train Epoch: 20 [8000/9500 (83%)]	Loss: 2409.864062	GenLoss: 2407.581875
====> Epoch: 20 Average loss: 2411.4329
====> Test set loss: 2513.9784
====> Generation loss: 2511.7035
Train Epoch: 21 [0/9500 (0%)]	Loss: 2436.551875	GenLoss: 2434.569219
Train Epoch: 21 [2000/9500 (21%)]	Loss: 2416.475156	GenLoss: 2414.323906
Train Epoch: 21 [4000/9500 (42%)]	Loss: 2437.334844	GenLoss: 2435.175000
Train Epoch: 21 [6000/9500 (62%)]	Loss: 2403.804844	GenLoss: 2401.786094
Train Epoch: 21 [8000/9500 (83%)]	Loss: 2372.777031	GenLoss: 2370.781719
====> Epoch: 21 Average loss: 2423.6966
====> Test set loss: 2511.3966
====> Generation loss: 2509.1681
Train Epoch: 22 [0/9500 (0%)]	Loss: 2430.990625	GenLoss: 2429.041875
Train Epoch: 22 [2000/9500 (21%)]	Loss: 2431.998281	GenLoss: 2429.500000
Train Epoch: 22 [4000/9500 (42%)]	Loss: 2379.576719	GenLoss: 2377.334844
Train Epoch: 22 [6000/9500 (62%)]	Loss: 2396.506875	GenLoss: 2394.964531
Train Epoch: 22 [8000/9500 (83%)]	Loss: 2363.902500	GenLoss: 2361.621875
====> Epoch: 22 Average loss: 2414.6730
====> Test set loss: 2499.9841
====> Generation loss: 2497.5071
Train Epoch: 23 [0/9500 (0%)]	Loss: 2433.061719	GenLoss: 2431.405938
Train Epoch: 23 [2000/9500 (21%)]	Loss: 2441.369375	GenLoss: 2439.601094
Train Epoch: 23 [4000/9500 (42%)]	Loss: 2345.936563	GenLoss: 2343.872344
Train Epoch: 23 [6000/9500 (62%)]	Loss: 2358.719531	GenLoss: 2356.590781
Train Epoch: 23 [8000/9500 (83%)]	Loss: 2389.756875	GenLoss: 2387.918906
====> Epoch: 23 Average loss: 2405.4469
====> Test set loss: 2490.4888
====> Generation loss: 2487.9604
Train Epoch: 24 [0/9500 (0%)]	Loss: 2431.103437	GenLoss: 2429.125156
Train Epoch: 24 [2000/9500 (21%)]	Loss: 2398.521250	GenLoss: 2396.546719
Train Epoch: 24 [4000/9500 (42%)]	Loss: 2360.847813	GenLoss: 2359.010625
Train Epoch: 24 [6000/9500 (62%)]	Loss: 2412.609219	GenLoss: 2411.042344
Train Epoch: 24 [8000/9500 (83%)]	Loss: 2413.344844	GenLoss: 2411.379687
====> Epoch: 24 Average loss: 2403.2980
====> Test set loss: 2499.7512
====> Generation loss: 2496.8213
Train Epoch: 25 [0/9500 (0%)]	Loss: 2445.418281	GenLoss: 2443.563906
Train Epoch: 25 [2000/9500 (21%)]	Loss: 2391.088594	GenLoss: 2389.054688
Train Epoch: 25 [4000/9500 (42%)]	Loss: 2407.979063	GenLoss: 2406.179531
Train Epoch: 25 [6000/9500 (62%)]	Loss: 2419.537500	GenLoss: 2417.677187
Train Epoch: 25 [8000/9500 (83%)]	Loss: 2383.414062	GenLoss: 2381.592656
====> Epoch: 25 Average loss: 2401.4417
====> Test set loss: 2488.0125
====> Generation loss: 2485.4814
Train Epoch: 26 [0/9500 (0%)]	Loss: 2330.914688	GenLoss: 2328.601250
Train Epoch: 26 [2000/9500 (21%)]	Loss: 2400.955000	GenLoss: 2398.692969
Train Epoch: 26 [4000/9500 (42%)]	Loss: 2345.577813	GenLoss: 2343.472969
Train Epoch: 26 [6000/9500 (62%)]	Loss: 2417.571094	GenLoss: 2415.186406
Train Epoch: 26 [8000/9500 (83%)]	Loss: 2423.367813	GenLoss: 2421.561094
====> Epoch: 26 Average loss: 2401.7319
====> Test set loss: 2510.4635
====> Generation loss: 2507.3081
Train Epoch: 27 [0/9500 (0%)]	Loss: 2437.566406	GenLoss: 2434.759687
Train Epoch: 27 [2000/9500 (21%)]	Loss: 2355.186719	GenLoss: 2353.403906
Train Epoch: 27 [4000/9500 (42%)]	Loss: 2356.390313	GenLoss: 2353.765000
Train Epoch: 27 [6000/9500 (62%)]	Loss: 2437.446250	GenLoss: 2435.209844
Train Epoch: 27 [8000/9500 (83%)]	Loss: 2419.765937	GenLoss: 2417.980000
====> Epoch: 27 Average loss: 2417.0692
====> Test set loss: 2575.3378
====> Generation loss: 2573.3447
Train Epoch: 28 [0/9500 (0%)]	Loss: 2430.105000	GenLoss: 2428.583281
Train Epoch: 28 [2000/9500 (21%)]	Loss: 2491.713750	GenLoss: 2489.417188
Train Epoch: 28 [4000/9500 (42%)]	Loss: 2376.930156	GenLoss: 2374.885625
Train Epoch: 28 [6000/9500 (62%)]	Loss: 2369.823594	GenLoss: 2367.301094
Train Epoch: 28 [8000/9500 (83%)]	Loss: 2391.547969	GenLoss: 2389.428438
====> Epoch: 28 Average loss: 2413.2579
====> Test set loss: 2495.1706
====> Generation loss: 2492.7888
Train Epoch: 29 [0/9500 (0%)]	Loss: 2411.596406	GenLoss: 2409.567500
Train Epoch: 29 [2000/9500 (21%)]	Loss: 2384.929219	GenLoss: 2383.032656
Train Epoch: 29 [4000/9500 (42%)]	Loss: 2352.825937	GenLoss: 2350.850781
Train Epoch: 29 [6000/9500 (62%)]	Loss: 2422.776563	GenLoss: 2420.627969
Train Epoch: 29 [8000/9500 (83%)]	Loss: 2403.388906	GenLoss: 2400.825937
====> Epoch: 29 Average loss: 2397.2698
====> Test set loss: 2497.5271
====> Generation loss: 2495.1974
Train Epoch: 30 [0/9500 (0%)]	Loss: 2432.937031	GenLoss: 2430.822813
Train Epoch: 30 [2000/9500 (21%)]	Loss: 2496.766719	GenLoss: 2495.043125
Train Epoch: 30 [4000/9500 (42%)]	Loss: 2358.845469	GenLoss: 2356.685937
Train Epoch: 30 [6000/9500 (62%)]	Loss: 2393.131250	GenLoss: 2391.097969
Train Epoch: 30 [8000/9500 (83%)]	Loss: 2430.183750	GenLoss: 2427.902344
====> Epoch: 30 Average loss: 2396.5971
====> Test set loss: 2512.6044
====> Generation loss: 2510.5314
--- 2515.8728506565094 seconds ---
