----------------------------------------------------------------
        Layer (type)               Output Shape         Param #
================================================================
            Conv3d-1        [-1, 8, 18, 56, 56]           1,952
            Conv3d-2       [-1, 16, 16, 22, 22]          18,832
            Conv3d-3          [-1, 32, 4, 6, 6]          92,192
            Conv3d-4          [-1, 64, 2, 2, 2]         153,664
            Linear-5                   [-1, 16]           8,208
            Linear-6                   [-1, 16]           8,208
            Conv3d-7       [-1, 16, 20, 64, 64]           8,224
            Conv3d-8       [-1, 16, 20, 64, 64]           6,928
            Conv3d-9       [-1, 16, 20, 64, 64]           6,928
           Conv3d-10       [-1, 16, 20, 64, 64]           6,928
           Conv3d-11        [-1, 1, 20, 64, 64]              17
================================================================
Total params: 312,081
Trainable params: 312,081
Non-trainable params: 0
----------------------------------------------------------------
Input size (MB): 0.31
Forward/backward pass size (MB): 45.05
Params size (MB): 1.19
Estimated Total Size (MB): 46.56
----------------------------------------------------------------
Train Epoch: 1 [0/9500 (0%)]	Loss: 3465.241211	GenLoss: 3443.994385
Train Epoch: 1 [640/9500 (7%)]	Loss: 3563.482666	GenLoss: 3545.160889
Train Epoch: 1 [1280/9500 (13%)]	Loss: 3453.495117	GenLoss: 3437.756836
Train Epoch: 1 [1920/9500 (20%)]	Loss: 3573.381348	GenLoss: 3559.822754
Train Epoch: 1 [2560/9500 (27%)]	Loss: 3582.971191	GenLoss: 3570.276611
Train Epoch: 1 [3200/9500 (34%)]	Loss: 3529.374268	GenLoss: 3517.260742
Train Epoch: 1 [3840/9500 (40%)]	Loss: 3499.054199	GenLoss: 3488.337646
Train Epoch: 1 [4480/9500 (47%)]	Loss: 3475.145020	GenLoss: 3466.633789
Train Epoch: 1 [5120/9500 (54%)]	Loss: 3300.998779	GenLoss: 3294.654053
Train Epoch: 1 [5760/9500 (60%)]	Loss: 3352.785889	GenLoss: 3344.837402
Train Epoch: 1 [6400/9500 (67%)]	Loss: 3233.528320	GenLoss: 3228.166260
Train Epoch: 1 [7040/9500 (74%)]	Loss: 3250.668457	GenLoss: 3243.075684
Train Epoch: 1 [7680/9500 (81%)]	Loss: 3052.960449	GenLoss: 3048.153076
Train Epoch: 1 [8320/9500 (87%)]	Loss: 3052.429443	GenLoss: 3046.912842
Train Epoch: 1 [8960/9500 (94%)]	Loss: 2941.550049	GenLoss: 2936.836182
====> Epoch: 1 Average loss: 3307.6891
====> Test set loss: 3108.4260
====> Generation loss: 3103.9090
Train Epoch: 2 [0/9500 (0%)]	Loss: 3145.019287	GenLoss: 3140.485352
Train Epoch: 2 [640/9500 (7%)]	Loss: 3119.328369	GenLoss: 3116.756104
Train Epoch: 2 [1280/9500 (13%)]	Loss: 3106.482422	GenLoss: 3104.127686
Train Epoch: 2 [1920/9500 (20%)]	Loss: 3157.631836	GenLoss: 3155.489258
Train Epoch: 2 [2560/9500 (27%)]	Loss: 3076.503662	GenLoss: 3073.105225
Train Epoch: 2 [3200/9500 (34%)]	Loss: 3030.322266	GenLoss: 3027.478760
Train Epoch: 2 [3840/9500 (40%)]	Loss: 2807.913574	GenLoss: 2805.151855
Train Epoch: 2 [4480/9500 (47%)]	Loss: 3045.527588	GenLoss: 3043.657227
Train Epoch: 2 [5120/9500 (54%)]	Loss: 2925.876709	GenLoss: 2923.270508
Train Epoch: 2 [5760/9500 (60%)]	Loss: 2830.440430	GenLoss: 2827.538086
Train Epoch: 2 [6400/9500 (67%)]	Loss: 2966.118896	GenLoss: 2963.411377
Train Epoch: 2 [7040/9500 (74%)]	Loss: 3110.555908	GenLoss: 3108.615967
Train Epoch: 2 [7680/9500 (81%)]	Loss: 3059.601807	GenLoss: 3057.631348
Train Epoch: 2 [8320/9500 (87%)]	Loss: 3034.071289	GenLoss: 3031.248535
Train Epoch: 2 [8960/9500 (94%)]	Loss: 2994.704346	GenLoss: 2992.983643
====> Epoch: 2 Average loss: 3010.3394
====> Test set loss: 3025.5796
====> Generation loss: 3023.0683
Train Epoch: 3 [0/9500 (0%)]	Loss: 2924.117920	GenLoss: 2922.227539
Train Epoch: 3 [640/9500 (7%)]	Loss: 3089.369141	GenLoss: 3087.219482
Train Epoch: 3 [1280/9500 (13%)]	Loss: 2882.285156	GenLoss: 2880.246582
Train Epoch: 3 [1920/9500 (20%)]	Loss: 2936.802734	GenLoss: 2934.987793
Train Epoch: 3 [2560/9500 (27%)]	Loss: 3136.802002	GenLoss: 3134.840332
Train Epoch: 3 [3200/9500 (34%)]	Loss: 2914.854492	GenLoss: 2913.554443
Train Epoch: 3 [3840/9500 (40%)]	Loss: 2868.276367	GenLoss: 2866.072998
Train Epoch: 3 [4480/9500 (47%)]	Loss: 2965.173584	GenLoss: 2963.040771
Train Epoch: 3 [5120/9500 (54%)]	Loss: 2938.709473	GenLoss: 2936.154541
Train Epoch: 3 [5760/9500 (60%)]	Loss: 2899.394531	GenLoss: 2897.312500
Train Epoch: 3 [6400/9500 (67%)]	Loss: 2759.340576	GenLoss: 2757.197998
Train Epoch: 3 [7040/9500 (74%)]	Loss: 2904.751953	GenLoss: 2902.692871
Train Epoch: 3 [7680/9500 (81%)]	Loss: 3049.810547	GenLoss: 3047.308594
Train Epoch: 3 [8320/9500 (87%)]	Loss: 2908.532959	GenLoss: 2906.197998
Train Epoch: 3 [8960/9500 (94%)]	Loss: 2867.604004	GenLoss: 2864.734131
====> Epoch: 3 Average loss: 2918.9049
====> Test set loss: 2886.6780
====> Generation loss: 2884.2267
Train Epoch: 4 [0/9500 (0%)]	Loss: 2714.696289	GenLoss: 2712.757324
Train Epoch: 4 [640/9500 (7%)]	Loss: 2980.572510	GenLoss: 2978.711670
Train Epoch: 4 [1280/9500 (13%)]	Loss: 2968.279297	GenLoss: 2965.649414
Train Epoch: 4 [1920/9500 (20%)]	Loss: 2903.970459	GenLoss: 2902.237793
Train Epoch: 4 [2560/9500 (27%)]	Loss: 2943.853516	GenLoss: 2940.661133
Train Epoch: 4 [3200/9500 (34%)]	Loss: 2757.260254	GenLoss: 2754.695557
Train Epoch: 4 [3840/9500 (40%)]	Loss: 2871.589355	GenLoss: 2868.957275
Train Epoch: 4 [4480/9500 (47%)]	Loss: 2774.360107	GenLoss: 2771.466553
Train Epoch: 4 [5120/9500 (54%)]	Loss: 2769.681396	GenLoss: 2766.721191
Train Epoch: 4 [5760/9500 (60%)]	Loss: 2679.088379	GenLoss: 2675.280029
Train Epoch: 4 [6400/9500 (67%)]	Loss: 2805.843262	GenLoss: 2801.759766
Train Epoch: 4 [7040/9500 (74%)]	Loss: 2852.103516	GenLoss: 2848.722900
Train Epoch: 4 [7680/9500 (81%)]	Loss: 2892.010986	GenLoss: 2889.219482
Train Epoch: 4 [8320/9500 (87%)]	Loss: 2696.249512	GenLoss: 2693.449951
Train Epoch: 4 [8960/9500 (94%)]	Loss: 2756.011230	GenLoss: 2752.314941
====> Epoch: 4 Average loss: 2803.9392
====> Test set loss: 2764.9959
====> Generation loss: 2761.4299
Train Epoch: 5 [0/9500 (0%)]	Loss: 2612.016846	GenLoss: 2608.787842
Train Epoch: 5 [640/9500 (7%)]	Loss: 2728.867676	GenLoss: 2725.473145
Train Epoch: 5 [1280/9500 (13%)]	Loss: 2861.373535	GenLoss: 2858.499023
Train Epoch: 5 [1920/9500 (20%)]	Loss: 2766.904053	GenLoss: 2763.172607
Train Epoch: 5 [2560/9500 (27%)]	Loss: 2591.145752	GenLoss: 2588.239014
Train Epoch: 5 [3200/9500 (34%)]	Loss: 2703.786133	GenLoss: 2700.506104
Train Epoch: 5 [3840/9500 (40%)]	Loss: 2677.778809	GenLoss: 2673.902832
Train Epoch: 5 [4480/9500 (47%)]	Loss: 2695.452637	GenLoss: 2691.752930
Train Epoch: 5 [5120/9500 (54%)]	Loss: 2823.700684	GenLoss: 2820.679199
Train Epoch: 5 [5760/9500 (60%)]	Loss: 2716.377930	GenLoss: 2712.922119
Train Epoch: 5 [6400/9500 (67%)]	Loss: 2731.058838	GenLoss: 2728.156006
Train Epoch: 5 [7040/9500 (74%)]	Loss: 2675.147217	GenLoss: 2671.609375
Train Epoch: 5 [7680/9500 (81%)]	Loss: 2635.399414	GenLoss: 2632.439697
Train Epoch: 5 [8320/9500 (87%)]	Loss: 2799.736572	GenLoss: 2796.535400
Train Epoch: 5 [8960/9500 (94%)]	Loss: 2722.220215	GenLoss: 2719.155762
====> Epoch: 5 Average loss: 2695.0269
====> Test set loss: 2791.2744
====> Generation loss: 2787.0317
Train Epoch: 6 [0/9500 (0%)]	Loss: 2704.362549	GenLoss: 2699.308594
Train Epoch: 6 [640/9500 (7%)]	Loss: 2724.883789	GenLoss: 2721.477295
Train Epoch: 6 [1280/9500 (13%)]	Loss: 2593.353516	GenLoss: 2589.891602
Train Epoch: 6 [1920/9500 (20%)]	Loss: 2671.385010	GenLoss: 2667.416748
Train Epoch: 6 [2560/9500 (27%)]	Loss: 2758.563965	GenLoss: 2754.781982
Train Epoch: 6 [3200/9500 (34%)]	Loss: 2702.689453	GenLoss: 2699.728760
Train Epoch: 6 [3840/9500 (40%)]	Loss: 2488.590332	GenLoss: 2484.457520
Train Epoch: 6 [4480/9500 (47%)]	Loss: 2657.978271	GenLoss: 2654.508789
Train Epoch: 6 [5120/9500 (54%)]	Loss: 2618.551025	GenLoss: 2614.244873
Train Epoch: 6 [5760/9500 (60%)]	Loss: 2552.667969	GenLoss: 2548.124268
Train Epoch: 6 [6400/9500 (67%)]	Loss: 2568.878174	GenLoss: 2564.745605
Train Epoch: 6 [7040/9500 (74%)]	Loss: 2660.416260	GenLoss: 2656.968506
Train Epoch: 6 [7680/9500 (81%)]	Loss: 2683.665527	GenLoss: 2680.029053
Train Epoch: 6 [8320/9500 (87%)]	Loss: 2590.828369	GenLoss: 2587.236328
Train Epoch: 6 [8960/9500 (94%)]	Loss: 2530.854248	GenLoss: 2527.655518
====> Epoch: 6 Average loss: 2650.6504
====> Test set loss: 2672.8567
====> Generation loss: 2669.2842
Train Epoch: 7 [0/9500 (0%)]	Loss: 2687.726074	GenLoss: 2683.681885
Train Epoch: 7 [640/9500 (7%)]	Loss: 2701.384521	GenLoss: 2697.898438
Train Epoch: 7 [1280/9500 (13%)]	Loss: 2602.569336	GenLoss: 2598.369385
Train Epoch: 7 [1920/9500 (20%)]	Loss: 2744.864014	GenLoss: 2740.666748
Train Epoch: 7 [2560/9500 (27%)]	Loss: 2547.464600	GenLoss: 2543.539062
Train Epoch: 7 [3200/9500 (34%)]	Loss: 2530.609131	GenLoss: 2526.598145
Train Epoch: 7 [3840/9500 (40%)]	Loss: 2678.278320	GenLoss: 2674.857666
Train Epoch: 7 [4480/9500 (47%)]	Loss: 2684.208740	GenLoss: 2680.734131
Train Epoch: 7 [5120/9500 (54%)]	Loss: 2786.219971	GenLoss: 2781.920410
Train Epoch: 7 [5760/9500 (60%)]	Loss: 2619.339355	GenLoss: 2615.855713
Train Epoch: 7 [6400/9500 (67%)]	Loss: 2730.492432	GenLoss: 2726.162354
Train Epoch: 7 [7040/9500 (74%)]	Loss: 2719.454834	GenLoss: 2714.696045
Train Epoch: 7 [7680/9500 (81%)]	Loss: 2575.968262	GenLoss: 2571.775635
Train Epoch: 7 [8320/9500 (87%)]	Loss: 2667.859863	GenLoss: 2664.200195
Train Epoch: 7 [8960/9500 (94%)]	Loss: 2500.001465	GenLoss: 2495.016113
====> Epoch: 7 Average loss: 2622.5312
====> Test set loss: 2675.1683
====> Generation loss: 2671.2298
Train Epoch: 8 [0/9500 (0%)]	Loss: 2673.742676	GenLoss: 2669.409668
Train Epoch: 8 [640/9500 (7%)]	Loss: 2711.124268	GenLoss: 2708.169678
Train Epoch: 8 [1280/9500 (13%)]	Loss: 2622.578613	GenLoss: 2617.971436
Train Epoch: 8 [1920/9500 (20%)]	Loss: 2611.791992	GenLoss: 2608.286621
Train Epoch: 8 [2560/9500 (27%)]	Loss: 2620.734131	GenLoss: 2615.956787
Train Epoch: 8 [3200/9500 (34%)]	Loss: 2462.287354	GenLoss: 2458.798828
Train Epoch: 8 [3840/9500 (40%)]	Loss: 2564.664551	GenLoss: 2560.214844
Train Epoch: 8 [4480/9500 (47%)]	Loss: 2723.642334	GenLoss: 2719.530518
Train Epoch: 8 [5120/9500 (54%)]	Loss: 2584.098389	GenLoss: 2579.753174
Train Epoch: 8 [5760/9500 (60%)]	Loss: 2505.216309	GenLoss: 2501.140869
Train Epoch: 8 [6400/9500 (67%)]	Loss: 2723.458496	GenLoss: 2720.249268
Train Epoch: 8 [7040/9500 (74%)]	Loss: 2626.112061	GenLoss: 2622.714844
Train Epoch: 8 [7680/9500 (81%)]	Loss: 2714.278320	GenLoss: 2710.684082
Train Epoch: 8 [8320/9500 (87%)]	Loss: 2548.235596	GenLoss: 2545.171387
Train Epoch: 8 [8960/9500 (94%)]	Loss: 2672.749756	GenLoss: 2668.953125
====> Epoch: 8 Average loss: 2592.0634
====> Test set loss: 2647.8361
====> Generation loss: 2644.0809
Train Epoch: 9 [0/9500 (0%)]	Loss: 2645.889404	GenLoss: 2641.557861
Train Epoch: 9 [640/9500 (7%)]	Loss: 2662.985596	GenLoss: 2658.615723
Train Epoch: 9 [1280/9500 (13%)]	Loss: 2562.812256	GenLoss: 2559.745361
Train Epoch: 9 [1920/9500 (20%)]	Loss: 2534.358887	GenLoss: 2531.065430
Train Epoch: 9 [2560/9500 (27%)]	Loss: 2498.834473	GenLoss: 2494.929443
Train Epoch: 9 [3200/9500 (34%)]	Loss: 2530.987549	GenLoss: 2525.635010
Train Epoch: 9 [3840/9500 (40%)]	Loss: 2567.188477	GenLoss: 2564.171387
Train Epoch: 9 [4480/9500 (47%)]	Loss: 2539.445312	GenLoss: 2535.979980
Train Epoch: 9 [5120/9500 (54%)]	Loss: 2569.279541	GenLoss: 2566.341797
Train Epoch: 9 [5760/9500 (60%)]	Loss: 2545.872803	GenLoss: 2541.788818
Train Epoch: 9 [6400/9500 (67%)]	Loss: 2543.348145	GenLoss: 2539.437012
Train Epoch: 9 [7040/9500 (74%)]	Loss: 2605.575928	GenLoss: 2602.742920
Train Epoch: 9 [7680/9500 (81%)]	Loss: 2496.929688	GenLoss: 2492.833740
Train Epoch: 9 [8320/9500 (87%)]	Loss: 2697.263916	GenLoss: 2693.722900
Train Epoch: 9 [8960/9500 (94%)]	Loss: 2477.222656	GenLoss: 2473.599365
====> Epoch: 9 Average loss: 2576.8154
====> Test set loss: 2618.7542
====> Generation loss: 2615.2405
Train Epoch: 10 [0/9500 (0%)]	Loss: 2520.067139	GenLoss: 2516.267822
Train Epoch: 10 [640/9500 (7%)]	Loss: 2515.245361	GenLoss: 2511.416260
Train Epoch: 10 [1280/9500 (13%)]	Loss: 2577.490479	GenLoss: 2573.745850
Train Epoch: 10 [1920/9500 (20%)]	Loss: 2564.061768	GenLoss: 2559.196289
Train Epoch: 10 [2560/9500 (27%)]	Loss: 2593.368652	GenLoss: 2589.616699
Train Epoch: 10 [3200/9500 (34%)]	Loss: 2498.229248	GenLoss: 2494.634033
Train Epoch: 10 [3840/9500 (40%)]	Loss: 2635.812744	GenLoss: 2631.605957
Train Epoch: 10 [4480/9500 (47%)]	Loss: 2580.798096	GenLoss: 2577.268066
Train Epoch: 10 [5120/9500 (54%)]	Loss: 2592.666016	GenLoss: 2589.175293
Train Epoch: 10 [5760/9500 (60%)]	Loss: 2661.138672	GenLoss: 2657.809570
Train Epoch: 10 [6400/9500 (67%)]	Loss: 2471.485840	GenLoss: 2467.311035
Train Epoch: 10 [7040/9500 (74%)]	Loss: 2432.692627	GenLoss: 2428.601074
Train Epoch: 10 [7680/9500 (81%)]	Loss: 2494.749268	GenLoss: 2490.435303
Train Epoch: 10 [8320/9500 (87%)]	Loss: 2519.133789	GenLoss: 2515.853271
Train Epoch: 10 [8960/9500 (94%)]	Loss: 2482.996338	GenLoss: 2479.390137
====> Epoch: 10 Average loss: 2556.2396
====> Test set loss: 2606.1474
====> Generation loss: 2602.0537
Train Epoch: 11 [0/9500 (0%)]	Loss: 2476.333252	GenLoss: 2471.224365
Train Epoch: 11 [640/9500 (7%)]	Loss: 2578.765137	GenLoss: 2574.903076
Train Epoch: 11 [1280/9500 (13%)]	Loss: 2509.219971	GenLoss: 2504.822754
Train Epoch: 11 [1920/9500 (20%)]	Loss: 2331.276367	GenLoss: 2328.032959
Train Epoch: 11 [2560/9500 (27%)]	Loss: 2564.447021	GenLoss: 2560.531738
Train Epoch: 11 [3200/9500 (34%)]	Loss: 2631.839111	GenLoss: 2628.325684
Train Epoch: 11 [3840/9500 (40%)]	Loss: 2594.290527	GenLoss: 2590.486572
Train Epoch: 11 [4480/9500 (47%)]	Loss: 2616.716553	GenLoss: 2612.997559
Train Epoch: 11 [5120/9500 (54%)]	Loss: 2626.611084	GenLoss: 2622.676025
Train Epoch: 11 [5760/9500 (60%)]	Loss: 2592.214355	GenLoss: 2589.125488
Train Epoch: 11 [6400/9500 (67%)]	Loss: 2522.526611	GenLoss: 2518.537354
Train Epoch: 11 [7040/9500 (74%)]	Loss: 2624.244141	GenLoss: 2620.351807
Train Epoch: 11 [7680/9500 (81%)]	Loss: 2553.406006	GenLoss: 2549.305664
Train Epoch: 11 [8320/9500 (87%)]	Loss: 2593.472900	GenLoss: 2590.346680
Train Epoch: 11 [8960/9500 (94%)]	Loss: 2610.608154	GenLoss: 2606.001221
====> Epoch: 11 Average loss: 2547.6565
====> Test set loss: 2626.5530
====> Generation loss: 2622.5370
Train Epoch: 12 [0/9500 (0%)]	Loss: 2608.262207	GenLoss: 2603.249756
Train Epoch: 12 [640/9500 (7%)]	Loss: 2533.375488	GenLoss: 2529.731201
Train Epoch: 12 [1280/9500 (13%)]	Loss: 2542.107910	GenLoss: 2538.614258
Train Epoch: 12 [1920/9500 (20%)]	Loss: 2505.061768	GenLoss: 2500.573730
Train Epoch: 12 [2560/9500 (27%)]	Loss: 2660.974854	GenLoss: 2655.906982
Train Epoch: 12 [3200/9500 (34%)]	Loss: 2544.332764	GenLoss: 2541.041748
Train Epoch: 12 [3840/9500 (40%)]	Loss: 2532.412842	GenLoss: 2527.870361
Train Epoch: 12 [4480/9500 (47%)]	Loss: 2434.869873	GenLoss: 2430.604004
Train Epoch: 12 [5120/9500 (54%)]	Loss: 2401.006592	GenLoss: 2397.838623
Train Epoch: 12 [5760/9500 (60%)]	Loss: 2472.660645	GenLoss: 2468.265381
Train Epoch: 12 [6400/9500 (67%)]	Loss: 2601.554199	GenLoss: 2598.044678
Train Epoch: 12 [7040/9500 (74%)]	Loss: 2504.395508	GenLoss: 2501.111816
Train Epoch: 12 [7680/9500 (81%)]	Loss: 2464.540771	GenLoss: 2461.093018
Train Epoch: 12 [8320/9500 (87%)]	Loss: 2484.964355	GenLoss: 2481.786133
Train Epoch: 12 [8960/9500 (94%)]	Loss: 2455.463623	GenLoss: 2452.589355
====> Epoch: 12 Average loss: 2535.0190
====> Test set loss: 2569.4855
====> Generation loss: 2566.1262
Train Epoch: 13 [0/9500 (0%)]	Loss: 2577.541748	GenLoss: 2572.913086
Train Epoch: 13 [640/9500 (7%)]	Loss: 2465.361328	GenLoss: 2460.615967
Train Epoch: 13 [1280/9500 (13%)]	Loss: 2503.277832	GenLoss: 2499.198730
Train Epoch: 13 [1920/9500 (20%)]	Loss: 2434.995361	GenLoss: 2431.386475
Train Epoch: 13 [2560/9500 (27%)]	Loss: 2445.424561	GenLoss: 2441.194336
Train Epoch: 13 [3200/9500 (34%)]	Loss: 2503.218018	GenLoss: 2499.443848
Train Epoch: 13 [3840/9500 (40%)]	Loss: 2551.048096	GenLoss: 2546.763916
Train Epoch: 13 [4480/9500 (47%)]	Loss: 2623.989990	GenLoss: 2621.255371
Train Epoch: 13 [5120/9500 (54%)]	Loss: 2547.965820	GenLoss: 2543.618652
Train Epoch: 13 [5760/9500 (60%)]	Loss: 2519.512939	GenLoss: 2515.172363
Train Epoch: 13 [6400/9500 (67%)]	Loss: 2522.036621	GenLoss: 2518.245605
Train Epoch: 13 [7040/9500 (74%)]	Loss: 2474.567383	GenLoss: 2470.630371
Train Epoch: 13 [7680/9500 (81%)]	Loss: 2502.507324	GenLoss: 2497.939209
Train Epoch: 13 [8320/9500 (87%)]	Loss: 2467.390381	GenLoss: 2463.478516
Train Epoch: 13 [8960/9500 (94%)]	Loss: 2595.693848	GenLoss: 2591.963135
====> Epoch: 13 Average loss: 2516.6069
====> Test set loss: 2595.3643
====> Generation loss: 2590.3747
Train Epoch: 14 [0/9500 (0%)]	Loss: 2608.682617	GenLoss: 2604.309326
Train Epoch: 14 [640/9500 (7%)]	Loss: 2514.238770	GenLoss: 2511.160889
Train Epoch: 14 [1280/9500 (13%)]	Loss: 2501.293213	GenLoss: 2498.122559
Train Epoch: 14 [1920/9500 (20%)]	Loss: 2403.978760	GenLoss: 2399.769775
Train Epoch: 14 [2560/9500 (27%)]	Loss: 2419.988037	GenLoss: 2416.177734
Train Epoch: 14 [3200/9500 (34%)]	Loss: 2553.849609	GenLoss: 2550.019775
Train Epoch: 14 [3840/9500 (40%)]	Loss: 2484.514893	GenLoss: 2481.110840
Train Epoch: 14 [4480/9500 (47%)]	Loss: 2539.484619	GenLoss: 2535.336426
Train Epoch: 14 [5120/9500 (54%)]	Loss: 2494.210449	GenLoss: 2490.375244
Train Epoch: 14 [5760/9500 (60%)]	Loss: 2589.623047	GenLoss: 2585.666260
Train Epoch: 14 [6400/9500 (67%)]	Loss: 2435.912598	GenLoss: 2432.672852
Train Epoch: 14 [7040/9500 (74%)]	Loss: 2486.397461	GenLoss: 2483.278809
Train Epoch: 14 [7680/9500 (81%)]	Loss: 2453.113037	GenLoss: 2449.135986
Train Epoch: 14 [8320/9500 (87%)]	Loss: 2507.145264	GenLoss: 2503.696045
Train Epoch: 14 [8960/9500 (94%)]	Loss: 2505.961426	GenLoss: 2501.859863
====> Epoch: 14 Average loss: 2516.6192
====> Test set loss: 2592.4086
====> Generation loss: 2589.5443
Train Epoch: 15 [0/9500 (0%)]	Loss: 2438.795166	GenLoss: 2435.734619
Train Epoch: 15 [640/9500 (7%)]	Loss: 2605.791504	GenLoss: 2601.979492
Train Epoch: 15 [1280/9500 (13%)]	Loss: 2403.042969	GenLoss: 2399.067383
Train Epoch: 15 [1920/9500 (20%)]	Loss: 2617.273193	GenLoss: 2612.373779
Train Epoch: 15 [2560/9500 (27%)]	Loss: 2402.339600	GenLoss: 2398.372314
Train Epoch: 15 [3200/9500 (34%)]	Loss: 2488.805420	GenLoss: 2485.064209
Train Epoch: 15 [3840/9500 (40%)]	Loss: 2584.118652	GenLoss: 2580.228760
Train Epoch: 15 [4480/9500 (47%)]	Loss: 2556.577393	GenLoss: 2553.437988
Train Epoch: 15 [5120/9500 (54%)]	Loss: 2449.889648	GenLoss: 2446.385010
Train Epoch: 15 [5760/9500 (60%)]	Loss: 2484.018311	GenLoss: 2480.147217
Train Epoch: 15 [6400/9500 (67%)]	Loss: 2459.397949	GenLoss: 2455.637695
Train Epoch: 15 [7040/9500 (74%)]	Loss: 2551.408447	GenLoss: 2546.492676
Train Epoch: 15 [7680/9500 (81%)]	Loss: 2482.200439	GenLoss: 2478.202637
Train Epoch: 15 [8320/9500 (87%)]	Loss: 2537.386719	GenLoss: 2534.056641
Train Epoch: 15 [8960/9500 (94%)]	Loss: 2442.586182	GenLoss: 2439.455811
====> Epoch: 15 Average loss: 2504.6309
====> Test set loss: 2562.6638
====> Generation loss: 2559.1773
Train Epoch: 16 [0/9500 (0%)]	Loss: 2558.240234	GenLoss: 2554.296631
Train Epoch: 16 [640/9500 (7%)]	Loss: 2533.383057	GenLoss: 2529.178711
Train Epoch: 16 [1280/9500 (13%)]	Loss: 2518.940918	GenLoss: 2515.726318
Train Epoch: 16 [1920/9500 (20%)]	Loss: 2513.280518	GenLoss: 2509.580811
Train Epoch: 16 [2560/9500 (27%)]	Loss: 2375.441895	GenLoss: 2371.867920
Train Epoch: 16 [3200/9500 (34%)]	Loss: 2547.861572	GenLoss: 2544.040039
Train Epoch: 16 [3840/9500 (40%)]	Loss: 2520.180420	GenLoss: 2516.065674
Train Epoch: 16 [4480/9500 (47%)]	Loss: 2618.724609	GenLoss: 2615.005859
Train Epoch: 16 [5120/9500 (54%)]	Loss: 2412.022949	GenLoss: 2408.291504
Train Epoch: 16 [5760/9500 (60%)]	Loss: 2529.378174	GenLoss: 2526.132080
Train Epoch: 16 [6400/9500 (67%)]	Loss: 2614.969727	GenLoss: 2611.444824
Train Epoch: 16 [7040/9500 (74%)]	Loss: 2404.312256	GenLoss: 2400.965332
Train Epoch: 16 [7680/9500 (81%)]	Loss: 2358.841064	GenLoss: 2355.586670
Train Epoch: 16 [8320/9500 (87%)]	Loss: 2391.327148	GenLoss: 2387.462891
Train Epoch: 16 [8960/9500 (94%)]	Loss: 2353.887695	GenLoss: 2350.285400
====> Epoch: 16 Average loss: 2492.4352
====> Test set loss: 2545.3792
====> Generation loss: 2541.2945
Train Epoch: 17 [0/9500 (0%)]	Loss: 2404.513916	GenLoss: 2401.750977
Train Epoch: 17 [640/9500 (7%)]	Loss: 2459.414551	GenLoss: 2455.425537
Train Epoch: 17 [1280/9500 (13%)]	Loss: 2458.884277	GenLoss: 2455.197021
Train Epoch: 17 [1920/9500 (20%)]	Loss: 2482.048828	GenLoss: 2477.412109
Train Epoch: 17 [2560/9500 (27%)]	Loss: 2543.841064	GenLoss: 2540.552002
Train Epoch: 17 [3200/9500 (34%)]	Loss: 2401.339355	GenLoss: 2398.145020
Train Epoch: 17 [3840/9500 (40%)]	Loss: 2514.941650	GenLoss: 2511.538086
Train Epoch: 17 [4480/9500 (47%)]	Loss: 2441.086182	GenLoss: 2437.242188
Train Epoch: 17 [5120/9500 (54%)]	Loss: 2466.329590	GenLoss: 2463.481934
Train Epoch: 17 [5760/9500 (60%)]	Loss: 2557.569824	GenLoss: 2553.742432
Train Epoch: 17 [6400/9500 (67%)]	Loss: 2490.246094	GenLoss: 2486.985352
Train Epoch: 17 [7040/9500 (74%)]	Loss: 2457.170654	GenLoss: 2453.417480
Train Epoch: 17 [7680/9500 (81%)]	Loss: 2388.661133	GenLoss: 2384.078125
Train Epoch: 17 [8320/9500 (87%)]	Loss: 2424.833496	GenLoss: 2421.125000
Train Epoch: 17 [8960/9500 (94%)]	Loss: 2534.502441	GenLoss: 2531.217529
====> Epoch: 17 Average loss: 2486.0617
====> Test set loss: 2564.6957
====> Generation loss: 2560.5047
Train Epoch: 18 [0/9500 (0%)]	Loss: 2460.072021	GenLoss: 2457.082764
Train Epoch: 18 [640/9500 (7%)]	Loss: 2446.601562	GenLoss: 2442.258057
Train Epoch: 18 [1280/9500 (13%)]	Loss: 2426.438232	GenLoss: 2422.614502
Train Epoch: 18 [1920/9500 (20%)]	Loss: 2451.995361	GenLoss: 2447.695801
Train Epoch: 18 [2560/9500 (27%)]	Loss: 2464.981934	GenLoss: 2460.906250
Train Epoch: 18 [3200/9500 (34%)]	Loss: 2397.498779	GenLoss: 2394.718994
Train Epoch: 18 [3840/9500 (40%)]	Loss: 2454.548096	GenLoss: 2451.157227
Train Epoch: 18 [4480/9500 (47%)]	Loss: 2374.871338	GenLoss: 2371.322998
Train Epoch: 18 [5120/9500 (54%)]	Loss: 2542.586182	GenLoss: 2539.482178
Train Epoch: 18 [5760/9500 (60%)]	Loss: 2346.690186	GenLoss: 2343.609863
Train Epoch: 18 [6400/9500 (67%)]	Loss: 2504.998291	GenLoss: 2500.177246
Train Epoch: 18 [7040/9500 (74%)]	Loss: 2551.023193	GenLoss: 2546.679932
Train Epoch: 18 [7680/9500 (81%)]	Loss: 2362.073730	GenLoss: 2357.145508
Train Epoch: 18 [8320/9500 (87%)]	Loss: 2556.672607	GenLoss: 2553.456787
Train Epoch: 18 [8960/9500 (94%)]	Loss: 2527.378174	GenLoss: 2524.724365
====> Epoch: 18 Average loss: 2484.4276
====> Test set loss: 2560.6819
====> Generation loss: 2558.0179
Train Epoch: 19 [0/9500 (0%)]	Loss: 2575.916748	GenLoss: 2572.756836
Train Epoch: 19 [640/9500 (7%)]	Loss: 2447.973877	GenLoss: 2445.313965
Train Epoch: 19 [1280/9500 (13%)]	Loss: 2478.593506	GenLoss: 2475.470459
Train Epoch: 19 [1920/9500 (20%)]	Loss: 2424.109619	GenLoss: 2420.539062
Train Epoch: 19 [2560/9500 (27%)]	Loss: 2494.384521	GenLoss: 2490.438721
Train Epoch: 19 [3200/9500 (34%)]	Loss: 2567.649170	GenLoss: 2564.322510
Train Epoch: 19 [3840/9500 (40%)]	Loss: 2457.794189	GenLoss: 2454.760986
Train Epoch: 19 [4480/9500 (47%)]	Loss: 2432.486572	GenLoss: 2428.970703
Train Epoch: 19 [5120/9500 (54%)]	Loss: 2398.468750	GenLoss: 2394.561523
Train Epoch: 19 [5760/9500 (60%)]	Loss: 2498.363281	GenLoss: 2494.961670
Train Epoch: 19 [6400/9500 (67%)]	Loss: 2515.061768	GenLoss: 2512.499023
Train Epoch: 19 [7040/9500 (74%)]	Loss: 2562.110596	GenLoss: 2558.351318
Train Epoch: 19 [7680/9500 (81%)]	Loss: 2478.136719	GenLoss: 2474.754150
Train Epoch: 19 [8320/9500 (87%)]	Loss: 2511.204102	GenLoss: 2507.822998
Train Epoch: 19 [8960/9500 (94%)]	Loss: 2476.890869	GenLoss: 2472.993408
====> Epoch: 19 Average loss: 2479.9334
====> Test set loss: 2542.3570
====> Generation loss: 2539.0360
Train Epoch: 20 [0/9500 (0%)]	Loss: 2451.269775	GenLoss: 2447.534912
Train Epoch: 20 [640/9500 (7%)]	Loss: 2434.442139	GenLoss: 2430.856689
Train Epoch: 20 [1280/9500 (13%)]	Loss: 2622.586670	GenLoss: 2619.338135
Train Epoch: 20 [1920/9500 (20%)]	Loss: 2482.151855	GenLoss: 2478.234375
Train Epoch: 20 [2560/9500 (27%)]	Loss: 2399.949219	GenLoss: 2395.523193
Train Epoch: 20 [3200/9500 (34%)]	Loss: 2479.748047	GenLoss: 2476.570312
Train Epoch: 20 [3840/9500 (40%)]	Loss: 2499.215088	GenLoss: 2495.468994
Train Epoch: 20 [4480/9500 (47%)]	Loss: 2381.571289	GenLoss: 2378.163818
Train Epoch: 20 [5120/9500 (54%)]	Loss: 2480.601562	GenLoss: 2477.168701
Train Epoch: 20 [5760/9500 (60%)]	Loss: 2514.693848	GenLoss: 2511.714355
Train Epoch: 20 [6400/9500 (67%)]	Loss: 2659.743164	GenLoss: 2656.045166
Train Epoch: 20 [7040/9500 (74%)]	Loss: 2471.015869	GenLoss: 2467.822510
Train Epoch: 20 [7680/9500 (81%)]	Loss: 2654.194824	GenLoss: 2650.093750
Train Epoch: 20 [8320/9500 (87%)]	Loss: 2393.477051	GenLoss: 2388.699951
Train Epoch: 20 [8960/9500 (94%)]	Loss: 2452.372070	GenLoss: 2449.522949
====> Epoch: 20 Average loss: 2475.6770
====> Test set loss: 2523.7964
====> Generation loss: 2520.6162
Train Epoch: 21 [0/9500 (0%)]	Loss: 2439.664307	GenLoss: 2436.249023
Train Epoch: 21 [640/9500 (7%)]	Loss: 2554.899414	GenLoss: 2551.226562
Train Epoch: 21 [1280/9500 (13%)]	Loss: 2548.738281	GenLoss: 2545.414062
Train Epoch: 21 [1920/9500 (20%)]	Loss: 2462.761230	GenLoss: 2458.227539
Train Epoch: 21 [2560/9500 (27%)]	Loss: 2488.421143	GenLoss: 2485.316406
Train Epoch: 21 [3200/9500 (34%)]	Loss: 2503.617432	GenLoss: 2499.304443
Train Epoch: 21 [3840/9500 (40%)]	Loss: 2461.641357	GenLoss: 2458.483887
Train Epoch: 21 [4480/9500 (47%)]	Loss: 2422.207275	GenLoss: 2418.121094
Train Epoch: 21 [5120/9500 (54%)]	Loss: 2346.858154	GenLoss: 2343.671875
Train Epoch: 21 [5760/9500 (60%)]	Loss: 2484.410645	GenLoss: 2481.033203
Train Epoch: 21 [6400/9500 (67%)]	Loss: 2545.381104	GenLoss: 2541.618408
Train Epoch: 21 [7040/9500 (74%)]	Loss: 2424.851807	GenLoss: 2420.973389
Train Epoch: 21 [7680/9500 (81%)]	Loss: 2370.082275	GenLoss: 2366.496094
Train Epoch: 21 [8320/9500 (87%)]	Loss: 2489.427002	GenLoss: 2486.107666
Train Epoch: 21 [8960/9500 (94%)]	Loss: 2512.391602	GenLoss: 2508.786865
====> Epoch: 21 Average loss: 2467.5430
====> Test set loss: 2546.4352
====> Generation loss: 2543.7180
Train Epoch: 22 [0/9500 (0%)]	Loss: 2520.343750	GenLoss: 2517.069580
Train Epoch: 22 [640/9500 (7%)]	Loss: 2492.921631	GenLoss: 2490.211182
Train Epoch: 22 [1280/9500 (13%)]	Loss: 2519.188477	GenLoss: 2515.447998
Train Epoch: 22 [1920/9500 (20%)]	Loss: 2488.215088	GenLoss: 2484.878418
Train Epoch: 22 [2560/9500 (27%)]	Loss: 2486.727539	GenLoss: 2483.235352
Train Epoch: 22 [3200/9500 (34%)]	Loss: 2436.034424	GenLoss: 2431.941895
Train Epoch: 22 [3840/9500 (40%)]	Loss: 2531.630127	GenLoss: 2528.172119
Train Epoch: 22 [4480/9500 (47%)]	Loss: 2358.103516	GenLoss: 2354.485596
Train Epoch: 22 [5120/9500 (54%)]	Loss: 2354.469238	GenLoss: 2350.978027
Train Epoch: 22 [5760/9500 (60%)]	Loss: 2519.916260	GenLoss: 2516.085205
Train Epoch: 22 [6400/9500 (67%)]	Loss: 2398.855713	GenLoss: 2395.101074
Train Epoch: 22 [7040/9500 (74%)]	Loss: 2495.411621	GenLoss: 2492.952148
Train Epoch: 22 [7680/9500 (81%)]	Loss: 2584.406494	GenLoss: 2580.165283
Train Epoch: 22 [8320/9500 (87%)]	Loss: 2469.051758	GenLoss: 2465.550293
Train Epoch: 22 [8960/9500 (94%)]	Loss: 2524.874023	GenLoss: 2521.614746
====> Epoch: 22 Average loss: 2465.8193
====> Test set loss: 2522.5663
====> Generation loss: 2519.8226
Train Epoch: 23 [0/9500 (0%)]	Loss: 2480.747803	GenLoss: 2477.855225
Train Epoch: 23 [640/9500 (7%)]	Loss: 2427.979004	GenLoss: 2424.416260
Train Epoch: 23 [1280/9500 (13%)]	Loss: 2388.790283	GenLoss: 2384.772949
Train Epoch: 23 [1920/9500 (20%)]	Loss: 2436.155762	GenLoss: 2431.258545
Train Epoch: 23 [2560/9500 (27%)]	Loss: 2488.044189	GenLoss: 2484.429199
Train Epoch: 23 [3200/9500 (34%)]	Loss: 2467.842773	GenLoss: 2463.987549
Train Epoch: 23 [3840/9500 (40%)]	Loss: 2572.352539	GenLoss: 2567.087891
Train Epoch: 23 [4480/9500 (47%)]	Loss: 2427.412354	GenLoss: 2423.897705
Train Epoch: 23 [5120/9500 (54%)]	Loss: 2505.582764	GenLoss: 2502.894531
Train Epoch: 23 [5760/9500 (60%)]	Loss: 2421.768555	GenLoss: 2417.916016
Train Epoch: 23 [6400/9500 (67%)]	Loss: 2423.830566	GenLoss: 2420.745117
Train Epoch: 23 [7040/9500 (74%)]	Loss: 2497.971680	GenLoss: 2494.181396
Train Epoch: 23 [7680/9500 (81%)]	Loss: 2424.286133	GenLoss: 2420.085205
Train Epoch: 23 [8320/9500 (87%)]	Loss: 2518.111084	GenLoss: 2514.154541
Train Epoch: 23 [8960/9500 (94%)]	Loss: 2567.138428	GenLoss: 2563.740479
====> Epoch: 23 Average loss: 2458.8846
====> Test set loss: 2541.9662
====> Generation loss: 2538.8055
Train Epoch: 24 [0/9500 (0%)]	Loss: 2419.934082	GenLoss: 2416.438232
Train Epoch: 24 [640/9500 (7%)]	Loss: 2317.158691	GenLoss: 2312.613281
Train Epoch: 24 [1280/9500 (13%)]	Loss: 2395.118164	GenLoss: 2391.377930
Train Epoch: 24 [1920/9500 (20%)]	Loss: 2509.572021	GenLoss: 2506.161621
Train Epoch: 24 [2560/9500 (27%)]	Loss: 2407.748779	GenLoss: 2404.392822
Train Epoch: 24 [3200/9500 (34%)]	Loss: 2474.010742	GenLoss: 2469.491699
Train Epoch: 24 [3840/9500 (40%)]	Loss: 2487.217773	GenLoss: 2483.609375
Train Epoch: 24 [4480/9500 (47%)]	Loss: 2519.708740	GenLoss: 2516.068848
Train Epoch: 24 [5120/9500 (54%)]	Loss: 2585.166992	GenLoss: 2582.206055
Train Epoch: 24 [5760/9500 (60%)]	Loss: 2486.765381	GenLoss: 2483.658936
Train Epoch: 24 [6400/9500 (67%)]	Loss: 2414.917480	GenLoss: 2410.361084
Train Epoch: 24 [7040/9500 (74%)]	Loss: 2403.642578	GenLoss: 2398.866943
Train Epoch: 24 [7680/9500 (81%)]	Loss: 2382.125244	GenLoss: 2378.727539
Train Epoch: 24 [8320/9500 (87%)]	Loss: 2447.129639	GenLoss: 2443.810791
Train Epoch: 24 [8960/9500 (94%)]	Loss: 2339.441406	GenLoss: 2334.912354
====> Epoch: 24 Average loss: 2453.5411
====> Test set loss: 2533.2084
====> Generation loss: 2530.0332
Train Epoch: 25 [0/9500 (0%)]	Loss: 2525.465332	GenLoss: 2522.421875
Train Epoch: 25 [640/9500 (7%)]	Loss: 2550.459473	GenLoss: 2546.698486
Train Epoch: 25 [1280/9500 (13%)]	Loss: 2365.072021	GenLoss: 2362.164307
Train Epoch: 25 [1920/9500 (20%)]	Loss: 2432.363037	GenLoss: 2429.535400
Train Epoch: 25 [2560/9500 (27%)]	Loss: 2490.234619	GenLoss: 2486.093994
Train Epoch: 25 [3200/9500 (34%)]	Loss: 2533.470459	GenLoss: 2530.750244
Train Epoch: 25 [3840/9500 (40%)]	Loss: 2408.037842	GenLoss: 2404.805176
Train Epoch: 25 [4480/9500 (47%)]	Loss: 2449.351074	GenLoss: 2445.904785
Train Epoch: 25 [5120/9500 (54%)]	Loss: 2400.752930	GenLoss: 2397.609863
Train Epoch: 25 [5760/9500 (60%)]	Loss: 2275.389648	GenLoss: 2271.968506
Train Epoch: 25 [6400/9500 (67%)]	Loss: 2314.150635	GenLoss: 2311.052490
Train Epoch: 25 [7040/9500 (74%)]	Loss: 2619.304443	GenLoss: 2615.517578
Train Epoch: 25 [7680/9500 (81%)]	Loss: 2410.979736	GenLoss: 2407.177002
Train Epoch: 25 [8320/9500 (87%)]	Loss: 2438.128174	GenLoss: 2435.488770
Train Epoch: 25 [8960/9500 (94%)]	Loss: 2355.536865	GenLoss: 2351.670654
====> Epoch: 25 Average loss: 2444.8783
====> Test set loss: 2516.3315
====> Generation loss: 2513.0833
Train Epoch: 26 [0/9500 (0%)]	Loss: 2598.999756	GenLoss: 2596.003418
Train Epoch: 26 [640/9500 (7%)]	Loss: 2576.951172	GenLoss: 2573.860596
Train Epoch: 26 [1280/9500 (13%)]	Loss: 2439.882324	GenLoss: 2436.314209
Train Epoch: 26 [1920/9500 (20%)]	Loss: 2447.727051	GenLoss: 2443.843262
Train Epoch: 26 [2560/9500 (27%)]	Loss: 2362.799072	GenLoss: 2358.827148
Train Epoch: 26 [3200/9500 (34%)]	Loss: 2490.514893	GenLoss: 2487.069824
Train Epoch: 26 [3840/9500 (40%)]	Loss: 2367.802246	GenLoss: 2364.600586
Train Epoch: 26 [4480/9500 (47%)]	Loss: 2413.928223	GenLoss: 2410.559082
Train Epoch: 26 [5120/9500 (54%)]	Loss: 2400.772949	GenLoss: 2396.611328
Train Epoch: 26 [5760/9500 (60%)]	Loss: 2420.533447	GenLoss: 2417.267090
Train Epoch: 26 [6400/9500 (67%)]	Loss: 2475.706787	GenLoss: 2472.544434
Train Epoch: 26 [7040/9500 (74%)]	Loss: 2474.569580	GenLoss: 2471.519287
Train Epoch: 26 [7680/9500 (81%)]	Loss: 2440.666504	GenLoss: 2436.889404
Train Epoch: 26 [8320/9500 (87%)]	Loss: 2537.156738	GenLoss: 2533.634521
Train Epoch: 26 [8960/9500 (94%)]	Loss: 2336.163330	GenLoss: 2332.573975
====> Epoch: 26 Average loss: 2445.2198
====> Test set loss: 2514.9787
====> Generation loss: 2511.3319
Train Epoch: 27 [0/9500 (0%)]	Loss: 2451.326416	GenLoss: 2447.035156
Train Epoch: 27 [640/9500 (7%)]	Loss: 2421.812500	GenLoss: 2417.700684
Train Epoch: 27 [1280/9500 (13%)]	Loss: 2464.583740	GenLoss: 2461.354248
Train Epoch: 27 [1920/9500 (20%)]	Loss: 2493.493652	GenLoss: 2489.523682
Train Epoch: 27 [2560/9500 (27%)]	Loss: 2428.277588	GenLoss: 2424.195801
Train Epoch: 27 [3200/9500 (34%)]	Loss: 2609.431396	GenLoss: 2605.038818
Train Epoch: 27 [3840/9500 (40%)]	Loss: 2503.682617	GenLoss: 2500.308838
Train Epoch: 27 [4480/9500 (47%)]	Loss: 2328.457275	GenLoss: 2325.368164
Train Epoch: 27 [5120/9500 (54%)]	Loss: 2400.362793	GenLoss: 2396.694824
Train Epoch: 27 [5760/9500 (60%)]	Loss: 2528.243164	GenLoss: 2524.126221
Train Epoch: 27 [6400/9500 (67%)]	Loss: 2329.713135	GenLoss: 2326.713867
Train Epoch: 27 [7040/9500 (74%)]	Loss: 2335.264648	GenLoss: 2331.882812
Train Epoch: 27 [7680/9500 (81%)]	Loss: 2553.282715	GenLoss: 2549.311768
Train Epoch: 27 [8320/9500 (87%)]	Loss: 2477.819824	GenLoss: 2474.765625
Train Epoch: 27 [8960/9500 (94%)]	Loss: 2345.854004	GenLoss: 2342.781006
====> Epoch: 27 Average loss: 2443.5106
====> Test set loss: 2521.6710
====> Generation loss: 2518.5650
Train Epoch: 28 [0/9500 (0%)]	Loss: 2577.513184	GenLoss: 2573.794189
Train Epoch: 28 [640/9500 (7%)]	Loss: 2374.709717	GenLoss: 2370.914062
Train Epoch: 28 [1280/9500 (13%)]	Loss: 2396.667480	GenLoss: 2393.956299
Train Epoch: 28 [1920/9500 (20%)]	Loss: 2447.748291	GenLoss: 2444.653320
Train Epoch: 28 [2560/9500 (27%)]	Loss: 2491.377686	GenLoss: 2488.671143
Train Epoch: 28 [3200/9500 (34%)]	Loss: 2549.416992	GenLoss: 2545.514404
Train Epoch: 28 [3840/9500 (40%)]	Loss: 2574.904785	GenLoss: 2571.327637
Train Epoch: 28 [4480/9500 (47%)]	Loss: 2452.238037	GenLoss: 2447.974854
Train Epoch: 28 [5120/9500 (54%)]	Loss: 2575.144531	GenLoss: 2571.058594
Train Epoch: 28 [5760/9500 (60%)]	Loss: 2314.216797	GenLoss: 2310.105469
Train Epoch: 28 [6400/9500 (67%)]	Loss: 2472.589844	GenLoss: 2469.440674
Train Epoch: 28 [7040/9500 (74%)]	Loss: 2421.478516	GenLoss: 2417.949463
Train Epoch: 28 [7680/9500 (81%)]	Loss: 2438.781982	GenLoss: 2435.140137
Train Epoch: 28 [8320/9500 (87%)]	Loss: 2411.131104	GenLoss: 2407.664307
Train Epoch: 28 [8960/9500 (94%)]	Loss: 2452.576904	GenLoss: 2449.408447
====> Epoch: 28 Average loss: 2437.3642
====> Test set loss: 2515.1230
====> Generation loss: 2511.6947
Train Epoch: 29 [0/9500 (0%)]	Loss: 2311.023438	GenLoss: 2307.260254
Train Epoch: 29 [640/9500 (7%)]	Loss: 2588.075195	GenLoss: 2583.947754
Train Epoch: 29 [1280/9500 (13%)]	Loss: 2469.413574	GenLoss: 2465.105713
Train Epoch: 29 [1920/9500 (20%)]	Loss: 2341.151367	GenLoss: 2338.347412
Train Epoch: 29 [2560/9500 (27%)]	Loss: 2383.939453	GenLoss: 2380.310547
Train Epoch: 29 [3200/9500 (34%)]	Loss: 2429.964355	GenLoss: 2425.422607
Train Epoch: 29 [3840/9500 (40%)]	Loss: 2516.863770	GenLoss: 2512.918945
Train Epoch: 29 [4480/9500 (47%)]	Loss: 2470.178955	GenLoss: 2466.060303
Train Epoch: 29 [5120/9500 (54%)]	Loss: 2484.241699	GenLoss: 2481.090088
Train Epoch: 29 [5760/9500 (60%)]	Loss: 2547.628906	GenLoss: 2542.956543
Train Epoch: 29 [6400/9500 (67%)]	Loss: 2412.431396	GenLoss: 2409.134277
Train Epoch: 29 [7040/9500 (74%)]	Loss: 2591.333008	GenLoss: 2587.047607
Train Epoch: 29 [7680/9500 (81%)]	Loss: 2504.918701	GenLoss: 2501.757812
Train Epoch: 29 [8320/9500 (87%)]	Loss: 2458.715576	GenLoss: 2456.154785
Train Epoch: 29 [8960/9500 (94%)]	Loss: 2322.487549	GenLoss: 2319.111084
====> Epoch: 29 Average loss: 2437.0877
====> Test set loss: 2524.2747
====> Generation loss: 2519.8402
Train Epoch: 30 [0/9500 (0%)]	Loss: 2459.703369	GenLoss: 2457.054199
Train Epoch: 30 [640/9500 (7%)]	Loss: 2401.021729	GenLoss: 2398.192627
Train Epoch: 30 [1280/9500 (13%)]	Loss: 2444.846680	GenLoss: 2442.285889
Train Epoch: 30 [1920/9500 (20%)]	Loss: 2338.936768	GenLoss: 2336.112793
Train Epoch: 30 [2560/9500 (27%)]	Loss: 2349.109131	GenLoss: 2344.505127
Train Epoch: 30 [3200/9500 (34%)]	Loss: 2503.482178	GenLoss: 2498.681885
Train Epoch: 30 [3840/9500 (40%)]	Loss: 2467.540527	GenLoss: 2464.498535
Train Epoch: 30 [4480/9500 (47%)]	Loss: 2514.792236	GenLoss: 2511.872070
Train Epoch: 30 [5120/9500 (54%)]	Loss: 2427.950439	GenLoss: 2425.082275
Train Epoch: 30 [5760/9500 (60%)]	Loss: 2374.530029	GenLoss: 2370.946777
Train Epoch: 30 [6400/9500 (67%)]	Loss: 2437.173828	GenLoss: 2433.095215
Train Epoch: 30 [7040/9500 (74%)]	Loss: 2432.329590	GenLoss: 2429.487549
Train Epoch: 30 [7680/9500 (81%)]	Loss: 2381.363037	GenLoss: 2377.604248
Train Epoch: 30 [8320/9500 (87%)]	Loss: 2368.486084	GenLoss: 2365.199707
Train Epoch: 30 [8960/9500 (94%)]	Loss: 2445.486572	GenLoss: 2440.515625
====> Epoch: 30 Average loss: 2435.8253
/opt/anaconda3/lib/python3.7/site-packages/matplotlib/pyplot.py:514: RuntimeWarning: More than 20 figures have been opened. Figures created through the pyplot interface (`matplotlib.pyplot.figure`) are retained until explicitly closed and may consume too much memory. (To control this warning, see the rcParam `figure.max_open_warning`).
  max_open_warning, RuntimeWarning)
====> Test set loss: 2507.2170
====> Generation loss: 2503.7208
--- 3932.0886194705963 seconds ---
[t-SNE] Computing 91 nearest neighbors...
[t-SNE] Indexed 500 samples in 0.000s...
[t-SNE] Computed neighbors for 500 samples in 0.015s...
[t-SNE] Computed conditional probabilities for sample 500 / 500
[t-SNE] Mean sigma: 0.594827
[t-SNE] KL divergence after 250 iterations with early exaggeration: 70.924683
[t-SNE] KL divergence after 1000 iterations: 1.137903
----------------------------------------------------------------
        Layer (type)               Output Shape         Param #
================================================================
            Conv3d-1        [-1, 8, 18, 56, 56]           1,952
            Conv3d-2       [-1, 16, 16, 22, 22]          18,832
            Conv3d-3          [-1, 32, 4, 6, 6]          92,192
            Conv3d-4          [-1, 64, 2, 2, 2]         153,664
            Linear-5                   [-1, 16]           8,208
            Linear-6                   [-1, 16]           8,208
            Conv3d-7       [-1, 16, 20, 64, 64]           8,224
            Conv3d-8       [-1, 16, 20, 64, 64]           6,928
            Conv3d-9       [-1, 16, 20, 64, 64]           6,928
           Conv3d-10       [-1, 16, 20, 64, 64]           6,928
           Conv3d-11        [-1, 1, 20, 64, 64]              17
================================================================
Total params: 312,081
Trainable params: 312,081
Non-trainable params: 0
----------------------------------------------------------------
Input size (MB): 0.31
Forward/backward pass size (MB): 45.05
Params size (MB): 1.19
Estimated Total Size (MB): 46.56
----------------------------------------------------------------
Train Epoch: 1 [0/9500 (0%)]	Loss: 3467.728760	GenLoss: 3457.132568
Train Epoch: 1 [1280/9500 (13%)]	Loss: 3416.709473	GenLoss: 3407.571533
Train Epoch: 1 [2560/9500 (27%)]	Loss: 3605.387207	GenLoss: 3597.414795
Train Epoch: 1 [3840/9500 (40%)]	Loss: 3534.746094	GenLoss: 3527.706299
Train Epoch: 1 [5120/9500 (53%)]	Loss: 3553.563477	GenLoss: 3547.743896
Train Epoch: 1 [6400/9500 (67%)]	Loss: 3506.565674	GenLoss: 3501.623291
Train Epoch: 1 [7680/9500 (80%)]	Loss: 3554.437744	GenLoss: 3550.248779
Train Epoch: 1 [8960/9500 (93%)]	Loss: 3392.257324	GenLoss: 3388.714355
====> Epoch: 1 Average loss: 3496.3185
====> Test set loss: 3534.8778
====> Generation loss: 3531.5392
Train Epoch: 2 [0/9500 (0%)]	Loss: 3551.545654	GenLoss: 3548.283936
Train Epoch: 2 [1280/9500 (13%)]	Loss: 3607.233154	GenLoss: 3604.475830
Train Epoch: 2 [2560/9500 (27%)]	Loss: 3594.661133	GenLoss: 3592.233887
Train Epoch: 2 [3840/9500 (40%)]	Loss: 3368.719971	GenLoss: 3366.681641
Train Epoch: 2 [5120/9500 (53%)]	Loss: 3700.508545	GenLoss: 3709.178223
Train Epoch: 2 [6400/9500 (67%)]	Loss: 3440.850342	GenLoss: 3439.416260
Train Epoch: 2 [7680/9500 (80%)]	Loss: 3542.932373	GenLoss: 3541.689697
Train Epoch: 2 [8960/9500 (93%)]	Loss: 3479.591797	GenLoss: 3478.527588
====> Epoch: 2 Average loss: 3496.8041
====> Test set loss: 3535.4722
====> Generation loss: 3534.4653
Train Epoch: 3 [0/9500 (0%)]	Loss: 3443.025391	GenLoss: 3442.041992
Train Epoch: 3 [1280/9500 (13%)]	Loss: 3349.974609	GenLoss: 3349.135254
Train Epoch: 3 [2560/9500 (27%)]	Loss: 3601.816895	GenLoss: 3601.100098
Train Epoch: 3 [3840/9500 (40%)]	Loss: 3463.147461	GenLoss: 3462.533447
Train Epoch: 3 [5120/9500 (53%)]	Loss: 3482.406982	GenLoss: 3481.880127
Train Epoch: 3 [6400/9500 (67%)]	Loss: 3474.455566	GenLoss: 3474.001221
Train Epoch: 3 [7680/9500 (80%)]	Loss: 3595.647705	GenLoss: 3595.253906
Train Epoch: 3 [8960/9500 (93%)]	Loss: 3431.427002	GenLoss: 3431.085693
====> Epoch: 3 Average loss: 3494.1955
====> Test set loss: 3533.8252
====> Generation loss: 3533.4992
Train Epoch: 4 [0/9500 (0%)]	Loss: 3369.971680	GenLoss: 3369.653320
Train Epoch: 4 [1280/9500 (13%)]	Loss: 3612.301514	GenLoss: 3612.023926
Train Epoch: 4 [2560/9500 (27%)]	Loss: 3529.210693	GenLoss: 3528.967041
Train Epoch: 4 [3840/9500 (40%)]	Loss: 3592.207764	GenLoss: 3591.993652
Train Epoch: 4 [5120/9500 (53%)]	Loss: 3464.317627	GenLoss: 3464.128418
Train Epoch: 4 [6400/9500 (67%)]	Loss: 3433.126465	GenLoss: 3432.958252
Train Epoch: 4 [7680/9500 (80%)]	Loss: 3543.805908	GenLoss: 3543.656494
Train Epoch: 4 [8960/9500 (93%)]	Loss: 3382.945068	GenLoss: 3382.811035
====> Epoch: 4 Average loss: 3493.0263
====> Test set loss: 3532.8058
====> Generation loss: 3532.6758
Train Epoch: 5 [0/9500 (0%)]	Loss: 3440.870605	GenLoss: 3440.743408
Train Epoch: 5 [1280/9500 (13%)]	Loss: 3638.784668	GenLoss: 3638.669189
Train Epoch: 5 [2560/9500 (27%)]	Loss: 3373.695557	GenLoss: 3373.590576
Train Epoch: 5 [3840/9500 (40%)]	Loss: 3550.654541	GenLoss: 3550.559814
Train Epoch: 5 [5120/9500 (53%)]	Loss: 3602.073730	GenLoss: 3601.987305
Train Epoch: 5 [6400/9500 (67%)]	Loss: 3529.173340	GenLoss: 3529.099121
Train Epoch: 5 [7680/9500 (80%)]	Loss: 3404.553223	GenLoss: 3404.442383
Train Epoch: 5 [8960/9500 (93%)]	Loss: 3393.380127	GenLoss: 3393.195801
====> Epoch: 5 Average loss: 3496.2282
====> Test set loss: 3533.6453
====> Generation loss: 3533.4105
Train Epoch: 6 [0/9500 (0%)]	Loss: 3539.169922	GenLoss: 3538.973145
Train Epoch: 6 [1280/9500 (13%)]	Loss: 3489.311523	GenLoss: 3489.061035
Train Epoch: 6 [2560/9500 (27%)]	Loss: 3624.864014	GenLoss: 3624.637695
Train Epoch: 6 [3840/9500 (40%)]	Loss: 3391.128662	GenLoss: 3390.929688
Train Epoch: 6 [5120/9500 (53%)]	Loss: 3424.412842	GenLoss: 3424.237305
Train Epoch: 6 [6400/9500 (67%)]	Loss: 3427.708496	GenLoss: 3427.557617
Train Epoch: 6 [7680/9500 (80%)]	Loss: 3577.816895	GenLoss: 3577.686279
Train Epoch: 6 [8960/9500 (93%)]	Loss: 3374.671387	GenLoss: 3374.558350
====> Epoch: 6 Average loss: 3492.4873
====> Test set loss: 3532.2499
====> Generation loss: 3532.1402
Train Epoch: 7 [0/9500 (0%)]	Loss: 3525.865967	GenLoss: 3525.760254
Train Epoch: 7 [1280/9500 (13%)]	Loss: 3473.236816	GenLoss: 3473.145020
Train Epoch: 7 [2560/9500 (27%)]	Loss: 3500.466309	GenLoss: 3500.381592
Train Epoch: 7 [3840/9500 (40%)]	Loss: 3607.437500	GenLoss: 3607.363281
Train Epoch: 7 [5120/9500 (53%)]	Loss: 3445.932861	GenLoss: 3445.864258
Train Epoch: 7 [6400/9500 (67%)]	Loss: 3670.931641	GenLoss: 3670.701416
Train Epoch: 7 [7680/9500 (80%)]	Loss: 3360.403564	GenLoss: 3360.444092
Train Epoch: 7 [8960/9500 (93%)]	Loss: 3406.818359	GenLoss: 3406.654053
====> Epoch: 7 Average loss: 3496.9294
====> Test set loss: 3531.6353
====> Generation loss: 3531.4641
Train Epoch: 8 [0/9500 (0%)]	Loss: 3536.906006	GenLoss: 3536.737549
Train Epoch: 8 [1280/9500 (13%)]	Loss: 3524.062256	GenLoss: 3523.904785
Train Epoch: 8 [2560/9500 (27%)]	Loss: 3493.085205	GenLoss: 3492.945068
Train Epoch: 8 [3840/9500 (40%)]	Loss: 3451.010010	GenLoss: 3450.888672
Train Epoch: 8 [5120/9500 (53%)]	Loss: 3485.138428	GenLoss: 3484.551514
Train Epoch: 8 [6400/9500 (67%)]	Loss: 3505.251465	GenLoss: 3505.148682
Train Epoch: 8 [7680/9500 (80%)]	Loss: 3482.123535	GenLoss: 3481.988281
Train Epoch: 8 [8960/9500 (93%)]	Loss: 3429.079346	GenLoss: 3429.268066
====> Epoch: 8 Average loss: 3479.5174
====> Test set loss: 3480.4443
====> Generation loss: 3480.2045
Train Epoch: 9 [0/9500 (0%)]	Loss: 3468.911865	GenLoss: 3468.617676
Train Epoch: 9 [1280/9500 (13%)]	Loss: 3288.085938	GenLoss: 3287.182129
Train Epoch: 9 [2560/9500 (27%)]	Loss: 3151.566406	GenLoss: 3151.395020
Train Epoch: 9 [3840/9500 (40%)]	Loss: 3213.322510	GenLoss: 3212.972656
Train Epoch: 9 [5120/9500 (53%)]	Loss: 3291.427002	GenLoss: 3291.437012
Train Epoch: 9 [6400/9500 (67%)]	Loss: 3197.457031	GenLoss: 3196.997559
Train Epoch: 9 [7680/9500 (80%)]	Loss: 3199.529053	GenLoss: 3199.381348
Train Epoch: 9 [8960/9500 (93%)]	Loss: 3341.787598	GenLoss: 3341.520752
====> Epoch: 9 Average loss: 3286.6854
====> Test set loss: 3300.3966
====> Generation loss: 3300.1621
Train Epoch: 10 [0/9500 (0%)]	Loss: 3261.752197	GenLoss: 3261.533691
Train Epoch: 10 [1280/9500 (13%)]	Loss: 3173.162842	GenLoss: 3172.713623
Train Epoch: 10 [2560/9500 (27%)]	Loss: 3268.878418	GenLoss: 3268.619629
Train Epoch: 10 [3840/9500 (40%)]	Loss: 3155.263916	GenLoss: 3154.985352
Train Epoch: 10 [5120/9500 (53%)]	Loss: 3180.490967	GenLoss: 3180.229736
Train Epoch: 10 [6400/9500 (67%)]	Loss: 3121.053223	GenLoss: 3120.606201
Train Epoch: 10 [7680/9500 (80%)]	Loss: 3219.385498	GenLoss: 3219.222168
Train Epoch: 10 [8960/9500 (93%)]	Loss: 3099.297119	GenLoss: 3098.957275
====> Epoch: 10 Average loss: 3207.4623
====> Test set loss: 3231.7427
====> Generation loss: 3230.9792
Train Epoch: 11 [0/9500 (0%)]	Loss: 3032.512451	GenLoss: 3032.172119
Train Epoch: 11 [1280/9500 (13%)]	Loss: 3108.206299	GenLoss: 3107.989014
Train Epoch: 11 [2560/9500 (27%)]	Loss: 3108.101562	GenLoss: 3107.456543
Train Epoch: 11 [3840/9500 (40%)]	Loss: 3084.479736	GenLoss: 3084.197021
Train Epoch: 11 [5120/9500 (53%)]	Loss: 3128.596436	GenLoss: 3128.248291
Train Epoch: 11 [6400/9500 (67%)]	Loss: 3200.771973	GenLoss: 3200.520264
Train Epoch: 11 [7680/9500 (80%)]	Loss: 3131.840088	GenLoss: 3131.504883
Train Epoch: 11 [8960/9500 (93%)]	Loss: 3186.723633	GenLoss: 3186.605225
====> Epoch: 11 Average loss: 3135.8907
====> Test set loss: 3172.1504
====> Generation loss: 3171.7624
Train Epoch: 12 [0/9500 (0%)]	Loss: 3153.919678	GenLoss: 3153.851074
Train Epoch: 12 [1280/9500 (13%)]	Loss: 3200.259521	GenLoss: 3199.877686
Train Epoch: 12 [2560/9500 (27%)]	Loss: 3116.633057	GenLoss: 3116.243652
Train Epoch: 12 [3840/9500 (40%)]	Loss: 3054.436768	GenLoss: 3054.062744
Train Epoch: 12 [5120/9500 (53%)]	Loss: 3013.899170	GenLoss: 3013.712646
Train Epoch: 12 [6400/9500 (67%)]	Loss: 3134.937256	GenLoss: 3134.736084
Train Epoch: 12 [7680/9500 (80%)]	Loss: 2985.374512	GenLoss: 2985.175537
Train Epoch: 12 [8960/9500 (93%)]	Loss: 3060.545410	GenLoss: 3060.325195
====> Epoch: 12 Average loss: 3119.0013
====> Test set loss: 3147.6269
====> Generation loss: 3147.4329
Train Epoch: 13 [0/9500 (0%)]	Loss: 3030.313477	GenLoss: 3030.068359
Train Epoch: 13 [1280/9500 (13%)]	Loss: 3176.351074	GenLoss: 3176.105469
Train Epoch: 13 [2560/9500 (27%)]	Loss: 3037.163330	GenLoss: 3037.053467
Train Epoch: 13 [3840/9500 (40%)]	Loss: 3101.146973	GenLoss: 3101.236572
Train Epoch: 13 [5120/9500 (53%)]	Loss: 3104.464844	GenLoss: 3104.258301
Train Epoch: 13 [6400/9500 (67%)]	Loss: 3106.505615	GenLoss: 3106.263672
Train Epoch: 13 [7680/9500 (80%)]	Loss: 3164.734131	GenLoss: 3164.191162
Train Epoch: 13 [8960/9500 (93%)]	Loss: 3150.859375	GenLoss: 3150.661621
====> Epoch: 13 Average loss: 3103.0016
====> Test set loss: 3125.6102
====> Generation loss: 3125.1987
Train Epoch: 14 [0/9500 (0%)]	Loss: 3122.297852	GenLoss: 3122.089111
Train Epoch: 14 [1280/9500 (13%)]	Loss: 3027.999512	GenLoss: 3027.587646
Train Epoch: 14 [2560/9500 (27%)]	Loss: 3026.509766	GenLoss: 3026.281494
Train Epoch: 14 [3840/9500 (40%)]	Loss: 3048.541504	GenLoss: 3048.101807
Train Epoch: 14 [5120/9500 (53%)]	Loss: 3053.135986	GenLoss: 3052.843994
Train Epoch: 14 [6400/9500 (67%)]	Loss: 3019.644775	GenLoss: 3019.191650
Train Epoch: 14 [7680/9500 (80%)]	Loss: 3146.366943	GenLoss: 3145.291992
Train Epoch: 14 [8960/9500 (93%)]	Loss: 3051.509033	GenLoss: 3051.376709
====> Epoch: 14 Average loss: 3083.0489
====> Test set loss: 3098.5990
====> Generation loss: 3097.9285
Train Epoch: 15 [0/9500 (0%)]	Loss: 3019.204102	GenLoss: 3018.905762
Train Epoch: 15 [1280/9500 (13%)]	Loss: 2904.900635	GenLoss: 2904.917236
Train Epoch: 15 [2560/9500 (27%)]	Loss: 3031.312256	GenLoss: 3032.138428
Train Epoch: 15 [3840/9500 (40%)]	Loss: 3100.727783	GenLoss: 3099.914795
Train Epoch: 15 [5120/9500 (53%)]	Loss: 3002.800537	GenLoss: 3001.645020
Train Epoch: 15 [6400/9500 (67%)]	Loss: 2978.140625	GenLoss: 2977.267334
Train Epoch: 15 [7680/9500 (80%)]	Loss: 2831.539307	GenLoss: 2830.762207
Train Epoch: 15 [8960/9500 (93%)]	Loss: 2975.446045	GenLoss: 2974.420166
====> Epoch: 15 Average loss: 2994.4060
====> Test set loss: 2970.8899
====> Generation loss: 2970.0409
Train Epoch: 16 [0/9500 (0%)]	Loss: 2884.341309	GenLoss: 2883.520020
Train Epoch: 16 [1280/9500 (13%)]	Loss: 2998.306885	GenLoss: 2998.080811
Train Epoch: 16 [2560/9500 (27%)]	Loss: 2852.599365	GenLoss: 2851.734619
Train Epoch: 16 [3840/9500 (40%)]	Loss: 3023.515625	GenLoss: 3022.853516
Train Epoch: 16 [5120/9500 (53%)]	Loss: 2910.573975	GenLoss: 2909.628662
Train Epoch: 16 [6400/9500 (67%)]	Loss: 2937.788330	GenLoss: 2936.934082
Train Epoch: 16 [7680/9500 (80%)]	Loss: 2803.795898	GenLoss: 2803.192139
Train Epoch: 16 [8960/9500 (93%)]	Loss: 2825.745117	GenLoss: 2825.028076
====> Epoch: 16 Average loss: 2924.1432
====> Test set loss: 2941.4881
====> Generation loss: 2940.5559
Train Epoch: 17 [0/9500 (0%)]	Loss: 2850.616211	GenLoss: 2849.901611
Train Epoch: 17 [1280/9500 (13%)]	Loss: 2871.984619	GenLoss: 2870.948975
Train Epoch: 17 [2560/9500 (27%)]	Loss: 2991.538330	GenLoss: 2991.143799
Train Epoch: 17 [3840/9500 (40%)]	Loss: 2974.230225	GenLoss: 2973.104492
Train Epoch: 17 [5120/9500 (53%)]	Loss: 2885.580566	GenLoss: 2884.629883
Train Epoch: 17 [6400/9500 (67%)]	Loss: 2830.930176	GenLoss: 2830.104980
Train Epoch: 17 [7680/9500 (80%)]	Loss: 2906.688721	GenLoss: 2905.846924
Train Epoch: 17 [8960/9500 (93%)]	Loss: 2965.160156	GenLoss: 2964.031738
====> Epoch: 17 Average loss: 2906.8860
====> Test set loss: 2914.7624
====> Generation loss: 2913.7359
Train Epoch: 18 [0/9500 (0%)]	Loss: 2844.717285	GenLoss: 2843.654785
Train Epoch: 18 [1280/9500 (13%)]	Loss: 2814.739014	GenLoss: 2813.785645
Train Epoch: 18 [2560/9500 (27%)]	Loss: 2868.885010	GenLoss: 2868.042725
Train Epoch: 18 [3840/9500 (40%)]	Loss: 2998.860596	GenLoss: 2997.693115
Train Epoch: 18 [5120/9500 (53%)]	Loss: 2877.977295	GenLoss: 2876.868164
Train Epoch: 18 [6400/9500 (67%)]	Loss: 2868.364746	GenLoss: 2867.463623
Train Epoch: 18 [7680/9500 (80%)]	Loss: 2805.631104	GenLoss: 2804.154053
Train Epoch: 18 [8960/9500 (93%)]	Loss: 2841.710449	GenLoss: 2840.618408
====> Epoch: 18 Average loss: 2859.6268
====> Test set loss: 2879.4354
====> Generation loss: 2878.0196
Train Epoch: 19 [0/9500 (0%)]	Loss: 2858.802734	GenLoss: 2857.713379
Train Epoch: 19 [1280/9500 (13%)]	Loss: 2817.890625	GenLoss: 2816.426025
Train Epoch: 19 [2560/9500 (27%)]	Loss: 2871.064697	GenLoss: 2869.807861
Train Epoch: 19 [3840/9500 (40%)]	Loss: 2753.854004	GenLoss: 2752.529785
Train Epoch: 19 [5120/9500 (53%)]	Loss: 2778.873047	GenLoss: 2777.462402
Train Epoch: 19 [6400/9500 (67%)]	Loss: 2832.827881	GenLoss: 2831.533936
Train Epoch: 19 [7680/9500 (80%)]	Loss: 2806.514404	GenLoss: 2805.031494
Train Epoch: 19 [8960/9500 (93%)]	Loss: 2948.707520	GenLoss: 2946.912598
====> Epoch: 19 Average loss: 2813.4588
====> Test set loss: 2963.8024
====> Generation loss: 2962.1571
Train Epoch: 20 [0/9500 (0%)]	Loss: 2854.162109	GenLoss: 2852.451904
Train Epoch: 20 [1280/9500 (13%)]	Loss: 2867.538818	GenLoss: 2866.638428
Train Epoch: 20 [2560/9500 (27%)]	Loss: 2768.793457	GenLoss: 2767.170410
Train Epoch: 20 [3840/9500 (40%)]	Loss: 2856.599854	GenLoss: 2855.011475
Train Epoch: 20 [5120/9500 (53%)]	Loss: 2780.721436	GenLoss: 2779.258301
Train Epoch: 20 [6400/9500 (67%)]	Loss: 2867.658691	GenLoss: 2866.015137
Train Epoch: 20 [7680/9500 (80%)]	Loss: 2770.378662	GenLoss: 2768.637451
Train Epoch: 20 [8960/9500 (93%)]	Loss: 2656.801270	GenLoss: 2654.748779
====> Epoch: 20 Average loss: 2780.9098
====> Test set loss: 2836.6751
====> Generation loss: 2834.8476
Train Epoch: 21 [0/9500 (0%)]	Loss: 2794.839600	GenLoss: 2794.566406
Train Epoch: 21 [1280/9500 (13%)]	Loss: 2809.063721	GenLoss: 2807.589844
Train Epoch: 21 [2560/9500 (27%)]	Loss: 2709.376709	GenLoss: 2707.305908
Train Epoch: 21 [3840/9500 (40%)]	Loss: 2729.829834	GenLoss: 2727.743164
Train Epoch: 21 [5120/9500 (53%)]	Loss: 2691.512451	GenLoss: 2689.468750
Train Epoch: 21 [6400/9500 (67%)]	Loss: 2862.496582	GenLoss: 2859.823242
Train Epoch: 21 [7680/9500 (80%)]	Loss: 2687.807861	GenLoss: 2685.688477
Train Epoch: 21 [8960/9500 (93%)]	Loss: 2742.362061	GenLoss: 2740.731934
====> Epoch: 21 Average loss: 2743.3377
====> Test set loss: 2817.1441
====> Generation loss: 2814.6169
Train Epoch: 22 [0/9500 (0%)]	Loss: 2739.924805	GenLoss: 2738.179443
Train Epoch: 22 [1280/9500 (13%)]	Loss: 2738.134766	GenLoss: 2736.600586
Train Epoch: 22 [2560/9500 (27%)]	Loss: 2708.312988	GenLoss: 2706.464600
Train Epoch: 22 [3840/9500 (40%)]	Loss: 2664.460938	GenLoss: 2662.071777
Train Epoch: 22 [5120/9500 (53%)]	Loss: 2677.839111	GenLoss: 2676.006348
Train Epoch: 22 [6400/9500 (67%)]	Loss: 2740.359375	GenLoss: 2738.789062
Train Epoch: 22 [7680/9500 (80%)]	Loss: 2738.484375	GenLoss: 2736.431641
Train Epoch: 22 [8960/9500 (93%)]	Loss: 2711.403564	GenLoss: 2709.697754
====> Epoch: 22 Average loss: 2708.6542
====> Test set loss: 2739.9537
====> Generation loss: 2737.7304
Train Epoch: 23 [0/9500 (0%)]	Loss: 2735.442627	GenLoss: 2733.723389
Train Epoch: 23 [1280/9500 (13%)]	Loss: 2591.531494	GenLoss: 2590.218262
Train Epoch: 23 [2560/9500 (27%)]	Loss: 2736.493896	GenLoss: 2734.452393
Train Epoch: 23 [3840/9500 (40%)]	Loss: 2698.622803	GenLoss: 2696.736084
Train Epoch: 23 [5120/9500 (53%)]	Loss: 2683.364258	GenLoss: 2681.654785
Train Epoch: 23 [6400/9500 (67%)]	Loss: 2572.719482	GenLoss: 2570.643799
Train Epoch: 23 [7680/9500 (80%)]	Loss: 2657.017090	GenLoss: 2655.027832
Train Epoch: 23 [8960/9500 (93%)]	Loss: 2711.396240	GenLoss: 2709.189697
====> Epoch: 23 Average loss: 2677.7204
====> Test set loss: 2704.9517
====> Generation loss: 2703.1549
Train Epoch: 24 [0/9500 (0%)]	Loss: 2641.556152	GenLoss: 2639.994141
Train Epoch: 24 [1280/9500 (13%)]	Loss: 2576.779541	GenLoss: 2574.200439
Train Epoch: 24 [2560/9500 (27%)]	Loss: 2613.796143	GenLoss: 2611.444580
Train Epoch: 24 [3840/9500 (40%)]	Loss: 2608.371826	GenLoss: 2605.842041
Train Epoch: 24 [5120/9500 (53%)]	Loss: 2632.082764	GenLoss: 2629.864258
Train Epoch: 24 [6400/9500 (67%)]	Loss: 2667.979492	GenLoss: 2666.756104
Train Epoch: 24 [7680/9500 (80%)]	Loss: 2614.781494	GenLoss: 2612.315430
Train Epoch: 24 [8960/9500 (93%)]	Loss: 2591.938232	GenLoss: 2590.014893
====> Epoch: 24 Average loss: 2648.9487
====> Test set loss: 2720.8858
====> Generation loss: 2719.1043
Train Epoch: 25 [0/9500 (0%)]	Loss: 2676.181396	GenLoss: 2674.529785
Train Epoch: 25 [1280/9500 (13%)]	Loss: 2523.673340	GenLoss: 2521.694092
Train Epoch: 25 [2560/9500 (27%)]	Loss: 2678.566406	GenLoss: 2676.271484
Train Epoch: 25 [3840/9500 (40%)]	Loss: 2658.243164	GenLoss: 2656.326904
Train Epoch: 25 [5120/9500 (53%)]	Loss: 2691.178223	GenLoss: 2689.255859
Train Epoch: 25 [6400/9500 (67%)]	Loss: 2594.771729	GenLoss: 2592.479980
Train Epoch: 25 [7680/9500 (80%)]	Loss: 2644.302979	GenLoss: 2642.357666
Train Epoch: 25 [8960/9500 (93%)]	Loss: 2555.770752	GenLoss: 2554.046387
====> Epoch: 25 Average loss: 2639.8900
====> Test set loss: 2717.5054
====> Generation loss: 2715.8256
Train Epoch: 26 [0/9500 (0%)]	Loss: 2767.634277	GenLoss: 2765.644531
Train Epoch: 26 [1280/9500 (13%)]	Loss: 2656.257812	GenLoss: 2654.411865
Train Epoch: 26 [2560/9500 (27%)]	Loss: 2549.484375	GenLoss: 2547.474365
Train Epoch: 26 [3840/9500 (40%)]	Loss: 2607.159180	GenLoss: 2604.830078
Train Epoch: 26 [5120/9500 (53%)]	Loss: 2539.316406	GenLoss: 2537.606445
Train Epoch: 26 [6400/9500 (67%)]	Loss: 2695.521484	GenLoss: 2693.240723
Train Epoch: 26 [7680/9500 (80%)]	Loss: 2585.369629	GenLoss: 2583.246094
Train Epoch: 26 [8960/9500 (93%)]	Loss: 2578.851562	GenLoss: 2577.008545
====> Epoch: 26 Average loss: 2622.9407
====> Test set loss: 2673.7469
====> Generation loss: 2671.9031
Train Epoch: 27 [0/9500 (0%)]	Loss: 2681.395752	GenLoss: 2679.754883
Train Epoch: 27 [1280/9500 (13%)]	Loss: 2644.823730	GenLoss: 2643.698242
Train Epoch: 27 [2560/9500 (27%)]	Loss: 2563.881348	GenLoss: 2561.509277
Train Epoch: 27 [3840/9500 (40%)]	Loss: 2637.523438	GenLoss: 2635.335693
Train Epoch: 27 [5120/9500 (53%)]	Loss: 2564.842285	GenLoss: 2562.858154
Train Epoch: 27 [6400/9500 (67%)]	Loss: 2517.954590	GenLoss: 2515.720703
Train Epoch: 27 [7680/9500 (80%)]	Loss: 2594.728271	GenLoss: 2592.620361
Train Epoch: 27 [8960/9500 (93%)]	Loss: 2561.519287	GenLoss: 2559.192871
====> Epoch: 27 Average loss: 2616.1520
====> Test set loss: 2677.7106
====> Generation loss: 2674.8816
Train Epoch: 28 [0/9500 (0%)]	Loss: 2743.312256	GenLoss: 2741.184814
Train Epoch: 28 [1280/9500 (13%)]	Loss: 2620.553467	GenLoss: 2618.288818
Train Epoch: 28 [2560/9500 (27%)]	Loss: 2643.153076	GenLoss: 2639.881836
Train Epoch: 28 [3840/9500 (40%)]	Loss: 2693.076172	GenLoss: 2690.378906
Train Epoch: 28 [5120/9500 (53%)]	Loss: 2721.975098	GenLoss: 2719.889160
Train Epoch: 28 [6400/9500 (67%)]	Loss: 2613.189209	GenLoss: 2610.996338
Train Epoch: 28 [7680/9500 (80%)]	Loss: 2672.011719	GenLoss: 2670.248535
Train Epoch: 28 [8960/9500 (93%)]	Loss: 2504.825439	GenLoss: 2502.931641
====> Epoch: 28 Average loss: 2600.0610
====> Test set loss: 2702.4652
====> Generation loss: 2699.4487
Train Epoch: 29 [0/9500 (0%)]	Loss: 2625.969238	GenLoss: 2623.584717
Train Epoch: 29 [1280/9500 (13%)]	Loss: 2694.312012	GenLoss: 2692.704834
Train Epoch: 29 [2560/9500 (27%)]	Loss: 2507.679443	GenLoss: 2505.446777
Train Epoch: 29 [3840/9500 (40%)]	Loss: 2708.210693	GenLoss: 2706.088135
Train Epoch: 29 [5120/9500 (53%)]	Loss: 2634.270020	GenLoss: 2632.020996
Train Epoch: 29 [6400/9500 (67%)]	Loss: 2577.934570	GenLoss: 2575.668213
Train Epoch: 29 [7680/9500 (80%)]	Loss: 2631.040039	GenLoss: 2629.034668
Train Epoch: 29 [8960/9500 (93%)]	Loss: 2608.571045	GenLoss: 2606.374512
====> Epoch: 29 Average loss: 2599.8109
====> Test set loss: 2641.6011
====> Generation loss: 2639.3838
Train Epoch: 30 [0/9500 (0%)]	Loss: 2547.355957	GenLoss: 2545.591064
Train Epoch: 30 [1280/9500 (13%)]	Loss: 2560.293945	GenLoss: 2557.876709
Train Epoch: 30 [2560/9500 (27%)]	Loss: 2504.547363	GenLoss: 2502.814941
Train Epoch: 30 [3840/9500 (40%)]	Loss: 2602.553955	GenLoss: 2600.409912
Train Epoch: 30 [5120/9500 (53%)]	Loss: 2509.026855	GenLoss: 2506.881104
Train Epoch: 30 [6400/9500 (67%)]	Loss: 2544.096680	GenLoss: 2542.194824
Train Epoch: 30 [7680/9500 (80%)]	Loss: 2552.088379	GenLoss: 2550.126465
Train Epoch: 30 [8960/9500 (93%)]	Loss: 2618.062012	GenLoss: 2615.728516
====> Epoch: 30 Average loss: 2585.6647
/opt/anaconda3/lib/python3.7/site-packages/matplotlib/pyplot.py:514: RuntimeWarning: More than 20 figures have been opened. Figures created through the pyplot interface (`matplotlib.pyplot.figure`) are retained until explicitly closed and may consume too much memory. (To control this warning, see the rcParam `figure.max_open_warning`).
  max_open_warning, RuntimeWarning)
====> Test set loss: 2652.4544
====> Generation loss: 2650.3347
--- 2954.938063621521 seconds ---
[t-SNE] Computing 91 nearest neighbors...
[t-SNE] Indexed 500 samples in 0.000s...
[t-SNE] Computed neighbors for 500 samples in 0.015s...
[t-SNE] Computed conditional probabilities for sample 500 / 500
[t-SNE] Mean sigma: 0.875546
[t-SNE] KL divergence after 250 iterations with early exaggeration: 68.993462
[t-SNE] KL divergence after 1000 iterations: 1.027902
----------------------------------------------------------------
        Layer (type)               Output Shape         Param #
================================================================
            Conv3d-1        [-1, 8, 18, 56, 56]           1,952
            Conv3d-2       [-1, 16, 16, 22, 22]          18,832
            Conv3d-3          [-1, 32, 4, 6, 6]          92,192
            Conv3d-4          [-1, 64, 2, 2, 2]         153,664
            Linear-5                   [-1, 16]           8,208
            Linear-6                   [-1, 16]           8,208
            Conv3d-7       [-1, 16, 20, 64, 64]           8,224
            Conv3d-8       [-1, 16, 20, 64, 64]           6,928
            Conv3d-9       [-1, 16, 20, 64, 64]           6,928
           Conv3d-10       [-1, 16, 20, 64, 64]           6,928
           Conv3d-11        [-1, 1, 20, 64, 64]              17
================================================================
Total params: 312,081
Trainable params: 312,081
Non-trainable params: 0
----------------------------------------------------------------
Input size (MB): 0.31
Forward/backward pass size (MB): 45.05
Params size (MB): 1.19
Estimated Total Size (MB): 46.56
----------------------------------------------------------------
Traceback (most recent call last):
  File "3DConv.py", line 360, in <module>
    train(epoch)
  File "3DConv.py", line 282, in train
    loss = model.loss_function(recon_batch, data, mu, logvar, z, pseudos, recon_pseudos, p_mu, p_logvar, p_z)
  File "3DConv.py", line 171, in loss_function
    plog_p_z = self.log_p_z(p_z)
  File "3DConv.py", line 135, in log_p_z
    z_p_mean, z_p_logvar = self.q_z(x.view(-1, 1, self.input_depth, self.input_length, self.input_length))
  File "3DConv.py", line 78, in q_z
    x = F.max_pool3d(LeakyReLU(0.1)(self.conv1(x)), (1,2,2))
  File "/opt/anaconda3/lib/python3.7/site-packages/torch/nn/modules/module.py", line 493, in __call__
    result = self.forward(*input, **kwargs)
  File "/opt/anaconda3/lib/python3.7/site-packages/torch/nn/modules/activation.py", line 561, in forward
    return F.leaky_relu(input, self.negative_slope, self.inplace)
  File "/opt/anaconda3/lib/python3.7/site-packages/torch/nn/functional.py", line 1099, in leaky_relu
    result = torch._C._nn.leaky_relu(input, negative_slope)
RuntimeError: CUDA out of memory. Tried to allocate 44.00 MiB (GPU 0; 15.75 GiB total capacity; 14.72 GiB already allocated; 12.94 MiB free; 34.91 MiB cached)
