task_queue.sh: line 5: task_queue2.sh: command not found
task_queue.sh: line 6: task_queue3.sh: command not found
usage: VtPVAE.py [-h] [--batch-size N] [--no-cuda] [--seed S] [--testSplit %]
                 [--source S] [--epochs N] [--log-interval N] [--save s]
                 [--load l] [--beta b] [--pseudos p] [--lsdim ld] [--gamma g]
                 [--lr lr] [--dbscan] [--graph] [--input_length il] [--repeat]
                 [--pp pp]
VtPVAE.py: error: argument --log-interval: invalid int value: 'obs8/lr1'
usage: VtPVAE.py [-h] [--batch-size N] [--no-cuda] [--seed S] [--testSplit %]
                 [--source S] [--epochs N] [--log-interval N] [--save s]
                 [--load l] [--beta b] [--pseudos p] [--lsdim ld] [--gamma g]
                 [--lr lr] [--dbscan] [--graph] [--input_length il] [--repeat]
                 [--pp pp]
VtPVAE.py: error: argument --log-interval: invalid int value: 'obs8/lr2'
usage: VtPVAE.py [-h] [--batch-size N] [--no-cuda] [--seed S] [--testSplit %]
                 [--source S] [--epochs N] [--log-interval N] [--save s]
                 [--load l] [--beta b] [--pseudos p] [--lsdim ld] [--gamma g]
                 [--lr lr] [--dbscan] [--graph] [--input_length il] [--repeat]
                 [--pp pp]
VtPVAE.py: error: argument --log-interval: invalid int value: 'obs8/lr3'
usage: VtPVAE.py [-h] [--batch-size N] [--no-cuda] [--seed S] [--testSplit %]
                 [--source S] [--epochs N] [--log-interval N] [--save s]
                 [--load l] [--beta b] [--pseudos p] [--lsdim ld] [--gamma g]
                 [--lr lr] [--dbscan] [--graph] [--input_length il] [--repeat]
                 [--pp pp]
VtPVAE.py: error: argument --log-interval: invalid int value: 'obs8/lr4'
usage: VtPVAE.py [-h] [--batch-size N] [--no-cuda] [--seed S] [--testSplit %]
                 [--source S] [--epochs N] [--log-interval N] [--save s]
                 [--load l] [--beta b] [--pseudos p] [--lsdim ld] [--gamma g]
                 [--lr lr] [--dbscan] [--graph] [--input_length il] [--repeat]
                 [--pp pp]
VtPVAE.py: error: argument --log-interval: invalid int value: 'obs8/lr5'
usage: VtPVAE.py [-h] [--batch-size N] [--no-cuda] [--seed S] [--testSplit %]
                 [--source S] [--epochs N] [--log-interval N] [--save s]
                 [--load l] [--beta b] [--pseudos p] [--lsdim ld] [--gamma g]
                 [--lr lr] [--dbscan] [--graph] [--input_length il] [--repeat]
                 [--pp pp]
VtPVAE.py: error: argument --log-interval: invalid int value: 'obs8/lr6'
